#
# A fatal error has been detected by the Java Runtime Environment:
#
#  EXCEPTION_ACCESS_VIOLATION (0xc0000005) at pc=0x669bb7f5, pid=7852, tid=0x00001acc
#
# JRE version: Java(TM) SE Runtime Environment (8.0_111-b14) (build 1.8.0_111-b14)
# Java VM: Java HotSpot(TM) Client VM (25.111-b14 mixed mode windows-x86 )
# Problematic frame:
# C  [bwapi_bridge2_5.dll+0x9b7f5]
#
# Failed to write core dump. Minidumps are not enabled by default on client versions of Windows
#
# If you would like to submit a bug report, please visit:
#   http://bugreport.java.com/bugreport/crash.jsp
# The crash happened outside the Java Virtual Machine in native code.
# See problematic frame for where to report the bug.
#

---------------  T H R E A D  ---------------

Current thread (0x0231bc00):  JavaThread "main" [_thread_in_native, id=6860, stack(0x02360000,0x023b0000)]

siginfo: ExceptionCode=0xc0000005, writing address 0x171cd000

Registers:
EAX=0x00010554, EBX=0x0231bc00, ECX=0x15250000, EDX=0x0095d270
ESP=0x023adf4c, EBP=0x023adfd0, ESI=0x176ba2dc, EDI=0x023ae048
EIP=0x669bb7f5, EFLAGS=0x00010206

Top of Stack: (sp=0x023adf4c)
0x023adf4c:   ae8d0213 023ae048 176ba2dc 023adf48
0x023adf5c:   00000000 0000000f 176ba2dc 77d6e93e
0x023adf6c:   17412a08 0000000a 00000005 ffffffff
0x023adf7c:   000001c7 00000187 00000000 00000000
0x023adf8c:   0000000f 00000000 023ae048 66af013c
0x023adf9c:   176ba2dc 0000000a 00000000 000001c7
0x023adfac:   00000187 00000000 ffffffff ffffffff
0x023adfbc:   00962550 0231bc00 023ae2b4 66acc4c0 

Instructions: (pc=0x669bb7f5)
0x669bb7d5:   0f 6f 44 24 24 8b 4a 14 8b 81 48 a5 ef 01 8d 04
0x669bb7e5:   40 f3 0f 7f 84 c1 4c a5 ef 01 f3 0f 7e 44 24 34
0x669bb7f5:   66 0f d6 84 c1 5c a5 ef 01 8b ca 8b 42 14 ff 80
0x669bb805:   48 a5 ef 01 8b 02 8b 40 50 ff d0 f3 0f 6f 45 08 


Register to memory mapping:

EAX=0x00010554 is an unknown value
EBX=0x0231bc00 is a thread
ECX=0x15250000 is an unknown value
EDX=0x0095d270 is an unknown value
ESP=0x023adf4c is pointing into the stack for thread: 0x0231bc00
EBP=0x023adfd0 is pointing into the stack for thread: 0x0231bc00
ESI=0x176ba2dc is an unknown value
EDI=0x023ae048 is pointing into the stack for thread: 0x0231bc00


Stack: [0x02360000,0x023b0000],  sp=0x023adf4c,  free space=311k
Native frames: (J=compiled Java code, j=interpreted, Vv=VM code, C=native code)
C  [bwapi_bridge2_5.dll+0x9b7f5]
C  [bwapi_bridge2_5.dll+0x397cd]
J 93  bwapi.Unit.move_native(JLbwapi/Position;)Z (0 bytes) @ 0x0262c638 [0x0262c590+0xa8]
J 86 C1 Qlearning.run()V (371 bytes) @ 0x02629be4 [0x026297c0+0x424]
j  project.onFrame()V+119
j  bwapi.AIModule.onFrame()V+11
v  ~StubRoutines::call_stub
V  [jvm.dll+0x15a895]
V  [jvm.dll+0x220bfe]
V  [jvm.dll+0x15a92e]
V  [jvm.dll+0xdc7cb]
V  [jvm.dll+0xdf75c]
C  [bwapi_bridge2_5.dll+0x1b20d]
C  [bwapi_bridge2_5.dll+0x75101]
j  bwapi.Mirror.startGame()V+0
j  project.run()V+15
j  project.main([Ljava/lang/String;)V+7
v  ~StubRoutines::call_stub
V  [jvm.dll+0x15a895]
V  [jvm.dll+0x220bfe]
V  [jvm.dll+0x15a92e]
V  [jvm.dll+0xdc597]
V  [jvm.dll+0xe4b2f]
C  [javaw.exe+0x22ab]
C  [javaw.exe+0xaecf]
C  [javaw.exe+0xaf59]
C  [KERNEL32.DLL+0x162c4]
C  [ntdll.dll+0x60719]
C  [ntdll.dll+0x606e4]
C  0x00000000

Java frames: (J=compiled Java code, j=interpreted, Vv=VM code)
J 93  bwapi.Unit.move_native(JLbwapi/Position;)Z (0 bytes) @ 0x0262c5f4 [0x0262c590+0x64]
J 86 C1 Qlearning.run()V (371 bytes) @ 0x02629be4 [0x026297c0+0x424]
j  project.onFrame()V+119
j  bwapi.AIModule.onFrame()V+11
v  ~StubRoutines::call_stub
j  bwapi.Mirror.startGame()V+0
j  project.run()V+15
j  project.main([Ljava/lang/String;)V+7
v  ~StubRoutines::call_stub

---------------  P R O C E S S  ---------------

Java Threads: ( => current thread )
  0x14b7b000 JavaThread "Service Thread" daemon [_thread_blocked, id=3164, stack(0x15150000,0x151a0000)]
  0x14b77800 JavaThread "C1 CompilerThread0" daemon [_thread_blocked, id=13996, stack(0x150c0000,0x15110000)]
  0x14b73400 JavaThread "Attach Listener" daemon [_thread_blocked, id=7324, stack(0x15030000,0x15080000)]
  0x14b7d400 JavaThread "Signal Dispatcher" daemon [_thread_blocked, id=4240, stack(0x14fa0000,0x14ff0000)]
  0x14b69400 JavaThread "Finalizer" daemon [_thread_blocked, id=13844, stack(0x14e20000,0x14e70000)]
  0x14b53c00 JavaThread "Reference Handler" daemon [_thread_blocked, id=8900, stack(0x14d90000,0x14de0000)]
=>0x0231bc00 JavaThread "main" [_thread_in_native, id=6860, stack(0x02360000,0x023b0000)]

Other Threads:
  0x0256c000 VMThread [stack: 0x14b00000,0x14b50000] [id=8208]
  0x14ba5800 WatcherThread [stack: 0x151e0000,0x15230000] [id=9888]

VM state:not at safepoint (normal execution)

VM Mutex/Monitor currently owned by a thread: None

Heap:
 def new generation   total 4928K, used 3977K [0x04600000, 0x04b50000, 0x09b50000)
  eden space 4416K,  89% used [0x04600000, 0x049e1690, 0x04a50000)
  from space 512K,   0% used [0x04a50000, 0x04a50f20, 0x04ad0000)
  to   space 512K,   0% used [0x04ad0000, 0x04ad0000, 0x04b50000)
 tenured generation   total 10944K, used 355K [0x09b50000, 0x0a600000, 0x14600000)
   the space 10944K,   3% used [0x09b50000, 0x09ba8dd0, 0x09ba8e00, 0x0a600000)
 Metaspace       used 2058K, capacity 2600K, committed 2624K, reserved 4480K

Card table byte_map: [0x04570000,0x04600000] byte_map_base: 0x0454d000

Polling page: 0x02300000

CodeCache: size=32768Kb used=756Kb max_used=756Kb free=32011Kb
 bounds [0x02570000, 0x02630000, 0x04570000]
 total_blobs=242 nmethods=95 adapters=78
 compilation: enabled

Compilation events (10 events):
Event: 13.898 Thread 0x14b77800   90             java.util.Random::nextInt (74 bytes)
Event: 13.898 Thread 0x14b77800 nmethod 90 0x0262bb88 code [0x0262bcb0, 0x0262be84]
Event: 13.898 Thread 0x14b77800   91             java.util.Random::next (47 bytes)
Event: 13.898 Thread 0x14b77800 nmethod 91 0x0262bfc8 code [0x0262c0c0, 0x0262c200]
Event: 13.959 Thread 0x14b77800   92             java.util.HashMap::afterNodeAccess (1 bytes)
Event: 13.959 Thread 0x14b77800 nmethod 92 0x0262c2c8 code [0x0262c3c0, 0x0262c440]
Event: 15.630 Thread 0x14b77800   94             java.lang.String::getChars (62 bytes)
Event: 15.630 Thread 0x14b77800 nmethod 94 0x0262c748 code [0x0262c880, 0x0262caa0]
Event: 19.484 Thread 0x14b77800   95             java.lang.AbstractStringBuilder::append (50 bytes)
Event: 19.485 Thread 0x14b77800 nmethod 95 0x0262cc88 code [0x0262cdc0, 0x0262d020]

GC Heap History (10 events):
Event: 19.995 GC heap before
{Heap before GC invocations=5 (full 0):
 def new generation   total 4928K, used 4419K [0x04600000, 0x04b50000, 0x09b50000)
  eden space 4416K, 100% used [0x04600000, 0x04a50000, 0x04a50000)
  from space 512K,   0% used [0x04ad0000, 0x04ad0e28, 0x04b50000)
  to   space 512K,   0% used [0x04a50000, 0x04a50000, 0x04ad0000)
 tenured generation   total 10944K, used 355K [0x09b50000, 0x0a600000, 0x14600000)
   the space 10944K,   3% used [0x09b50000, 0x09ba8dd0, 0x09ba8e00, 0x0a600000)
 Metaspace       used 2058K, capacity 2600K, committed 2624K, reserved 4480K
Event: 19.995 GC heap after
Heap after GC invocations=6 (full 0):
 def new generation   total 4928K, used 3K [0x04600000, 0x04b50000, 0x09b50000)
  eden space 4416K,   0% used [0x04600000, 0x04600000, 0x04a50000)
  from space 512K,   0% used [0x04a50000, 0x04a50ea8, 0x04ad0000)
  to   space 512K,   0% used [0x04ad0000, 0x04ad0000, 0x04b50000)
 tenured generation   total 10944K, used 355K [0x09b50000, 0x0a600000, 0x14600000)
   the space 10944K,   3% used [0x09b50000, 0x09ba8dd0, 0x09ba8e00, 0x0a600000)
 Metaspace       used 2058K, capacity 2600K, committed 2624K, reserved 4480K
}
Event: 20.130 GC heap before
{Heap before GC invocations=6 (full 0):
 def new generation   total 4928K, used 4419K [0x04600000, 0x04b50000, 0x09b50000)
  eden space 4416K, 100% used [0x04600000, 0x04a50000, 0x04a50000)
  from space 512K,   0% used [0x04a50000, 0x04a50ea8, 0x04ad0000)
  to   space 512K,   0% used [0x04ad0000, 0x04ad0000, 0x04b50000)
 tenured generation   total 10944K, used 355K [0x09b50000, 0x0a600000, 0x14600000)
   the space 10944K,   3% used [0x09b50000, 0x09ba8dd0, 0x09ba8e00, 0x0a600000)
 Metaspace       used 2058K, capacity 2600K, committed 2624K, reserved 4480K
Event: 20.131 GC heap after
Heap after GC invocations=7 (full 0):
 def new generation   total 4928K, used 3K [0x04600000, 0x04b50000, 0x09b50000)
  eden space 4416K,   0% used [0x04600000, 0x04600000, 0x04a50000)
  from space 512K,   0% used [0x04ad0000, 0x04ad0ef0, 0x04b50000)
  to   space 512K,   0% used [0x04a50000, 0x04a50000, 0x04ad0000)
 tenured generation   total 10944K, used 355K [0x09b50000, 0x0a600000, 0x14600000)
   the space 10944K,   3% used [0x09b50000, 0x09ba8dd0, 0x09ba8e00, 0x0a600000)
 Metaspace       used 2058K, capacity 2600K, committed 2624K, reserved 4480K
}
Event: 20.263 GC heap before
{Heap before GC invocations=7 (full 0):
 def new generation   total 4928K, used 4419K [0x04600000, 0x04b50000, 0x09b50000)
  eden space 4416K, 100% used [0x04600000, 0x04a50000, 0x04a50000)
  from space 512K,   0% used [0x04ad0000, 0x04ad0ef0, 0x04b50000)
  to   space 512K,   0% used [0x04a50000, 0x04a50000, 0x04ad0000)
 tenured generation   total 10944K, used 355K [0x09b50000, 0x0a600000, 0x14600000)
   the space 10944K,   3% used [0x09b50000, 0x09ba8dd0, 0x09ba8e00, 0x0a600000)
 Metaspace       used 2058K, capacity 2600K, committed 2624K, reserved 4480K
Event: 20.263 GC heap after
Heap after GC invocations=8 (full 0):
 def new generation   total 4928K, used 3K [0x04600000, 0x04b50000, 0x09b50000)
  eden space 4416K,   0% used [0x04600000, 0x04600000, 0x04a50000)
  from space 512K,   0% used [0x04a50000, 0x04a50f00, 0x04ad0000)
  to   space 512K,   0% used [0x04ad0000, 0x04ad0000, 0x04b50000)
 tenured generation   total 10944K, used 355K [0x09b50000, 0x0a600000, 0x14600000)
   the space 10944K,   3% used [0x09b50000, 0x09ba8dd0, 0x09ba8e00, 0x0a600000)
 Metaspace       used 2058K, capacity 2600K, committed 2624K, reserved 4480K
}
Event: 20.392 GC heap before
{Heap before GC invocations=8 (full 0):
 def new generation   total 4928K, used 4419K [0x04600000, 0x04b50000, 0x09b50000)
  eden space 4416K, 100% used [0x04600000, 0x04a50000, 0x04a50000)
  from space 512K,   0% used [0x04a50000, 0x04a50f00, 0x04ad0000)
  to   space 512K,   0% used [0x04ad0000, 0x04ad0000, 0x04b50000)
 tenured generation   total 10944K, used 355K [0x09b50000, 0x0a600000, 0x14600000)
   the space 10944K,   3% used [0x09b50000, 0x09ba8dd0, 0x09ba8e00, 0x0a600000)
 Metaspace       used 2058K, capacity 2600K, committed 2624K, reserved 4480K
Event: 20.392 GC heap after
Heap after GC invocations=9 (full 0):
 def new generation   total 4928K, used 3K [0x04600000, 0x04b50000, 0x09b50000)
  eden space 4416K,   0% used [0x04600000, 0x04600000, 0x04a50000)
  from space 512K,   0% used [0x04ad0000, 0x04ad0f10, 0x04b50000)
  to   space 512K,   0% used [0x04a50000, 0x04a50000, 0x04ad0000)
 tenured generation   total 10944K, used 355K [0x09b50000, 0x0a600000, 0x14600000)
   the space 10944K,   3% used [0x09b50000, 0x09ba8dd0, 0x09ba8e00, 0x0a600000)
 Metaspace       used 2058K, capacity 2600K, committed 2624K, reserved 4480K
}
Event: 20.523 GC heap before
{Heap before GC invocations=9 (full 0):
 def new generation   total 4928K, used 4419K [0x04600000, 0x04b50000, 0x09b50000)
  eden space 4416K, 100% used [0x04600000, 0x04a50000, 0x04a50000)
  from space 512K,   0% used [0x04ad0000, 0x04ad0f10, 0x04b50000)
  to   space 512K,   0% used [0x04a50000, 0x04a50000, 0x04ad0000)
 tenured generation   total 10944K, used 355K [0x09b50000, 0x0a600000, 0x14600000)
   the space 10944K,   3% used [0x09b50000, 0x09ba8dd0, 0x09ba8e00, 0x0a600000)
 Metaspace       used 2058K, capacity 2600K, committed 2624K, reserved 4480K
Event: 20.524 GC heap after
Heap after GC invocations=10 (full 0):
 def new generation   total 4928K, used 3K [0x04600000, 0x04b50000, 0x09b50000)
  eden space 4416K,   0% used [0x04600000, 0x04600000, 0x04a50000)
  from space 512K,   0% used [0x04a50000, 0x04a50f20, 0x04ad0000)
  to   space 512K,   0% used [0x04ad0000, 0x04ad0000, 0x04b50000)
 tenured generation   total 10944K, used 355K [0x09b50000, 0x0a600000, 0x14600000)
   the space 10944K,   3% used [0x09b50000, 0x09ba8dd0, 0x09ba8e00, 0x0a600000)
 Metaspace       used 2058K, capacity 2600K, committed 2624K, reserved 4480K
}

Deoptimization events (0 events):
No events

Internal exceptions (10 events):
Event: 17.864 Thread 0x0231bc00 Implicit null exception at 0x02622813 to 0x02622b7b
Event: 17.864 Thread 0x0231bc00 Exception <a 'java/lang/NullPointerException'> (0x046d44c8) thrown at [C:\re\workspace\8-2-build-windows-i586-cygwin\jdk8u111\7883\hotspot\src\share\vm\runtime\sharedRuntime.cpp, line 605]
Event: 17.926 Thread 0x0231bc00 Implicit null exception at 0x02622813 to 0x02622b7b
Event: 17.926 Thread 0x0231bc00 Exception <a 'java/lang/NullPointerException'> (0x046d4b10) thrown at [C:\re\workspace\8-2-build-windows-i586-cygwin\jdk8u111\7883\hotspot\src\share\vm\runtime\sharedRuntime.cpp, line 605]
Event: 17.988 Thread 0x0231bc00 Implicit null exception at 0x02622813 to 0x02622b7b
Event: 17.988 Thread 0x0231bc00 Exception <a 'java/lang/NullPointerException'> (0x046d5158) thrown at [C:\re\workspace\8-2-build-windows-i586-cygwin\jdk8u111\7883\hotspot\src\share\vm\runtime\sharedRuntime.cpp, line 605]
Event: 18.036 Thread 0x0231bc00 Implicit null exception at 0x02622813 to 0x02622b7b
Event: 18.036 Thread 0x0231bc00 Exception <a 'java/lang/NullPointerException'> (0x046d57a0) thrown at [C:\re\workspace\8-2-build-windows-i586-cygwin\jdk8u111\7883\hotspot\src\share\vm\runtime\sharedRuntime.cpp, line 605]
Event: 19.116 Thread 0x0231bc00 Implicit null exception at 0x02622813 to 0x02622b7b
Event: 19.116 Thread 0x0231bc00 Exception <a 'java/lang/NullPointerException'> (0x046d5de8) thrown at [C:\re\workspace\8-2-build-windows-i586-cygwin\jdk8u111\7883\hotspot\src\share\vm\runtime\sharedRuntime.cpp, line 605]

Events (10 events):
Event: 19.995 Executing VM operation: GenCollectForAllocation
Event: 19.995 Executing VM operation: GenCollectForAllocation done
Event: 20.130 Executing VM operation: GenCollectForAllocation
Event: 20.131 Executing VM operation: GenCollectForAllocation done
Event: 20.263 Executing VM operation: GenCollectForAllocation
Event: 20.263 Executing VM operation: GenCollectForAllocation done
Event: 20.392 Executing VM operation: GenCollectForAllocation
Event: 20.392 Executing VM operation: GenCollectForAllocation done
Event: 20.523 Executing VM operation: GenCollectForAllocation
Event: 20.524 Executing VM operation: GenCollectForAllocation done


Dynamic libraries:
0x002e0000 - 0x00313000 	C:\Program Files (x86)\Java\jre1.8.0_111\bin\javaw.exe
0x77a90000 - 0x77c12000 	C:\WINDOWS\SYSTEM32\ntdll.dll
0x76fa0000 - 0x77080000 	C:\WINDOWS\System32\KERNEL32.DLL
0x75120000 - 0x752c1000 	C:\WINDOWS\System32\KERNELBASE.dll
0x77a00000 - 0x77a77000 	C:\WINDOWS\System32\ADVAPI32.dll
0x747a0000 - 0x7485e000 	C:\WINDOWS\System32\msvcrt.dll
0x766b0000 - 0x766f1000 	C:\WINDOWS\System32\sechost.dll
0x768f0000 - 0x769b1000 	C:\WINDOWS\System32\RPCRT4.dll
0x74550000 - 0x7456e000 	C:\WINDOWS\System32\SspiCli.dll
0x74540000 - 0x7454a000 	C:\WINDOWS\System32\CRYPTBASE.dll
0x74600000 - 0x7465a000 	C:\WINDOWS\System32\bcryptPrimitives.dll
0x77080000 - 0x771df000 	C:\WINDOWS\System32\USER32.dll
0x76a60000 - 0x76a75000 	C:\WINDOWS\System32\win32u.dll
0x76a30000 - 0x76a5b000 	C:\WINDOWS\System32\GDI32.dll
0x74fb0000 - 0x7510b000 	C:\WINDOWS\System32\gdi32full.dll
0x6eec0000 - 0x6f0ca000 	C:\WINDOWS\WinSxS\x86_microsoft.windows.common-controls_6595b64144ccf1df_6.0.14393.447_none_89c64d28dafea4b9\COMCTL32.dll
0x771e0000 - 0x773f1000 	C:\WINDOWS\System32\combase.dll
0x74b30000 - 0x74c10000 	C:\WINDOWS\System32\ucrtbase.dll
0x74d90000 - 0x74db5000 	C:\WINDOWS\System32\IMM32.DLL
0x66bb0000 - 0x66c6f000 	C:\Program Files (x86)\Java\jre1.8.0_111\bin\msvcr100.dll
0x5e190000 - 0x5e55d000 	C:\Program Files (x86)\Java\jre1.8.0_111\bin\client\jvm.dll
0x77a80000 - 0x77a86000 	C:\WINDOWS\System32\PSAPI.DLL
0x73460000 - 0x73484000 	C:\WINDOWS\SYSTEM32\WINMM.dll
0x74300000 - 0x74308000 	C:\WINDOWS\SYSTEM32\VERSION.dll
0x732a0000 - 0x732a8000 	C:\WINDOWS\SYSTEM32\WSOCK32.dll
0x76790000 - 0x767f3000 	C:\WINDOWS\System32\WS2_32.dll
0x022c0000 - 0x022e3000 	C:\WINDOWS\SYSTEM32\WINMMBASE.dll
0x76e90000 - 0x76ec6000 	C:\WINDOWS\System32\cfgmgr32.dll
0x5fb90000 - 0x5fb9c000 	C:\Program Files (x86)\Java\jre1.8.0_111\bin\verify.dll
0x5fb60000 - 0x5fb81000 	C:\Program Files (x86)\Java\jre1.8.0_111\bin\java.dll
0x5fb40000 - 0x5fb53000 	C:\Program Files (x86)\Java\jre1.8.0_111\bin\zip.dll
0x752d0000 - 0x766a9000 	C:\WINDOWS\System32\SHELL32.dll
0x77490000 - 0x779fe000 	C:\WINDOWS\System32\windows.storage.dll
0x74750000 - 0x74795000 	C:\WINDOWS\System32\powrprof.dll
0x769c0000 - 0x76a06000 	C:\WINDOWS\System32\shlwapi.dll
0x75110000 - 0x7511d000 	C:\WINDOWS\System32\kernel.appcore.dll
0x77400000 - 0x77488000 	C:\WINDOWS\System32\shcore.dll
0x76f90000 - 0x76f9f000 	C:\WINDOWS\System32\profapi.dll
0x66920000 - 0x66ba6000 	D:\GoogleDrive\cs545\project\ExampleBot2_5\ExampleBot\bwapi_bridge2_5.dll
0x668a0000 - 0x66911000 	C:\Program Files (x86)\Java\jre1.8.0_111\bin\MSVCP120.dll
0x6f540000 - 0x6f59e000 	D:\GoogleDrive\cs545\project\ExampleBot2_5\ExampleBot\libmpfr-4.dll
0x667b0000 - 0x6689e000 	C:\Program Files (x86)\Java\jre1.8.0_111\bin\MSVCR120.dll
0x6acc0000 - 0x6ad27000 	D:\GoogleDrive\cs545\project\ExampleBot2_5\ExampleBot\libgmp-10.dll
0x6dbf0000 - 0x6dd35000 	C:\WINDOWS\SYSTEM32\dbghelp.dll

VM Arguments:
jvm_args: -Dfile.encoding=Cp1252 
java_command: project
java_class_path (initial): D:\GoogleDrive\cs545\project\ExampleBot2_5\ExampleBot\bin;D:\GoogleDrive\cs545\project\ExampleBot2_5\ExampleBot\lib\bwmirror_v2_5.jar
Launcher Type: SUN_STANDARD

Environment Variables:
PATH=C:/Program Files (x86)/Java/jre1.8.0_111/bin/client;C:/Program Files (x86)/Java/jre1.8.0_111/bin;C:/Program Files (x86)/Java/jre1.8.0_111/lib/i386;C:\ProgramData\Oracle\Java\javapath;C:\WINDOWS\system32;C:\WINDOWS;C:\WINDOWS\System32\Wbem;C:\WINDOWS\System32\WindowsPowerShell\v1.0\;C:\Program Files\Intel\WiFi\bin\;C:\Program Files\Common Files\Intel\WirelessCommon\;C:\Program Files\Anaconda3;C:\Program Files\Anaconda3\Scripts;C:\Program Files\Anaconda3\Library\bin;;C:\Users\lswxx\AppData\Local\Microsoft\WindowsApps;D:\eclipse-jee-neon-1a-win32\eclipse;
USERNAME=lswxx
OS=Windows_NT
PROCESSOR_IDENTIFIER=Intel64 Family 6 Model 78 Stepping 3, GenuineIntel



---------------  S Y S T E M  ---------------

OS: Windows 10.0 , 64 bit Build 14393 (10.0.14393.0)

CPU:total 4 (2 cores per cpu, 2 threads per core) family 6 model 78 stepping 3, cmov, cx8, fxsr, mmx, sse, sse2, sse3, ssse3, sse4.1, sse4.2, popcnt, avx, avx2, aes, clmul, erms, 3dnowpref, lzcnt, ht, tsc, tscinvbit, bmi1, bmi2, adx

Memory: 4k page, physical 8292256k(3249816k free), swap 10844044k(1989380k free)

vm_info: Java HotSpot(TM) Client VM (25.111-b14) for windows-x86 JRE (1.8.0_111-b14), built on Sep 22 2016 18:54:33 by "java_re" with MS VC++ 10.0 (VS2010)

time: Wed Dec 07 18:10:42 2016
elapsed time: 20 seconds (0d 0h 0m 20s)

