#
# A fatal error has been detected by the Java Runtime Environment:
#
#  EXCEPTION_ACCESS_VIOLATION (0xc0000005) at pc=0x6696b7f5, pid=14684, tid=0x000033c8
#
# JRE version: Java(TM) SE Runtime Environment (8.0_111-b14) (build 1.8.0_111-b14)
# Java VM: Java HotSpot(TM) Client VM (25.111-b14 mixed mode windows-x86 )
# Problematic frame:
# C  [bwapi_bridge2_5.dll+0x9b7f5]
#
# Failed to write core dump. Minidumps are not enabled by default on client versions of Windows
#
# If you would like to submit a bug report, please visit:
#   http://bugreport.java.com/bugreport/crash.jsp
# The crash happened outside the Java Virtual Machine in native code.
# See problematic frame for where to report the bug.
#

---------------  T H R E A D  ---------------

Current thread (0x02bec400):  JavaThread "main" [_thread_in_native, id=13256, stack(0x01360000,0x013b0000)]

siginfo: ExceptionCode=0xc0000005, writing address 0x17e1d000

Registers:
EAX=0x00010554, EBX=0x02bec400, ECX=0x15ea0000, EDX=0x011b7860
ESP=0x013ad91c, EBP=0x013ad9a0, ESI=0x1832e138, EDI=0x013ada18
EIP=0x6696b7f5, EFLAGS=0x00010206

Top of Stack: (sp=0x013ad91c)
0x013ad91c:   41d39237 013ada18 1832e138 013ad918
0x013ad92c:   00000000 0000000f 1832e138 05ef1399
0x013ad93c:   18065308 0000000a 00000002 ffffffff
0x013ad94c:   000001c4 0000016a 00000000 02bec400
0x013ad95c:   02bec400 00000042 013ad954 66aa013c
0x013ad96c:   1832e138 0000000a 00000000 000001c4
0x013ad97c:   0000016a 00000000 ffffffff ffffffff
0x013ad98c:   011bcb40 5e26b9b2 013adcb4 66a7c4c0 

Instructions: (pc=0x6696b7f5)
0x6696b7d5:   0f 6f 44 24 24 8b 4a 14 8b 81 48 a5 ef 01 8d 04
0x6696b7e5:   40 f3 0f 7f 84 c1 4c a5 ef 01 f3 0f 7e 44 24 34
0x6696b7f5:   66 0f d6 84 c1 5c a5 ef 01 8b ca 8b 42 14 ff 80
0x6696b805:   48 a5 ef 01 8b 02 8b 40 50 ff d0 f3 0f 6f 45 08 


Register to memory mapping:

EAX=0x00010554 is an unknown value
EBX=0x02bec400 is a thread
ECX=0x15ea0000 is an unknown value
EDX=0x011b7860 is an unknown value
ESP=0x013ad91c is pointing into the stack for thread: 0x02bec400
EBP=0x013ad9a0 is pointing into the stack for thread: 0x02bec400
ESI=0x1832e138 is an unknown value
EDI=0x013ada18 is pointing into the stack for thread: 0x02bec400


Stack: [0x01360000,0x013b0000],  sp=0x013ad91c,  free space=310k
Native frames: (J=compiled Java code, j=interpreted, Vv=VM code, C=native code)
C  [bwapi_bridge2_5.dll+0x9b7f5]
C  [bwapi_bridge2_5.dll+0x397cd]
J 88  bwapi.Unit.move_native(JLbwapi/Position;)Z (0 bytes) @ 0x02e9ef38 [0x02e9ee90+0xa8]
J 46 C1 Qlearning.run()V (385 bytes) @ 0x02e93108 [0x02e92c60+0x4a8]
j  project.onFrame()V+119
j  bwapi.AIModule.onFrame()V+11
v  ~StubRoutines::call_stub
V  [jvm.dll+0x15a895]
V  [jvm.dll+0x220bfe]
V  [jvm.dll+0x15a92e]
V  [jvm.dll+0xdc7cb]
V  [jvm.dll+0xdf75c]
C  [bwapi_bridge2_5.dll+0x1b20d]
C  [bwapi_bridge2_5.dll+0x75101]
j  bwapi.Mirror.startGame()V+0
j  project.run()V+15
j  project.main([Ljava/lang/String;)V+7
v  ~StubRoutines::call_stub
V  [jvm.dll+0x15a895]
V  [jvm.dll+0x220bfe]
V  [jvm.dll+0x15a92e]
V  [jvm.dll+0xdc597]
V  [jvm.dll+0xe4b2f]
C  [javaw.exe+0x22ab]
C  [javaw.exe+0xaecf]
C  [javaw.exe+0xaf59]
C  [KERNEL32.DLL+0x162c4]
C  [ntdll.dll+0x60719]
C  [ntdll.dll+0x606e4]
C  0x00000000

Java frames: (J=compiled Java code, j=interpreted, Vv=VM code)
J 88  bwapi.Unit.move_native(JLbwapi/Position;)Z (0 bytes) @ 0x02e9eef4 [0x02e9ee90+0x64]
J 46 C1 Qlearning.run()V (385 bytes) @ 0x02e93108 [0x02e92c60+0x4a8]
j  project.onFrame()V+119
j  bwapi.AIModule.onFrame()V+11
v  ~StubRoutines::call_stub
j  bwapi.Mirror.startGame()V+0
j  project.run()V+15
j  project.main([Ljava/lang/String;)V+7
v  ~StubRoutines::call_stub

---------------  P R O C E S S  ---------------

Java Threads: ( => current thread )
  0x15327c00 JavaThread "Service Thread" daemon [_thread_blocked, id=7204, stack(0x15db0000,0x15e00000)]
  0x15305000 JavaThread "C1 CompilerThread0" daemon [_thread_blocked, id=12536, stack(0x15d20000,0x15d70000)]
  0x152f7800 JavaThread "JDWP Command Reader" daemon [_thread_in_native, id=11516, stack(0x15c90000,0x15ce0000)]
  0x152f4800 JavaThread "JDWP Event Helper Thread" daemon [_thread_blocked, id=7096, stack(0x15c00000,0x15c50000)]
  0x152f2000 JavaThread "JDWP Transport Listener: dt_socket" daemon [_thread_blocked, id=10604, stack(0x15b70000,0x15bc0000)]
  0x152e4400 JavaThread "Attach Listener" daemon [_thread_blocked, id=8740, stack(0x157a0000,0x157f0000)]
  0x152db400 JavaThread "Signal Dispatcher" daemon [_thread_blocked, id=5084, stack(0x15710000,0x15760000)]
  0x152d9400 JavaThread "Finalizer" daemon [_thread_blocked, id=5336, stack(0x15590000,0x155e0000)]
  0x02dde800 JavaThread "Reference Handler" daemon [_thread_blocked, id=408, stack(0x15500000,0x15550000)]
=>0x02bec400 JavaThread "main" [_thread_in_native, id=13256, stack(0x01360000,0x013b0000)]

Other Threads:
  0x02ddd000 VMThread [stack: 0x02c80000,0x02cd0000] [id=9680]
  0x1532bc00 WatcherThread [stack: 0x15e40000,0x15e90000] [id=6324]

VM state:not at safepoint (normal execution)

VM Mutex/Monitor currently owned by a thread: None

Heap:
 def new generation   total 4928K, used 798K [0x04e00000, 0x05350000, 0x0a350000)
  eden space 4416K,  17% used [0x04e00000, 0x04ec6ae8, 0x05250000)
  from space 512K,   0% used [0x05250000, 0x05250eb8, 0x052d0000)
  to   space 512K,   0% used [0x052d0000, 0x052d0000, 0x05350000)
 tenured generation   total 10944K, used 358K [0x0a350000, 0x0ae00000, 0x14e00000)
   the space 10944K,   3% used [0x0a350000, 0x0a3a9be8, 0x0a3a9c00, 0x0ae00000)
 Metaspace       used 2103K, capacity 2600K, committed 2624K, reserved 4480K

Card table byte_map: [0x02bf0000,0x02c80000] byte_map_base: 0x02bc9000

Polling page: 0x013b0000

CodeCache: size=32768Kb used=764Kb max_used=764Kb free=32003Kb
 bounds [0x02de0000, 0x02ea0000, 0x04de0000]
 total_blobs=228 nmethods=89 adapters=78
 compilation: enabled

Compilation events (10 events):
Event: 104.058 Thread 0x15305000   83             java.util.Random::nextInt (74 bytes)
Event: 104.058 Thread 0x15305000 nmethod 83 0x02e9e248 code [0x02e9e370, 0x02e9e564]
Event: 104.058 Thread 0x15305000   84             java.util.Random::next (47 bytes)
Event: 104.058 Thread 0x15305000 nmethod 84 0x02e9e6c8 code [0x02e9e7c0, 0x02e9e910]
Event: 104.058 Thread 0x15305000   85             java.util.concurrent.atomic.AtomicLong::get (5 bytes)
Event: 104.058 Thread 0x15305000 nmethod 85 0x02e9e9c8 code [0x02e9eac0, 0x02e9eb50]
Event: 104.058 Thread 0x15305000   86             java.util.concurrent.atomic.AtomicLong::compareAndSet (13 bytes)
Event: 104.058 Thread 0x15305000 nmethod 86 0x02e9eb88 code [0x02e9ec80, 0x02e9ed30]
Event: 104.184 Thread 0x15305000   89             java.util.HashMap::afterNodeAccess (1 bytes)
Event: 104.184 Thread 0x15305000 nmethod 89 0x02e9f048 code [0x02e9f140, 0x02e9f1c0]

GC Heap History (10 events):
Event: 107.354 GC heap before
{Heap before GC invocations=5 (full 0):
 def new generation   total 4928K, used 4419K [0x04e00000, 0x05350000, 0x0a350000)
  eden space 4416K, 100% used [0x04e00000, 0x05250000, 0x05250000)
  from space 512K,   0% used [0x052d0000, 0x052d0f00, 0x05350000)
  to   space 512K,   0% used [0x05250000, 0x05250000, 0x052d0000)
 tenured generation   total 10944K, used 358K [0x0a350000, 0x0ae00000, 0x14e00000)
   the space 10944K,   3% used [0x0a350000, 0x0a3a9be8, 0x0a3a9c00, 0x0ae00000)
 Metaspace       used 2103K, capacity 2600K, committed 2624K, reserved 4480K
Event: 107.354 GC heap after
Heap after GC invocations=6 (full 0):
 def new generation   total 4928K, used 3K [0x04e00000, 0x05350000, 0x0a350000)
  eden space 4416K,   0% used [0x04e00000, 0x04e00000, 0x05250000)
  from space 512K,   0% used [0x05250000, 0x05250e50, 0x052d0000)
  to   space 512K,   0% used [0x052d0000, 0x052d0000, 0x05350000)
 tenured generation   total 10944K, used 358K [0x0a350000, 0x0ae00000, 0x14e00000)
   the space 10944K,   3% used [0x0a350000, 0x0a3a9be8, 0x0a3a9c00, 0x0ae00000)
 Metaspace       used 2103K, capacity 2600K, committed 2624K, reserved 4480K
}
Event: 107.683 GC heap before
{Heap before GC invocations=6 (full 0):
 def new generation   total 4928K, used 4419K [0x04e00000, 0x05350000, 0x0a350000)
  eden space 4416K, 100% used [0x04e00000, 0x05250000, 0x05250000)
  from space 512K,   0% used [0x05250000, 0x05250e50, 0x052d0000)
  to   space 512K,   0% used [0x052d0000, 0x052d0000, 0x05350000)
 tenured generation   total 10944K, used 358K [0x0a350000, 0x0ae00000, 0x14e00000)
   the space 10944K,   3% used [0x0a350000, 0x0a3a9be8, 0x0a3a9c00, 0x0ae00000)
 Metaspace       used 2103K, capacity 2600K, committed 2624K, reserved 4480K
Event: 107.683 GC heap after
Heap after GC invocations=7 (full 0):
 def new generation   total 4928K, used 3K [0x04e00000, 0x05350000, 0x0a350000)
  eden space 4416K,   0% used [0x04e00000, 0x04e00000, 0x05250000)
  from space 512K,   0% used [0x052d0000, 0x052d0e90, 0x05350000)
  to   space 512K,   0% used [0x05250000, 0x05250000, 0x052d0000)
 tenured generation   total 10944K, used 358K [0x0a350000, 0x0ae00000, 0x14e00000)
   the space 10944K,   3% used [0x0a350000, 0x0a3a9be8, 0x0a3a9c00, 0x0ae00000)
 Metaspace       used 2103K, capacity 2600K, committed 2624K, reserved 4480K
}
Event: 108.021 GC heap before
{Heap before GC invocations=7 (full 0):
 def new generation   total 4928K, used 4419K [0x04e00000, 0x05350000, 0x0a350000)
  eden space 4416K, 100% used [0x04e00000, 0x05250000, 0x05250000)
  from space 512K,   0% used [0x052d0000, 0x052d0e90, 0x05350000)
  to   space 512K,   0% used [0x05250000, 0x05250000, 0x052d0000)
 tenured generation   total 10944K, used 358K [0x0a350000, 0x0ae00000, 0x14e00000)
   the space 10944K,   3% used [0x0a350000, 0x0a3a9be8, 0x0a3a9c00, 0x0ae00000)
 Metaspace       used 2103K, capacity 2600K, committed 2624K, reserved 4480K
Event: 108.022 GC heap after
Heap after GC invocations=8 (full 0):
 def new generation   total 4928K, used 3K [0x04e00000, 0x05350000, 0x0a350000)
  eden space 4416K,   0% used [0x04e00000, 0x04e00000, 0x05250000)
  from space 512K,   0% used [0x05250000, 0x05250ea8, 0x052d0000)
  to   space 512K,   0% used [0x052d0000, 0x052d0000, 0x05350000)
 tenured generation   total 10944K, used 358K [0x0a350000, 0x0ae00000, 0x14e00000)
   the space 10944K,   3% used [0x0a350000, 0x0a3a9be8, 0x0a3a9c00, 0x0ae00000)
 Metaspace       used 2103K, capacity 2600K, committed 2624K, reserved 4480K
}
Event: 108.345 GC heap before
{Heap before GC invocations=8 (full 0):
 def new generation   total 4928K, used 4419K [0x04e00000, 0x05350000, 0x0a350000)
  eden space 4416K, 100% used [0x04e00000, 0x05250000, 0x05250000)
  from space 512K,   0% used [0x05250000, 0x05250ea8, 0x052d0000)
  to   space 512K,   0% used [0x052d0000, 0x052d0000, 0x05350000)
 tenured generation   total 10944K, used 358K [0x0a350000, 0x0ae00000, 0x14e00000)
   the space 10944K,   3% used [0x0a350000, 0x0a3a9be8, 0x0a3a9c00, 0x0ae00000)
 Metaspace       used 2103K, capacity 2600K, committed 2624K, reserved 4480K
Event: 108.345 GC heap after
Heap after GC invocations=9 (full 0):
 def new generation   total 4928K, used 3K [0x04e00000, 0x05350000, 0x0a350000)
  eden space 4416K,   0% used [0x04e00000, 0x04e00000, 0x05250000)
  from space 512K,   0% used [0x052d0000, 0x052d0eb8, 0x05350000)
  to   space 512K,   0% used [0x05250000, 0x05250000, 0x052d0000)
 tenured generation   total 10944K, used 358K [0x0a350000, 0x0ae00000, 0x14e00000)
   the space 10944K,   3% used [0x0a350000, 0x0a3a9be8, 0x0a3a9c00, 0x0ae00000)
 Metaspace       used 2103K, capacity 2600K, committed 2624K, reserved 4480K
}
Event: 108.670 GC heap before
{Heap before GC invocations=9 (full 0):
 def new generation   total 4928K, used 4419K [0x04e00000, 0x05350000, 0x0a350000)
  eden space 4416K, 100% used [0x04e00000, 0x05250000, 0x05250000)
  from space 512K,   0% used [0x052d0000, 0x052d0eb8, 0x05350000)
  to   space 512K,   0% used [0x05250000, 0x05250000, 0x052d0000)
 tenured generation   total 10944K, used 358K [0x0a350000, 0x0ae00000, 0x14e00000)
   the space 10944K,   3% used [0x0a350000, 0x0a3a9be8, 0x0a3a9c00, 0x0ae00000)
 Metaspace       used 2103K, capacity 2600K, committed 2624K, reserved 4480K
Event: 108.670 GC heap after
Heap after GC invocations=10 (full 0):
 def new generation   total 4928K, used 3K [0x04e00000, 0x05350000, 0x0a350000)
  eden space 4416K,   0% used [0x04e00000, 0x04e00000, 0x05250000)
  from space 512K,   0% used [0x05250000, 0x05250eb8, 0x052d0000)
  to   space 512K,   0% used [0x052d0000, 0x052d0000, 0x05350000)
 tenured generation   total 10944K, used 358K [0x0a350000, 0x0ae00000, 0x14e00000)
   the space 10944K,   3% used [0x0a350000, 0x0a3a9be8, 0x0a3a9c00, 0x0ae00000)
 Metaspace       used 2103K, capacity 2600K, committed 2624K, reserved 4480K
}

Deoptimization events (0 events):
No events

Internal exceptions (2 events):
Event: 0.024 Thread 0x02bec400 Exception <a 'java/lang/NoSuchMethodError': Method sun.misc.Unsafe.defineClass(Ljava/lang/String;[BII)Ljava/lang/Class; name or signature does not match> (0x04e06e68) thrown at [C:\re\workspace\8-2-build-windows-i586-cygwin\jdk8u111\7883\hotspot\src\share
Event: 0.024 Thread 0x02bec400 Exception <a 'java/lang/NoSuchMethodError': Method sun.misc.Unsafe.prefetchRead(Ljava/lang/Object;J)V name or signature does not match> (0x04e07138) thrown at [C:\re\workspace\8-2-build-windows-i586-cygwin\jdk8u111\7883\hotspot\src\share\vm\prims\jni.cpp,

Events (10 events):
Event: 107.354 Executing VM operation: GenCollectForAllocation
Event: 107.354 Executing VM operation: GenCollectForAllocation done
Event: 107.683 Executing VM operation: GenCollectForAllocation
Event: 107.683 Executing VM operation: GenCollectForAllocation done
Event: 108.021 Executing VM operation: GenCollectForAllocation
Event: 108.022 Executing VM operation: GenCollectForAllocation done
Event: 108.345 Executing VM operation: GenCollectForAllocation
Event: 108.345 Executing VM operation: GenCollectForAllocation done
Event: 108.670 Executing VM operation: GenCollectForAllocation
Event: 108.670 Executing VM operation: GenCollectForAllocation done


Dynamic libraries:
0x002e0000 - 0x00313000 	C:\Program Files (x86)\Java\jre1.8.0_111\bin\javaw.exe
0x77a90000 - 0x77c12000 	C:\WINDOWS\SYSTEM32\ntdll.dll
0x76fa0000 - 0x77080000 	C:\WINDOWS\System32\KERNEL32.DLL
0x75120000 - 0x752c1000 	C:\WINDOWS\System32\KERNELBASE.dll
0x77a00000 - 0x77a77000 	C:\WINDOWS\System32\ADVAPI32.dll
0x747a0000 - 0x7485e000 	C:\WINDOWS\System32\msvcrt.dll
0x766b0000 - 0x766f1000 	C:\WINDOWS\System32\sechost.dll
0x768f0000 - 0x769b1000 	C:\WINDOWS\System32\RPCRT4.dll
0x74550000 - 0x7456e000 	C:\WINDOWS\System32\SspiCli.dll
0x74540000 - 0x7454a000 	C:\WINDOWS\System32\CRYPTBASE.dll
0x74600000 - 0x7465a000 	C:\WINDOWS\System32\bcryptPrimitives.dll
0x77080000 - 0x771df000 	C:\WINDOWS\System32\USER32.dll
0x76a60000 - 0x76a75000 	C:\WINDOWS\System32\win32u.dll
0x76a30000 - 0x76a5b000 	C:\WINDOWS\System32\GDI32.dll
0x74fb0000 - 0x7510b000 	C:\WINDOWS\System32\gdi32full.dll
0x6eec0000 - 0x6f0ca000 	C:\WINDOWS\WinSxS\x86_microsoft.windows.common-controls_6595b64144ccf1df_6.0.14393.447_none_89c64d28dafea4b9\COMCTL32.dll
0x771e0000 - 0x773f1000 	C:\WINDOWS\System32\combase.dll
0x74b30000 - 0x74c10000 	C:\WINDOWS\System32\ucrtbase.dll
0x74d90000 - 0x74db5000 	C:\WINDOWS\System32\IMM32.DLL
0x66bb0000 - 0x66c6f000 	C:\Program Files (x86)\Java\jre1.8.0_111\bin\msvcr100.dll
0x5e190000 - 0x5e55d000 	C:\Program Files (x86)\Java\jre1.8.0_111\bin\client\jvm.dll
0x77a80000 - 0x77a86000 	C:\WINDOWS\System32\PSAPI.DLL
0x73460000 - 0x73484000 	C:\WINDOWS\SYSTEM32\WINMM.dll
0x74300000 - 0x74308000 	C:\WINDOWS\SYSTEM32\VERSION.dll
0x732a0000 - 0x732a8000 	C:\WINDOWS\SYSTEM32\WSOCK32.dll
0x732b0000 - 0x732d3000 	C:\WINDOWS\SYSTEM32\WINMMBASE.dll
0x76790000 - 0x767f3000 	C:\WINDOWS\System32\WS2_32.dll
0x76e90000 - 0x76ec6000 	C:\WINDOWS\System32\cfgmgr32.dll
0x5fb90000 - 0x5fb9c000 	C:\Program Files (x86)\Java\jre1.8.0_111\bin\verify.dll
0x5fb60000 - 0x5fb81000 	C:\Program Files (x86)\Java\jre1.8.0_111\bin\java.dll
0x66b80000 - 0x66ba9000 	C:\Program Files (x86)\Java\jre1.8.0_111\bin\jdwp.dll
0x66b70000 - 0x66b77000 	C:\Program Files (x86)\Java\jre1.8.0_111\bin\npt.dll
0x5fb40000 - 0x5fb53000 	C:\Program Files (x86)\Java\jre1.8.0_111\bin\zip.dll
0x752d0000 - 0x766a9000 	C:\WINDOWS\System32\SHELL32.dll
0x77490000 - 0x779fe000 	C:\WINDOWS\System32\windows.storage.dll
0x74750000 - 0x74795000 	C:\WINDOWS\System32\powrprof.dll
0x769c0000 - 0x76a06000 	C:\WINDOWS\System32\shlwapi.dll
0x75110000 - 0x7511d000 	C:\WINDOWS\System32\kernel.appcore.dll
0x77400000 - 0x77488000 	C:\WINDOWS\System32\shcore.dll
0x76f90000 - 0x76f9f000 	C:\WINDOWS\System32\profapi.dll
0x66b60000 - 0x66b68000 	C:\Program Files (x86)\Java\jre1.8.0_111\bin\dt_socket.dll
0x6c6f0000 - 0x6c702000 	C:\WINDOWS\system32\napinsp.dll
0x6c6d0000 - 0x6c6e6000 	C:\WINDOWS\system32\pnrpnsp.dll
0x6c6b0000 - 0x6c6c4000 	C:\WINDOWS\system32\NLAapi.dll
0x710a0000 - 0x710ee000 	C:\WINDOWS\System32\mswsock.dll
0x73b50000 - 0x73bcc000 	C:\WINDOWS\SYSTEM32\DNSAPI.dll
0x76a20000 - 0x76a27000 	C:\WINDOWS\System32\NSI.dll
0x73bd0000 - 0x73bff000 	C:\WINDOWS\SYSTEM32\IPHLPAPI.DLL
0x6ecd0000 - 0x6ecdc000 	C:\WINDOWS\System32\winrnr.dll
0x6c690000 - 0x6c6a1000 	C:\WINDOWS\System32\wshbth.dll
0x64030000 - 0x64079000 	C:\WINDOWS\System32\fwpuclnt.dll
0x73020000 - 0x7303b000 	C:\WINDOWS\SYSTEM32\bcrypt.dll
0x6f4e0000 - 0x6f4e8000 	C:\Windows\System32\rasadhlp.dll
0x668d0000 - 0x66b56000 	D:\GoogleDrive\cs545\project\ExampleBot2_5\ExampleBot\bwapi_bridge2_5.dll
0x6f540000 - 0x6f59e000 	D:\GoogleDrive\cs545\project\ExampleBot2_5\ExampleBot\libmpfr-4.dll
0x6acc0000 - 0x6ad27000 	D:\GoogleDrive\cs545\project\ExampleBot2_5\ExampleBot\libgmp-10.dll
0x66850000 - 0x668c1000 	C:\Program Files (x86)\Java\jre1.8.0_111\bin\MSVCP120.dll
0x66760000 - 0x6684e000 	C:\Program Files (x86)\Java\jre1.8.0_111\bin\MSVCR120.dll
0x6dbf0000 - 0x6dd35000 	C:\WINDOWS\SYSTEM32\dbghelp.dll

VM Arguments:
jvm_args: -agentlib:jdwp=transport=dt_socket,suspend=y,address=localhost:64264 -Dfile.encoding=Cp1252 
java_command: project
java_class_path (initial): D:\GoogleDrive\cs545\project\ExampleBot2_5\ExampleBot\bin;D:\GoogleDrive\cs545\project\ExampleBot2_5\ExampleBot\lib\bwmirror_v2_5.jar
Launcher Type: SUN_STANDARD

Environment Variables:
PATH=C:/Program Files (x86)/Java/jre1.8.0_111/bin/client;C:/Program Files (x86)/Java/jre1.8.0_111/bin;C:/Program Files (x86)/Java/jre1.8.0_111/lib/i386;C:\ProgramData\Oracle\Java\javapath;C:\WINDOWS\system32;C:\WINDOWS;C:\WINDOWS\System32\Wbem;C:\WINDOWS\System32\WindowsPowerShell\v1.0\;C:\Program Files\Intel\WiFi\bin\;C:\Program Files\Common Files\Intel\WirelessCommon\;C:\Program Files\Anaconda3;C:\Program Files\Anaconda3\Scripts;C:\Program Files\Anaconda3\Library\bin;;C:\Users\lswxx\AppData\Local\Microsoft\WindowsApps;D:\eclipse-jee-neon-1a-win32\eclipse;
USERNAME=lswxx
OS=Windows_NT
PROCESSOR_IDENTIFIER=Intel64 Family 6 Model 78 Stepping 3, GenuineIntel



---------------  S Y S T E M  ---------------

OS: Windows 10.0 , 64 bit Build 14393 (10.0.14393.0)

CPU:total 4 (2 cores per cpu, 2 threads per core) family 6 model 78 stepping 3, cmov, cx8, fxsr, mmx, sse, sse2, sse3, ssse3, sse4.1, sse4.2, popcnt, avx, avx2, aes, clmul, erms, 3dnowpref, lzcnt, ht, tsc, tscinvbit, bmi1, bmi2, adx

Memory: 4k page, physical 8292256k(3013976k free), swap 10844044k(1961096k free)

vm_info: Java HotSpot(TM) Client VM (25.111-b14) for windows-x86 JRE (1.8.0_111-b14), built on Sep 22 2016 18:54:33 by "java_re" with MS VC++ 10.0 (VS2010)

time: Wed Dec 07 18:23:19 2016
elapsed time: 108 seconds (0d 0h 1m 48s)

