#
# A fatal error has been detected by the Java Runtime Environment:
#
#  EXCEPTION_ACCESS_VIOLATION (0xc0000005) at pc=0x5178b7f5, pid=3428, tid=0x00000544
#
# JRE version: Java(TM) SE Runtime Environment (8.0_111-b14) (build 1.8.0_111-b14)
# Java VM: Java HotSpot(TM) Client VM (25.111-b14 mixed mode, sharing windows-x86 )
# Problematic frame:
# C  [bwapi_bridge2_5.dll+0x9b7f5]
#
# Failed to write core dump. Minidumps are not enabled by default on client versions of Windows
#
# If you would like to submit a bug report, please visit:
#   http://bugreport.java.com/bugreport/crash.jsp
# The crash happened outside the Java Virtual Machine in native code.
# See problematic frame for where to report the bug.
#

---------------  T H R E A D  ---------------

Current thread (0x021fbc00):  JavaThread "main" [_thread_in_native, id=1348, stack(0x02020000,0x02070000)]

siginfo: ExceptionCode=0xc0000005, writing address 0x17f8d000

Registers:
EAX=0x00010554, EBX=0x021fbc00, ECX=0x16010000, EDX=0x0078c590
ESP=0x0206dedc, EBP=0x0206df60, ESI=0x184b7250, EDI=0x0206dfd8
EIP=0x5178b7f5, EFLAGS=0x00010206

Top of Stack: (sp=0x0206dedc)
0x0206dedc:   7320f350 0206dfd8 184b7250 0206ded8
0x0206deec:   00000000 0000000f 184b7250 131bcf5c
0x0206defc:   15d2b490 0000000a 00000004 ffffffff
0x0206df0c:   00000206 000001ce 00000000 00000000
0x0206df1c:   0000000f 00000000 0206dfd8 518c013c
0x0206df2c:   184b7250 0000000a 00000000 00000206
0x0206df3c:   000001ce 00000000 ffffffff ffffffff
0x0206df4c:   00791870 021fbc00 0206e1e4 5189c4c0 

Instructions: (pc=0x5178b7f5)
0x5178b7d5:   0f 6f 44 24 24 8b 4a 14 8b 81 48 a5 ef 01 8d 04
0x5178b7e5:   40 f3 0f 7f 84 c1 4c a5 ef 01 f3 0f 7e 44 24 34
0x5178b7f5:   66 0f d6 84 c1 5c a5 ef 01 8b ca 8b 42 14 ff 80
0x5178b805:   48 a5 ef 01 8b 02 8b 40 50 ff d0 f3 0f 6f 45 08 


Register to memory mapping:

EAX=0x00010554 is an unknown value
EBX=0x021fbc00 is a thread
ECX=0x16010000 is an unknown value
EDX=0x0078c590 is an unknown value
ESP=0x0206dedc is pointing into the stack for thread: 0x021fbc00
EBP=0x0206df60 is pointing into the stack for thread: 0x021fbc00
ESI=0x184b7250 is an unknown value
EDI=0x0206dfd8 is pointing into the stack for thread: 0x021fbc00


Stack: [0x02020000,0x02070000],  sp=0x0206dedc,  free space=311k
Native frames: (J=compiled Java code, j=interpreted, Vv=VM code, C=native code)
C  [bwapi_bridge2_5.dll+0x9b7f5]
C  [bwapi_bridge2_5.dll+0x397cd]
J 70  bwapi.Unit.move_native(JLbwapi/Position;)Z (0 bytes) @ 0x022b5e78 [0x022b5dd0+0xa8]
J 69 C1 Qlearning.run()V (231 bytes) @ 0x022b5158 [0x022b4e80+0x2d8]
j  project.onFrame()V+119
j  bwapi.AIModule.onFrame()V+11
v  ~StubRoutines::call_stub
V  [jvm.dll+0x15a895]
V  [jvm.dll+0x220bfe]
V  [jvm.dll+0x15a92e]
V  [jvm.dll+0xdc7cb]
V  [jvm.dll+0xdf75c]
C  [bwapi_bridge2_5.dll+0x1b20d]
C  [bwapi_bridge2_5.dll+0x75101]
j  bwapi.Mirror.startGame()V+0
j  project.run()V+15
j  project.main([Ljava/lang/String;)V+7
v  ~StubRoutines::call_stub
V  [jvm.dll+0x15a895]
V  [jvm.dll+0x220bfe]
V  [jvm.dll+0x15a92e]
V  [jvm.dll+0xdc597]
V  [jvm.dll+0xe4b2f]
C  [javaw.exe+0x22ab]
C  [javaw.exe+0xaecf]
C  [javaw.exe+0xaf59]
C  [KERNEL32.DLL+0x162c4]
C  [ntdll.dll+0x60719]
C  [ntdll.dll+0x606e4]
C  0x00000000

Java frames: (J=compiled Java code, j=interpreted, Vv=VM code)
J 70  bwapi.Unit.move_native(JLbwapi/Position;)Z (0 bytes) @ 0x022b5e34 [0x022b5dd0+0x64]
J 69 C1 Qlearning.run()V (231 bytes) @ 0x022b5158 [0x022b4e80+0x2d8]
j  project.onFrame()V+119
j  bwapi.AIModule.onFrame()V+11
v  ~StubRoutines::call_stub
j  bwapi.Mirror.startGame()V+0
j  project.run()V+15
j  project.main([Ljava/lang/String;)V+7
v  ~StubRoutines::call_stub

---------------  P R O C E S S  ---------------

Java Threads: ( => current thread )
  0x0214e000 JavaThread "Service Thread" daemon [_thread_blocked, id=1124, stack(0x15770000,0x157c0000)]
  0x0212f800 JavaThread "C1 CompilerThread0" daemon [_thread_blocked, id=6664, stack(0x15170000,0x151c0000)]
  0x0212e800 JavaThread "Attach Listener" daemon [_thread_blocked, id=5444, stack(0x150e0000,0x15130000)]
  0x02125000 JavaThread "Signal Dispatcher" daemon [_thread_blocked, id=8728, stack(0x15050000,0x150a0000)]
  0x02123000 JavaThread "Finalizer" daemon [_thread_blocked, id=2888, stack(0x14490000,0x144e0000)]
  0x020c6800 JavaThread "Reference Handler" daemon [_thread_blocked, id=7992, stack(0x14400000,0x14450000)]
=>0x021fbc00 JavaThread "main" [_thread_in_native, id=1348, stack(0x02020000,0x02070000)]

Other Threads:
  0x020c2c00 VMThread [stack: 0x04370000,0x043c0000] [id=9660]
  0x02164400 WatcherThread [stack: 0x15800000,0x15850000] [id=10060]

VM state:not at safepoint (normal execution)

VM Mutex/Monitor currently owned by a thread: None

Heap:
 def new generation   total 4928K, used 356K [0x04400000, 0x04950000, 0x09950000)
  eden space 4416K,   8% used [0x04400000, 0x04458530, 0x04850000)
  from space 512K,   0% used [0x04850000, 0x04850df8, 0x048d0000)
  to   space 512K,   0% used [0x048d0000, 0x048d0000, 0x04950000)
 tenured generation   total 10944K, used 358K [0x09950000, 0x0a400000, 0x14400000)
   the space 10944K,   3% used [0x09950000, 0x099a9800, 0x099a9800, 0x0a400000)
 Metaspace       used 395K, capacity 2600K, committed 2624K, reserved 4480K

Card table byte_map: [0x04280000,0x04310000] byte_map_base: 0x0425e000

Polling page: 0x02070000

CodeCache: size=32768Kb used=752Kb max_used=752Kb free=32015Kb
 bounds [0x02200000, 0x022c0000, 0x04200000]
 total_blobs=232 nmethods=85 adapters=78
 compilation: enabled

Compilation events (10 events):
Event: 24.215 Thread 0x0212f800   80             sun.nio.cs.SingleByte$Encoder::encodeArrayLoop (236 bytes)
Event: 24.217 Thread 0x0212f800 nmethod 80 0x022b7c48 code [0x022b7f60, 0x022b8a5c]
Event: 25.402 Thread 0x0212f800   81             java.nio.Buffer::position (5 bytes)
Event: 25.403 Thread 0x0212f800 nmethod 81 0x022ba048 code [0x022ba140, 0x022ba1c0]
Event: 25.403 Thread 0x0212f800   82             state::<init> (282 bytes)
Event: 25.404 Thread 0x0212f800 nmethod 82 0x022ba208 code [0x022ba460, 0x022bab68]
Event: 25.621 Thread 0x0212f800   83             java.nio.ByteBuffer::arrayOffset (35 bytes)
Event: 25.621 Thread 0x0212f800 nmethod 83 0x022bb748 code [0x022bb860, 0x022bb9c8]
Event: 26.637 Thread 0x0212f800   85             bwapi.UnitType::get (53 bytes)
Event: 26.637 Thread 0x0212f800 nmethod 85 0x022bbd48 code [0x022bbe80, 0x022bc030]

GC Heap History (4 events):
Event: 26.184 GC heap before
{Heap before GC invocations=0 (full 0):
 def new generation   total 4928K, used 4416K [0x04400000, 0x04950000, 0x09950000)
  eden space 4416K, 100% used [0x04400000, 0x04850000, 0x04850000)
  from space 512K,   0% used [0x04850000, 0x04850000, 0x048d0000)
  to   space 512K,   0% used [0x048d0000, 0x048d0000, 0x04950000)
 tenured generation   total 10944K, used 0K [0x09950000, 0x0a400000, 0x14400000)
   the space 10944K,   0% used [0x09950000, 0x09950000, 0x09950200, 0x0a400000)
 Metaspace       used 394K, capacity 2600K, committed 2624K, reserved 4480K
Event: 26.185 GC heap after
Heap after GC invocations=1 (full 0):
 def new generation   total 4928K, used 511K [0x04400000, 0x04950000, 0x09950000)
  eden space 4416K,   0% used [0x04400000, 0x04400000, 0x04850000)
  from space 512K,  99% used [0x048d0000, 0x0494ff98, 0x04950000)
  to   space 512K,   0% used [0x04850000, 0x04850000, 0x048d0000)
 tenured generation   total 10944K, used 17K [0x09950000, 0x0a400000, 0x14400000)
   the space 10944K,   0% used [0x09950000, 0x099547e8, 0x09954800, 0x0a400000)
 Metaspace       used 394K, capacity 2600K, committed 2624K, reserved 4480K
}
Event: 26.907 GC heap before
{Heap before GC invocations=1 (full 0):
 def new generation   total 4928K, used 4927K [0x04400000, 0x04950000, 0x09950000)
  eden space 4416K, 100% used [0x04400000, 0x04850000, 0x04850000)
  from space 512K,  99% used [0x048d0000, 0x0494ff98, 0x04950000)
  to   space 512K,   0% used [0x04850000, 0x04850000, 0x048d0000)
 tenured generation   total 10944K, used 17K [0x09950000, 0x0a400000, 0x14400000)
   the space 10944K,   0% used [0x09950000, 0x099547e8, 0x09954800, 0x0a400000)
 Metaspace       used 395K, capacity 2600K, committed 2624K, reserved 4480K
Event: 26.907 GC heap after
Heap after GC invocations=2 (full 0):
 def new generation   total 4928K, used 3K [0x04400000, 0x04950000, 0x09950000)
  eden space 4416K,   0% used [0x04400000, 0x04400000, 0x04850000)
  from space 512K,   0% used [0x04850000, 0x04850df8, 0x048d0000)
  to   space 512K,   0% used [0x048d0000, 0x048d0000, 0x04950000)
 tenured generation   total 10944K, used 358K [0x09950000, 0x0a400000, 0x14400000)
   the space 10944K,   3% used [0x09950000, 0x099a9800, 0x099a9800, 0x0a400000)
 Metaspace       used 395K, capacity 2600K, committed 2624K, reserved 4480K
}

Deoptimization events (0 events):
No events

Internal exceptions (2 events):
Event: 0.042 Thread 0x021fbc00 Exception <a 'java/lang/NoSuchMethodError': Method sun.misc.Unsafe.defineClass(Ljava/lang/String;[BII)Ljava/lang/Class; name or signature does not match> (0x04407990) thrown at [C:\re\workspace\8-2-build-windows-i586-cygwin\jdk8u111\7883\hotspot\src\share
Event: 0.043 Thread 0x021fbc00 Exception <a 'java/lang/NoSuchMethodError': Method sun.misc.Unsafe.prefetchRead(Ljava/lang/Object;J)V name or signature does not match> (0x04407c60) thrown at [C:\re\workspace\8-2-build-windows-i586-cygwin\jdk8u111\7883\hotspot\src\share\vm\prims\jni.cpp,

Events (10 events):
Event: 26.184 Executing VM operation: GenCollectForAllocation
Event: 26.185 Executing VM operation: GenCollectForAllocation done
Event: 26.186 Executing VM operation: RevokeBias
Event: 26.186 Executing VM operation: RevokeBias done
Event: 26.186 Executing VM operation: RevokeBias
Event: 26.186 Executing VM operation: RevokeBias done
Event: 26.186 Executing VM operation: RevokeBias
Event: 26.186 Executing VM operation: RevokeBias done
Event: 26.907 Executing VM operation: GenCollectForAllocation
Event: 26.907 Executing VM operation: GenCollectForAllocation done


Dynamic libraries:
0x00be0000 - 0x00c13000 	C:\Program Files (x86)\Java\jre1.8.0_111\bin\javaw.exe
0x77460000 - 0x775e2000 	C:\WINDOWS\SYSTEM32\ntdll.dll
0x75dd0000 - 0x75eb0000 	C:\WINDOWS\System32\KERNEL32.DLL
0x76830000 - 0x769d1000 	C:\WINDOWS\System32\KERNELBASE.dll
0x75480000 - 0x754f7000 	C:\WINDOWS\System32\ADVAPI32.dll
0x76210000 - 0x762ce000 	C:\WINDOWS\System32\msvcrt.dll
0x76360000 - 0x763a1000 	C:\WINDOWS\System32\sechost.dll
0x76bc0000 - 0x76c81000 	C:\WINDOWS\System32\RPCRT4.dll
0x75300000 - 0x7531e000 	C:\WINDOWS\System32\SspiCli.dll
0x752f0000 - 0x752fa000 	C:\WINDOWS\System32\CRYPTBASE.dll
0x761b0000 - 0x7620a000 	C:\WINDOWS\System32\bcryptPrimitives.dll
0x756f0000 - 0x7584f000 	C:\WINDOWS\System32\USER32.dll
0x76340000 - 0x76355000 	C:\WINDOWS\System32\win32u.dll
0x76b90000 - 0x76bbb000 	C:\WINDOWS\System32\GDI32.dll
0x75320000 - 0x7547b000 	C:\WINDOWS\System32\gdi32full.dll
0x6c6b0000 - 0x6c8ba000 	C:\WINDOWS\WinSxS\x86_microsoft.windows.common-controls_6595b64144ccf1df_6.0.14393.447_none_89c64d28dafea4b9\COMCTL32.dll
0x76c90000 - 0x76ea1000 	C:\WINDOWS\System32\combase.dll
0x75eb0000 - 0x75f90000 	C:\WINDOWS\System32\ucrtbase.dll
0x76610000 - 0x76635000 	C:\WINDOWS\System32\IMM32.DLL
0x54880000 - 0x5493f000 	C:\Program Files (x86)\Java\jre1.8.0_111\bin\msvcr100.dll
0x77a40000 - 0x77e0d000 	C:\Program Files (x86)\Java\jre1.8.0_111\bin\client\jvm.dll
0x75dc0000 - 0x75dc6000 	C:\WINDOWS\System32\PSAPI.DLL
0x74630000 - 0x74638000 	C:\WINDOWS\SYSTEM32\WSOCK32.dll
0x762d0000 - 0x76333000 	C:\WINDOWS\System32\WS2_32.dll
0x74a20000 - 0x74a44000 	C:\WINDOWS\SYSTEM32\WINMM.dll
0x74ca0000 - 0x74ca8000 	C:\WINDOWS\SYSTEM32\VERSION.dll
0x74640000 - 0x74663000 	C:\WINDOWS\SYSTEM32\WINMMBASE.dll
0x763b0000 - 0x763e6000 	C:\WINDOWS\System32\cfgmgr32.dll
0x502a0000 - 0x502ac000 	C:\Program Files (x86)\Java\jre1.8.0_111\bin\verify.dll
0x50270000 - 0x50291000 	C:\Program Files (x86)\Java\jre1.8.0_111\bin\java.dll
0x50250000 - 0x50263000 	C:\Program Files (x86)\Java\jre1.8.0_111\bin\zip.dll
0x73150000 - 0x74529000 	C:\WINDOWS\System32\SHELL32.dll
0x75850000 - 0x75dbe000 	C:\WINDOWS\System32\windows.storage.dll
0x76160000 - 0x761a5000 	C:\WINDOWS\System32\powrprof.dll
0x75510000 - 0x75556000 	C:\WINDOWS\System32\shlwapi.dll
0x75f90000 - 0x75f9d000 	C:\WINDOWS\System32\kernel.appcore.dll
0x75660000 - 0x756e8000 	C:\WINDOWS\System32\shcore.dll
0x76b80000 - 0x76b8f000 	C:\WINDOWS\System32\profapi.dll
0x516f0000 - 0x51976000 	D:\GoogleDrive\cs545\project\ExampleBot2_5\ExampleBot\bwapi_bridge2_5.dll
0x51670000 - 0x516e1000 	C:\Program Files (x86)\Java\jre1.8.0_111\bin\MSVCP120.dll
0x6f540000 - 0x6f59e000 	D:\GoogleDrive\cs545\project\ExampleBot2_5\ExampleBot\libmpfr-4.dll
0x6acc0000 - 0x6ad27000 	D:\GoogleDrive\cs545\project\ExampleBot2_5\ExampleBot\libgmp-10.dll
0x51580000 - 0x5166e000 	C:\Program Files (x86)\Java\jre1.8.0_111\bin\MSVCR120.dll
0x74d60000 - 0x74ea5000 	C:\WINDOWS\SYSTEM32\dbghelp.dll

VM Arguments:
jvm_args: -Dfile.encoding=Cp1252 
java_command: project
java_class_path (initial): D:\GoogleDrive\cs545\project\ExampleBot2_5\ExampleBot\bin;D:\GoogleDrive\cs545\project\ExampleBot2_5\ExampleBot\lib\bwmirror_v2_5.jar
Launcher Type: SUN_STANDARD

Environment Variables:
PATH=C:/Program Files (x86)/Java/jre1.8.0_111/bin/client;C:/Program Files (x86)/Java/jre1.8.0_111/bin;C:/Program Files (x86)/Java/jre1.8.0_111/lib/i386;C:\ProgramData\Oracle\Java\javapath;C:\WINDOWS\system32;C:\WINDOWS;C:\WINDOWS\System32\Wbem;C:\WINDOWS\System32\WindowsPowerShell\v1.0\;C:\Program Files\Intel\WiFi\bin\;C:\Program Files\Common Files\Intel\WirelessCommon\;C:\Program Files\Anaconda3;C:\Program Files\Anaconda3\Scripts;C:\Program Files\Anaconda3\Library\bin;;C:\Users\lswxx\AppData\Local\Microsoft\WindowsApps;D:\eclipse-jee-neon-1a-win32\eclipse;
USERNAME=lswxx
OS=Windows_NT
PROCESSOR_IDENTIFIER=Intel64 Family 6 Model 78 Stepping 3, GenuineIntel



---------------  S Y S T E M  ---------------

OS: Windows 10.0 , 64 bit Build 14393 (10.0.14393.0)

CPU:total 4 (2 cores per cpu, 2 threads per core) family 6 model 78 stepping 3, cmov, cx8, fxsr, mmx, sse, sse2, sse3, ssse3, sse4.1, sse4.2, popcnt, avx, avx2, aes, clmul, erms, 3dnowpref, lzcnt, ht, tsc, tscinvbit, bmi1, bmi2, adx

Memory: 4k page, physical 8292256k(3687192k free), swap 9602976k(3251252k free)

vm_info: Java HotSpot(TM) Client VM (25.111-b14) for windows-x86 JRE (1.8.0_111-b14), built on Sep 22 2016 18:54:33 by "java_re" with MS VC++ 10.0 (VS2010)

time: Wed Dec 07 20:51:41 2016
elapsed time: 26 seconds (0d 0h 0m 26s)

