#
# A fatal error has been detected by the Java Runtime Environment:
#
#  EXCEPTION_ACCESS_VIOLATION (0xc0000005) at pc=0x669bb7f5, pid=5460, tid=0x00003798
#
# JRE version: Java(TM) SE Runtime Environment (8.0_111-b14) (build 1.8.0_111-b14)
# Java VM: Java HotSpot(TM) Client VM (25.111-b14 mixed mode windows-x86 )
# Problematic frame:
# C  [bwapi_bridge2_5.dll+0x9b7f5]
#
# Failed to write core dump. Minidumps are not enabled by default on client versions of Windows
#
# If you would like to submit a bug report, please visit:
#   http://bugreport.java.com/bugreport/crash.jsp
# The crash happened outside the Java Virtual Machine in native code.
# See problematic frame for where to report the bug.
#

---------------  T H R E A D  ---------------

Current thread (0x02abbc00):  JavaThread "main" [_thread_in_native, id=14232, stack(0x02950000,0x029a0000)]

siginfo: ExceptionCode=0xc0000005, writing address 0x177ad000

Registers:
EAX=0x00010554, EBX=0x02abbc00, ECX=0x15830000, EDX=0x00f5ad78
ESP=0x0299d7fc, EBP=0x0299d880, ESI=0x17cb6020, EDI=0x0299d8f8
EIP=0x669bb7f5, EFLAGS=0x00010202

Top of Stack: (sp=0x0299d7fc)
0x0299d7fc:   a3f899ca 0299d8f8 17cb6020 0299d7f8
0x0299d80c:   00000000 0000000f 17cb6020 0787020a
0x0299d81c:   179ede30 0000000a 00000000 ffffffff
0x0299d82c:   00000231 00000138 00000000 00000000
0x0299d83c:   0000000f 00000000 0299d8f8 66af013c
0x0299d84c:   17cb6020 0000000a 00000000 00000231
0x0299d85c:   00000138 00000000 ffffffff ffffffff
0x0299d86c:   00f60058 02abbc00 0299dbb4 66acc4c0 

Instructions: (pc=0x669bb7f5)
0x669bb7d5:   0f 6f 44 24 24 8b 4a 14 8b 81 48 a5 ef 01 8d 04
0x669bb7e5:   40 f3 0f 7f 84 c1 4c a5 ef 01 f3 0f 7e 44 24 34
0x669bb7f5:   66 0f d6 84 c1 5c a5 ef 01 8b ca 8b 42 14 ff 80
0x669bb805:   48 a5 ef 01 8b 02 8b 40 50 ff d0 f3 0f 6f 45 08 


Register to memory mapping:

EAX=0x00010554 is an unknown value
EBX=0x02abbc00 is a thread
ECX=0x15830000 is an unknown value
EDX=0x00f5ad78 is an unknown value
ESP=0x0299d7fc is pointing into the stack for thread: 0x02abbc00
EBP=0x0299d880 is pointing into the stack for thread: 0x02abbc00
ESI=0x17cb6020 is an unknown value
EDI=0x0299d8f8 is pointing into the stack for thread: 0x02abbc00


Stack: [0x02950000,0x029a0000],  sp=0x0299d7fc,  free space=309k
Native frames: (J=compiled Java code, j=interpreted, Vv=VM code, C=native code)
C  [bwapi_bridge2_5.dll+0x9b7f5]
C  [bwapi_bridge2_5.dll+0x397cd]
J 144  bwapi.Unit.move_native(JLbwapi/Position;)Z (0 bytes) @ 0x02b8c0f8 [0x02b8c050+0xa8]
J 118 C1 Qlearning.run()V (427 bytes) @ 0x02b838e0 [0x02b83450+0x490]
J 143 C1 project.onFrame()V (129 bytes) @ 0x02b8b0b8 [0x02b8acb0+0x408]
j  bwapi.AIModule.onFrame()V+11
v  ~StubRoutines::call_stub
V  [jvm.dll+0x15a895]
V  [jvm.dll+0x220bfe]
V  [jvm.dll+0x15a92e]
V  [jvm.dll+0xdc7cb]
V  [jvm.dll+0xdf75c]
C  [bwapi_bridge2_5.dll+0x1b20d]
C  [bwapi_bridge2_5.dll+0x75101]
j  bwapi.Mirror.startGame()V+0
j  project.run()V+15
j  project.main([Ljava/lang/String;)V+7
v  ~StubRoutines::call_stub
V  [jvm.dll+0x15a895]
V  [jvm.dll+0x220bfe]
V  [jvm.dll+0x15a92e]
V  [jvm.dll+0xdc597]
V  [jvm.dll+0xe4b2f]
C  [javaw.exe+0x22ab]
C  [javaw.exe+0xaecf]
C  [javaw.exe+0xaf59]
C  [KERNEL32.DLL+0x162c4]
C  [ntdll.dll+0x60719]
C  [ntdll.dll+0x606e4]
C  0x00000000

Java frames: (J=compiled Java code, j=interpreted, Vv=VM code)
J 144  bwapi.Unit.move_native(JLbwapi/Position;)Z (0 bytes) @ 0x02b8c0b4 [0x02b8c050+0x64]
J 118 C1 Qlearning.run()V (427 bytes) @ 0x02b838e0 [0x02b83450+0x490]
J 143 C1 project.onFrame()V (129 bytes) @ 0x02b8b0b8 [0x02b8acb0+0x408]
j  bwapi.AIModule.onFrame()V+11
v  ~StubRoutines::call_stub
j  bwapi.Mirror.startGame()V+0
j  project.run()V+15
j  project.main([Ljava/lang/String;)V+7
v  ~StubRoutines::call_stub

---------------  P R O C E S S  ---------------

Java Threads: ( => current thread )
  0x15196400 JavaThread "Service Thread" daemon [_thread_blocked, id=1168, stack(0x15750000,0x157a0000)]
  0x15175800 JavaThread "C1 CompilerThread0" daemon [_thread_blocked, id=2600, stack(0x156c0000,0x15710000)]
  0x15174400 JavaThread "Attach Listener" daemon [_thread_blocked, id=13732, stack(0x15630000,0x15680000)]
  0x15172800 JavaThread "Signal Dispatcher" daemon [_thread_blocked, id=12868, stack(0x155a0000,0x155f0000)]
  0x15169400 JavaThread "Finalizer" daemon [_thread_blocked, id=10868, stack(0x15420000,0x15470000)]
  0x15153c00 JavaThread "Reference Handler" daemon [_thread_blocked, id=12248, stack(0x15390000,0x153e0000)]
=>0x02abbc00 JavaThread "main" [_thread_in_native, id=14232, stack(0x02950000,0x029a0000)]

Other Threads:
  0x02a9c000 VMThread [stack: 0x15100000,0x15150000] [id=8928]
  0x151a5800 WatcherThread [stack: 0x157e0000,0x15830000] [id=8532]

VM state:not at safepoint (normal execution)

VM Mutex/Monitor currently owned by a thread: None

Heap:
 def new generation   total 4928K, used 3727K [0x04c00000, 0x05150000, 0x0a150000)
  eden space 4416K,  78% used [0x04c00000, 0x04f5d3a0, 0x05050000)
  from space 512K,  55% used [0x050d0000, 0x051168c8, 0x05150000)
  to   space 512K,   0% used [0x05050000, 0x05050000, 0x050d0000)
 tenured generation   total 10944K, used 1174K [0x0a150000, 0x0ac00000, 0x14c00000)
   the space 10944K,  10% used [0x0a150000, 0x0a275ba0, 0x0a275c00, 0x0ac00000)
 Metaspace       used 2058K, capacity 2600K, committed 2624K, reserved 4480K

Card table byte_map: [0x04b40000,0x04bd0000] byte_map_base: 0x04b1a000

Polling page: 0x02890000

CodeCache: size=32768Kb used=823Kb max_used=823Kb free=31944Kb
 bounds [0x02ac0000, 0x02b90000, 0x04ac0000]
 total_blobs=296 nmethods=149 adapters=78
 compilation: enabled

Compilation events (10 events):
Event: 16.928 Thread 0x15175800  145             bwapi.Position::equals (49 bytes)
Event: 16.928 Thread 0x15175800 nmethod 145 0x02b8c208 code [0x02b8c310, 0x02b8c450]
Event: 17.770 Thread 0x15175800  146             java.util.HashMap::putVal (300 bytes)
Event: 17.771 Thread 0x15175800 nmethod 146 0x02b8c508 code [0x02b8c6b0, 0x02b8cb48]
Event: 18.496 Thread 0x15175800  147             java.util.ArrayList::rangeCheck (22 bytes)
Event: 18.497 Thread 0x15175800 nmethod 147 0x02b8d108 code [0x02b8d250, 0x02b8d4f8]
Event: 18.497 Thread 0x15175800  148             java.util.ArrayList::get (11 bytes)
Event: 18.497 Thread 0x15175800 nmethod 148 0x02b8d788 code [0x02b8d8a0, 0x02b8d9d8]
Event: 18.497 Thread 0x15175800  149             java.util.ArrayList::elementData (7 bytes)
Event: 18.497 Thread 0x15175800 nmethod 149 0x02b8db48 code [0x02b8dc40, 0x02b8dce0]

GC Heap History (10 events):
Event: 20.230 GC heap before
{Heap before GC invocations=36 (full 0):
 def new generation   total 4928K, used 4686K [0x04c00000, 0x05150000, 0x0a150000)
  eden space 4416K, 100% used [0x04c00000, 0x05050000, 0x05050000)
  from space 512K,  52% used [0x05050000, 0x05093bc0, 0x050d0000)
  to   space 512K,   0% used [0x050d0000, 0x050d0000, 0x05150000)
 tenured generation   total 10944K, used 1010K [0x0a150000, 0x0ac00000, 0x14c00000)
   the space 10944K,   9% used [0x0a150000, 0x0a24cad0, 0x0a24cc00, 0x0ac00000)
 Metaspace       used 2058K, capacity 2600K, committed 2624K, reserved 4480K
Event: 20.231 GC heap after
Heap after GC invocations=37 (full 0):
 def new generation   total 4928K, used 277K [0x04c00000, 0x05150000, 0x0a150000)
  eden space 4416K,   0% used [0x04c00000, 0x04c00000, 0x05050000)
  from space 512K,  54% used [0x050d0000, 0x05115520, 0x05150000)
  to   space 512K,   0% used [0x05050000, 0x05050000, 0x050d0000)
 tenured generation   total 10944K, used 1034K [0x0a150000, 0x0ac00000, 0x14c00000)
   the space 10944K,   9% used [0x0a150000, 0x0a252a28, 0x0a252c00, 0x0ac00000)
 Metaspace       used 2058K, capacity 2600K, committed 2624K, reserved 4480K
}
Event: 20.316 GC heap before
{Heap before GC invocations=37 (full 0):
 def new generation   total 4928K, used 4693K [0x04c00000, 0x05150000, 0x0a150000)
  eden space 4416K, 100% used [0x04c00000, 0x05050000, 0x05050000)
  from space 512K,  54% used [0x050d0000, 0x05115520, 0x05150000)
  to   space 512K,   0% used [0x05050000, 0x05050000, 0x050d0000)
 tenured generation   total 10944K, used 1034K [0x0a150000, 0x0ac00000, 0x14c00000)
   the space 10944K,   9% used [0x0a150000, 0x0a252a28, 0x0a252c00, 0x0ac00000)
 Metaspace       used 2058K, capacity 2600K, committed 2624K, reserved 4480K
Event: 20.316 GC heap after
Heap after GC invocations=38 (full 0):
 def new generation   total 4928K, used 296K [0x04c00000, 0x05150000, 0x0a150000)
  eden space 4416K,   0% used [0x04c00000, 0x04c00000, 0x05050000)
  from space 512K,  57% used [0x05050000, 0x0509a128, 0x050d0000)
  to   space 512K,   0% used [0x050d0000, 0x050d0000, 0x05150000)
 tenured generation   total 10944K, used 1058K [0x0a150000, 0x0ac00000, 0x14c00000)
   the space 10944K,   9% used [0x0a150000, 0x0a258980, 0x0a258a00, 0x0ac00000)
 Metaspace       used 2058K, capacity 2600K, committed 2624K, reserved 4480K
}
Event: 20.409 GC heap before
{Heap before GC invocations=38 (full 0):
 def new generation   total 4928K, used 4712K [0x04c00000, 0x05150000, 0x0a150000)
  eden space 4416K, 100% used [0x04c00000, 0x05050000, 0x05050000)
  from space 512K,  57% used [0x05050000, 0x0509a128, 0x050d0000)
  to   space 512K,   0% used [0x050d0000, 0x050d0000, 0x05150000)
 tenured generation   total 10944K, used 1058K [0x0a150000, 0x0ac00000, 0x14c00000)
   the space 10944K,   9% used [0x0a150000, 0x0a258980, 0x0a258a00, 0x0ac00000)
 Metaspace       used 2058K, capacity 2600K, committed 2624K, reserved 4480K
Event: 20.410 GC heap after
Heap after GC invocations=39 (full 0):
 def new generation   total 4928K, used 256K [0x04c00000, 0x05150000, 0x0a150000)
  eden space 4416K,   0% used [0x04c00000, 0x04c00000, 0x05050000)
  from space 512K,  50% used [0x050d0000, 0x05110380, 0x05150000)
  to   space 512K,   0% used [0x05050000, 0x05050000, 0x050d0000)
 tenured generation   total 10944K, used 1127K [0x0a150000, 0x0ac00000, 0x14c00000)
   the space 10944K,  10% used [0x0a150000, 0x0a269cf0, 0x0a269e00, 0x0ac00000)
 Metaspace       used 2058K, capacity 2600K, committed 2624K, reserved 4480K
}
Event: 20.494 GC heap before
{Heap before GC invocations=39 (full 0):
 def new generation   total 4928K, used 4672K [0x04c00000, 0x05150000, 0x0a150000)
  eden space 4416K, 100% used [0x04c00000, 0x05050000, 0x05050000)
  from space 512K,  50% used [0x050d0000, 0x05110380, 0x05150000)
  to   space 512K,   0% used [0x05050000, 0x05050000, 0x050d0000)
 tenured generation   total 10944K, used 1127K [0x0a150000, 0x0ac00000, 0x14c00000)
   the space 10944K,  10% used [0x0a150000, 0x0a269cf0, 0x0a269e00, 0x0ac00000)
 Metaspace       used 2058K, capacity 2600K, committed 2624K, reserved 4480K
Event: 20.494 GC heap after
Heap after GC invocations=40 (full 0):
 def new generation   total 4928K, used 266K [0x04c00000, 0x05150000, 0x0a150000)
  eden space 4416K,   0% used [0x04c00000, 0x04c00000, 0x05050000)
  from space 512K,  52% used [0x05050000, 0x05092b10, 0x050d0000)
  to   space 512K,   0% used [0x050d0000, 0x050d0000, 0x05150000)
 tenured generation   total 10944K, used 1153K [0x0a150000, 0x0ac00000, 0x14c00000)
   the space 10944K,  10% used [0x0a150000, 0x0a2706e0, 0x0a270800, 0x0ac00000)
 Metaspace       used 2058K, capacity 2600K, committed 2624K, reserved 4480K
}
Event: 20.578 GC heap before
{Heap before GC invocations=40 (full 0):
 def new generation   total 4928K, used 4682K [0x04c00000, 0x05150000, 0x0a150000)
  eden space 4416K, 100% used [0x04c00000, 0x05050000, 0x05050000)
  from space 512K,  52% used [0x05050000, 0x05092b10, 0x050d0000)
  to   space 512K,   0% used [0x050d0000, 0x050d0000, 0x05150000)
 tenured generation   total 10944K, used 1153K [0x0a150000, 0x0ac00000, 0x14c00000)
   the space 10944K,  10% used [0x0a150000, 0x0a2706e0, 0x0a270800, 0x0ac00000)
 Metaspace       used 2058K, capacity 2600K, committed 2624K, reserved 4480K
Event: 20.578 GC heap after
Heap after GC invocations=41 (full 0):
 def new generation   total 4928K, used 282K [0x04c00000, 0x05150000, 0x0a150000)
  eden space 4416K,   0% used [0x04c00000, 0x04c00000, 0x05050000)
  from space 512K,  55% used [0x050d0000, 0x051168c8, 0x05150000)
  to   space 512K,   0% used [0x05050000, 0x05050000, 0x050d0000)
 tenured generation   total 10944K, used 1174K [0x0a150000, 0x0ac00000, 0x14c00000)
   the space 10944K,  10% used [0x0a150000, 0x0a275ba0, 0x0a275c00, 0x0ac00000)
 Metaspace       used 2058K, capacity 2600K, committed 2624K, reserved 4480K
}

Deoptimization events (0 events):
No events

Internal exceptions (2 events):
Event: 0.023 Thread 0x02abbc00 Exception <a 'java/lang/NoSuchMethodError': Method sun.misc.Unsafe.defineClass(Ljava/lang/String;[BII)Ljava/lang/Class; name or signature does not match> (0x04c06e68) thrown at [C:\re\workspace\8-2-build-windows-i586-cygwin\jdk8u111\7883\hotspot\src\share
Event: 0.023 Thread 0x02abbc00 Exception <a 'java/lang/NoSuchMethodError': Method sun.misc.Unsafe.prefetchRead(Ljava/lang/Object;J)V name or signature does not match> (0x04c07138) thrown at [C:\re\workspace\8-2-build-windows-i586-cygwin\jdk8u111\7883\hotspot\src\share\vm\prims\jni.cpp,

Events (10 events):
Event: 20.230 Executing VM operation: GenCollectForAllocation
Event: 20.231 Executing VM operation: GenCollectForAllocation done
Event: 20.316 Executing VM operation: GenCollectForAllocation
Event: 20.316 Executing VM operation: GenCollectForAllocation done
Event: 20.409 Executing VM operation: GenCollectForAllocation
Event: 20.410 Executing VM operation: GenCollectForAllocation done
Event: 20.494 Executing VM operation: GenCollectForAllocation
Event: 20.494 Executing VM operation: GenCollectForAllocation done
Event: 20.578 Executing VM operation: GenCollectForAllocation
Event: 20.578 Executing VM operation: GenCollectForAllocation done


Dynamic libraries:
0x002e0000 - 0x00313000 	C:\Program Files (x86)\Java\jre1.8.0_111\bin\javaw.exe
0x77a90000 - 0x77c12000 	C:\WINDOWS\SYSTEM32\ntdll.dll
0x76fa0000 - 0x77080000 	C:\WINDOWS\System32\KERNEL32.DLL
0x75120000 - 0x752c1000 	C:\WINDOWS\System32\KERNELBASE.dll
0x77a00000 - 0x77a77000 	C:\WINDOWS\System32\ADVAPI32.dll
0x747a0000 - 0x7485e000 	C:\WINDOWS\System32\msvcrt.dll
0x766b0000 - 0x766f1000 	C:\WINDOWS\System32\sechost.dll
0x768f0000 - 0x769b1000 	C:\WINDOWS\System32\RPCRT4.dll
0x74550000 - 0x7456e000 	C:\WINDOWS\System32\SspiCli.dll
0x74540000 - 0x7454a000 	C:\WINDOWS\System32\CRYPTBASE.dll
0x74600000 - 0x7465a000 	C:\WINDOWS\System32\bcryptPrimitives.dll
0x77080000 - 0x771df000 	C:\WINDOWS\System32\USER32.dll
0x76a60000 - 0x76a75000 	C:\WINDOWS\System32\win32u.dll
0x76a30000 - 0x76a5b000 	C:\WINDOWS\System32\GDI32.dll
0x74fb0000 - 0x7510b000 	C:\WINDOWS\System32\gdi32full.dll
0x6eec0000 - 0x6f0ca000 	C:\WINDOWS\WinSxS\x86_microsoft.windows.common-controls_6595b64144ccf1df_6.0.14393.447_none_89c64d28dafea4b9\COMCTL32.dll
0x771e0000 - 0x773f1000 	C:\WINDOWS\System32\combase.dll
0x74b30000 - 0x74c10000 	C:\WINDOWS\System32\ucrtbase.dll
0x74d90000 - 0x74db5000 	C:\WINDOWS\System32\IMM32.DLL
0x66bb0000 - 0x66c6f000 	C:\Program Files (x86)\Java\jre1.8.0_111\bin\msvcr100.dll
0x5e190000 - 0x5e55d000 	C:\Program Files (x86)\Java\jre1.8.0_111\bin\client\jvm.dll
0x77a80000 - 0x77a86000 	C:\WINDOWS\System32\PSAPI.DLL
0x732a0000 - 0x732a8000 	C:\WINDOWS\SYSTEM32\WSOCK32.dll
0x74300000 - 0x74308000 	C:\WINDOWS\SYSTEM32\VERSION.dll
0x76790000 - 0x767f3000 	C:\WINDOWS\System32\WS2_32.dll
0x73460000 - 0x73484000 	C:\WINDOWS\SYSTEM32\WINMM.dll
0x028b0000 - 0x028d3000 	C:\WINDOWS\SYSTEM32\WINMMBASE.dll
0x76e90000 - 0x76ec6000 	C:\WINDOWS\System32\cfgmgr32.dll
0x5fb90000 - 0x5fb9c000 	C:\Program Files (x86)\Java\jre1.8.0_111\bin\verify.dll
0x5fb60000 - 0x5fb81000 	C:\Program Files (x86)\Java\jre1.8.0_111\bin\java.dll
0x5fb40000 - 0x5fb53000 	C:\Program Files (x86)\Java\jre1.8.0_111\bin\zip.dll
0x752d0000 - 0x766a9000 	C:\WINDOWS\System32\SHELL32.dll
0x77490000 - 0x779fe000 	C:\WINDOWS\System32\windows.storage.dll
0x74750000 - 0x74795000 	C:\WINDOWS\System32\powrprof.dll
0x769c0000 - 0x76a06000 	C:\WINDOWS\System32\shlwapi.dll
0x75110000 - 0x7511d000 	C:\WINDOWS\System32\kernel.appcore.dll
0x77400000 - 0x77488000 	C:\WINDOWS\System32\shcore.dll
0x76f90000 - 0x76f9f000 	C:\WINDOWS\System32\profapi.dll
0x66920000 - 0x66ba6000 	D:\GoogleDrive\cs545\project\ExampleBot2_5\ExampleBot\bwapi_bridge2_5.dll
0x6acc0000 - 0x6ad27000 	D:\GoogleDrive\cs545\project\ExampleBot2_5\ExampleBot\libgmp-10.dll
0x668a0000 - 0x66911000 	C:\Program Files (x86)\Java\jre1.8.0_111\bin\MSVCP120.dll
0x6f540000 - 0x6f59e000 	D:\GoogleDrive\cs545\project\ExampleBot2_5\ExampleBot\libmpfr-4.dll
0x667b0000 - 0x6689e000 	C:\Program Files (x86)\Java\jre1.8.0_111\bin\MSVCR120.dll
0x6dbf0000 - 0x6dd35000 	C:\WINDOWS\SYSTEM32\dbghelp.dll

VM Arguments:
jvm_args: -Dfile.encoding=Cp1252 
java_command: project
java_class_path (initial): D:\GoogleDrive\cs545\project\ExampleBot2_5\ExampleBot\bin;D:\GoogleDrive\cs545\project\ExampleBot2_5\ExampleBot\lib\bwmirror_v2_5.jar
Launcher Type: SUN_STANDARD

Environment Variables:
PATH=C:/Program Files (x86)/Java/jre1.8.0_111/bin/client;C:/Program Files (x86)/Java/jre1.8.0_111/bin;C:/Program Files (x86)/Java/jre1.8.0_111/lib/i386;C:\ProgramData\Oracle\Java\javapath;C:\WINDOWS\system32;C:\WINDOWS;C:\WINDOWS\System32\Wbem;C:\WINDOWS\System32\WindowsPowerShell\v1.0\;C:\Program Files\Intel\WiFi\bin\;C:\Program Files\Common Files\Intel\WirelessCommon\;C:\Program Files\Anaconda3;C:\Program Files\Anaconda3\Scripts;C:\Program Files\Anaconda3\Library\bin;;C:\Users\lswxx\AppData\Local\Microsoft\WindowsApps;D:\eclipse-jee-neon-1a-win32\eclipse;
USERNAME=lswxx
OS=Windows_NT
PROCESSOR_IDENTIFIER=Intel64 Family 6 Model 78 Stepping 3, GenuineIntel



---------------  S Y S T E M  ---------------

OS: Windows 10.0 , 64 bit Build 14393 (10.0.14393.0)

CPU:total 4 (2 cores per cpu, 2 threads per core) family 6 model 78 stepping 3, cmov, cx8, fxsr, mmx, sse, sse2, sse3, ssse3, sse4.1, sse4.2, popcnt, avx, avx2, aes, clmul, erms, 3dnowpref, lzcnt, ht, tsc, tscinvbit, bmi1, bmi2, adx

Memory: 4k page, physical 8292256k(3169384k free), swap 10844044k(2019332k free)

vm_info: Java HotSpot(TM) Client VM (25.111-b14) for windows-x86 JRE (1.8.0_111-b14), built on Sep 22 2016 18:54:33 by "java_re" with MS VC++ 10.0 (VS2010)

time: Wed Dec 07 17:59:02 2016
elapsed time: 20 seconds (0d 0h 0m 20s)

