#
# A fatal error has been detected by the Java Runtime Environment:
#
#  EXCEPTION_ACCESS_VIOLATION (0xc0000005) at pc=0x669bb7f5, pid=14736, tid=0x00001c80
#
# JRE version: Java(TM) SE Runtime Environment (8.0_111-b14) (build 1.8.0_111-b14)
# Java VM: Java HotSpot(TM) Client VM (25.111-b14 mixed mode windows-x86 )
# Problematic frame:
# C  [bwapi_bridge2_5.dll+0x9b7f5]
#
# Failed to write core dump. Minidumps are not enabled by default on client versions of Windows
#
# If you would like to submit a bug report, please visit:
#   http://bugreport.java.com/bugreport/crash.jsp
# The crash happened outside the Java Virtual Machine in native code.
# See problematic frame for where to report the bug.
#

---------------  T H R E A D  ---------------

Current thread (0x00b5bc00):  JavaThread "main" [_thread_in_native, id=7296, stack(0x00c00000,0x00c50000)]

siginfo: ExceptionCode=0xc0000005, writing address 0x1717d000

Registers:
EAX=0x00010554, EBX=0x00b5bc00, ECX=0x15200000, EDX=0x00a79bd0
ESP=0x00c4d7dc, EBP=0x00c4d860, ESI=0x1766c480, EDI=0x00c4d8d8
EIP=0x669bb7f5, EFLAGS=0x00010206

Top of Stack: (sp=0x00c4d7dc)
0x00c4d7dc:   3c10aadb 00c4d8d8 1766c480 00c4d7d8
0x00c4d7ec:   00000000 0000000f 1766c480 1b6260ca
0x00c4d7fc:   173cb9c0 0000000a 00000008 ffffffff
0x00c4d80c:   000001ae 0000012b 00000000 00000000
0x00c4d81c:   0000000f 00000000 00c4d8d8 66af013c
0x00c4d82c:   1766c480 0000000a 00000000 000001ae
0x00c4d83c:   0000012b 00000000 ffffffff ffffffff
0x00c4d84c:   00a7eeb0 00b5bc00 00c4dba4 66acc4c0 

Instructions: (pc=0x669bb7f5)
0x669bb7d5:   0f 6f 44 24 24 8b 4a 14 8b 81 48 a5 ef 01 8d 04
0x669bb7e5:   40 f3 0f 7f 84 c1 4c a5 ef 01 f3 0f 7e 44 24 34
0x669bb7f5:   66 0f d6 84 c1 5c a5 ef 01 8b ca 8b 42 14 ff 80
0x669bb805:   48 a5 ef 01 8b 02 8b 40 50 ff d0 f3 0f 6f 45 08 


Register to memory mapping:

EAX=0x00010554 is an unknown value
EBX=0x00b5bc00 is a thread
ECX=0x15200000 is an unknown value
EDX=0x00a79bd0 is an unknown value
ESP=0x00c4d7dc is pointing into the stack for thread: 0x00b5bc00
EBP=0x00c4d860 is pointing into the stack for thread: 0x00b5bc00
ESI=0x1766c480 is an unknown value
EDI=0x00c4d8d8 is pointing into the stack for thread: 0x00b5bc00


Stack: [0x00c00000,0x00c50000],  sp=0x00c4d7dc,  free space=309k
Native frames: (J=compiled Java code, j=interpreted, Vv=VM code, C=native code)
C  [bwapi_bridge2_5.dll+0x9b7f5]
C  [bwapi_bridge2_5.dll+0x397cd]
J 155  bwapi.Unit.move_native(JLbwapi/Position;)Z (0 bytes) @ 0x0256f238 [0x0256f190+0xa8]
J 124 C1 Qlearning.run()V (425 bytes) @ 0x025656c8 [0x025650f0+0x5d8]
J 153 C1 project.onFrame()V (129 bytes) @ 0x0256df78 [0x0256db70+0x408]
j  bwapi.AIModule.onFrame()V+11
v  ~StubRoutines::call_stub
V  [jvm.dll+0x15a895]
V  [jvm.dll+0x220bfe]
V  [jvm.dll+0x15a92e]
V  [jvm.dll+0xdc7cb]
V  [jvm.dll+0xdf75c]
C  [bwapi_bridge2_5.dll+0x1b20d]
C  [bwapi_bridge2_5.dll+0x75101]
j  bwapi.Mirror.startGame()V+0
j  project.run()V+15
j  project.main([Ljava/lang/String;)V+7
v  ~StubRoutines::call_stub
V  [jvm.dll+0x15a895]
V  [jvm.dll+0x220bfe]
V  [jvm.dll+0x15a92e]
V  [jvm.dll+0xdc597]
V  [jvm.dll+0xe4b2f]
C  [javaw.exe+0x22ab]
C  [javaw.exe+0xaecf]
C  [javaw.exe+0xaf59]
C  [KERNEL32.DLL+0x162c4]
C  [ntdll.dll+0x60719]
C  [ntdll.dll+0x606e4]
C  0x00000000

Java frames: (J=compiled Java code, j=interpreted, Vv=VM code)
J 155  bwapi.Unit.move_native(JLbwapi/Position;)Z (0 bytes) @ 0x0256f1f4 [0x0256f190+0x64]
J 124 C1 Qlearning.run()V (425 bytes) @ 0x025656c8 [0x025650f0+0x5d8]
J 153 C1 project.onFrame()V (129 bytes) @ 0x0256df78 [0x0256db70+0x408]
j  bwapi.AIModule.onFrame()V+11
v  ~StubRoutines::call_stub
j  bwapi.Mirror.startGame()V+0
j  project.run()V+15
j  project.main([Ljava/lang/String;)V+7
v  ~StubRoutines::call_stub

---------------  P R O C E S S  ---------------

Java Threads: ( => current thread )
  0x14b5e400 JavaThread "Service Thread" daemon [_thread_blocked, id=7852, stack(0x15110000,0x15160000)]
  0x14b35400 JavaThread "C1 CompilerThread0" daemon [_thread_blocked, id=8720, stack(0x15080000,0x150d0000)]
  0x14b34400 JavaThread "Attach Listener" daemon [_thread_blocked, id=8028, stack(0x14ff0000,0x15040000)]
  0x14b32400 JavaThread "Signal Dispatcher" daemon [_thread_blocked, id=2280, stack(0x14f60000,0x14fb0000)]
  0x14b29400 JavaThread "Finalizer" daemon [_thread_blocked, id=6324, stack(0x14de0000,0x14e30000)]
  0x14b13c00 JavaThread "Reference Handler" daemon [_thread_blocked, id=3844, stack(0x14d50000,0x14da0000)]
=>0x00b5bc00 JavaThread "main" [_thread_in_native, id=7296, stack(0x00c00000,0x00c50000)]

Other Threads:
  0x0249c000 VMThread [stack: 0x14ac0000,0x14b10000] [id=5616]
  0x14b63800 WatcherThread [stack: 0x151a0000,0x151f0000] [id=1820]

VM state:not at safepoint (normal execution)

VM Mutex/Monitor currently owned by a thread: None

Heap:
 def new generation   total 4928K, used 711K [0x04600000, 0x04b50000, 0x09b50000)
  eden space 4416K,  16% used [0x04600000, 0x046b0a78, 0x04a50000)
  from space 512K,   0% used [0x04a50000, 0x04a51238, 0x04ad0000)
  to   space 512K,   0% used [0x04ad0000, 0x04ad0000, 0x04b50000)
 tenured generation   total 10944K, used 367K [0x09b50000, 0x0a600000, 0x14600000)
   the space 10944K,   3% used [0x09b50000, 0x09babf70, 0x09bac000, 0x0a600000)
 Metaspace       used 2058K, capacity 2600K, committed 2624K, reserved 4480K

Card table byte_map: [0x04520000,0x045b0000] byte_map_base: 0x044fd000

Polling page: 0x00bd0000

CodeCache: size=32768Kb used=828Kb max_used=828Kb free=31939Kb
 bounds [0x024a0000, 0x02570000, 0x044a0000]
 total_blobs=302 nmethods=155 adapters=78
 compilation: enabled

Compilation events (10 events):
Event: 14.757 Thread 0x14b35400  149             java.util.Random::initialScramble (10 bytes)
Event: 14.757 Thread 0x14b35400 nmethod 149 0x0256cbc8 code [0x0256ccc0, 0x0256cd40]
Event: 14.757 Thread 0x14b35400  150             actions::<init> (43 bytes)
Event: 14.757 Thread 0x14b35400 nmethod 150 0x0256cd88 code [0x0256ce90, 0x0256d050]
Event: 14.761 Thread 0x14b35400  151             bwapi.Position::toString (40 bytes)
Event: 14.761 Thread 0x14b35400 nmethod 151 0x0256d108 code [0x0256d250, 0x0256d498]
Event: 14.761 Thread 0x14b35400  152             bwapi.Position::equals (49 bytes)
Event: 14.761 Thread 0x14b35400 nmethod 152 0x0256d648 code [0x0256d750, 0x0256d890]
Event: 14.817 Thread 0x14b35400  153   !         project::onFrame (129 bytes)
Event: 14.818 Thread 0x14b35400 nmethod 153 0x0256d948 code [0x0256db70, 0x0256e3b4]

GC Heap History (10 events):
Event: 20.619 GC heap before
{Heap before GC invocations=41 (full 0):
 def new generation   total 4928K, used 4419K [0x04600000, 0x04b50000, 0x09b50000)
  eden space 4416K, 100% used [0x04600000, 0x04a50000, 0x04a50000)
  from space 512K,   0% used [0x04ad0000, 0x04ad0fd8, 0x04b50000)
  to   space 512K,   0% used [0x04a50000, 0x04a50000, 0x04ad0000)
 tenured generation   total 10944K, used 367K [0x09b50000, 0x0a600000, 0x14600000)
   the space 10944K,   3% used [0x09b50000, 0x09babf70, 0x09bac000, 0x0a600000)
 Metaspace       used 2058K, capacity 2600K, committed 2624K, reserved 4480K
Event: 20.620 GC heap after
Heap after GC invocations=42 (full 0):
 def new generation   total 4928K, used 3K [0x04600000, 0x04b50000, 0x09b50000)
  eden space 4416K,   0% used [0x04600000, 0x04600000, 0x04a50000)
  from space 512K,   0% used [0x04a50000, 0x04a50c68, 0x04ad0000)
  to   space 512K,   0% used [0x04ad0000, 0x04ad0000, 0x04b50000)
 tenured generation   total 10944K, used 367K [0x09b50000, 0x0a600000, 0x14600000)
   the space 10944K,   3% used [0x09b50000, 0x09babf70, 0x09bac000, 0x0a600000)
 Metaspace       used 2058K, capacity 2600K, committed 2624K, reserved 4480K
}
Event: 20.708 GC heap before
{Heap before GC invocations=42 (full 0):
 def new generation   total 4928K, used 4419K [0x04600000, 0x04b50000, 0x09b50000)
  eden space 4416K, 100% used [0x04600000, 0x04a50000, 0x04a50000)
  from space 512K,   0% used [0x04a50000, 0x04a50c68, 0x04ad0000)
  to   space 512K,   0% used [0x04ad0000, 0x04ad0000, 0x04b50000)
 tenured generation   total 10944K, used 367K [0x09b50000, 0x0a600000, 0x14600000)
   the space 10944K,   3% used [0x09b50000, 0x09babf70, 0x09bac000, 0x0a600000)
 Metaspace       used 2058K, capacity 2600K, committed 2624K, reserved 4480K
Event: 20.708 GC heap after
Heap after GC invocations=43 (full 0):
 def new generation   total 4928K, used 3K [0x04600000, 0x04b50000, 0x09b50000)
  eden space 4416K,   0% used [0x04600000, 0x04600000, 0x04a50000)
  from space 512K,   0% used [0x04ad0000, 0x04ad0f60, 0x04b50000)
  to   space 512K,   0% used [0x04a50000, 0x04a50000, 0x04ad0000)
 tenured generation   total 10944K, used 367K [0x09b50000, 0x0a600000, 0x14600000)
   the space 10944K,   3% used [0x09b50000, 0x09babf70, 0x09bac000, 0x0a600000)
 Metaspace       used 2058K, capacity 2600K, committed 2624K, reserved 4480K
}
Event: 20.794 GC heap before
{Heap before GC invocations=43 (full 0):
 def new generation   total 4928K, used 4419K [0x04600000, 0x04b50000, 0x09b50000)
  eden space 4416K, 100% used [0x04600000, 0x04a50000, 0x04a50000)
  from space 512K,   0% used [0x04ad0000, 0x04ad0f60, 0x04b50000)
  to   space 512K,   0% used [0x04a50000, 0x04a50000, 0x04ad0000)
 tenured generation   total 10944K, used 367K [0x09b50000, 0x0a600000, 0x14600000)
   the space 10944K,   3% used [0x09b50000, 0x09babf70, 0x09bac000, 0x0a600000)
 Metaspace       used 2058K, capacity 2600K, committed 2624K, reserved 4480K
Event: 20.795 GC heap after
Heap after GC invocations=44 (full 0):
 def new generation   total 4928K, used 3K [0x04600000, 0x04b50000, 0x09b50000)
  eden space 4416K,   0% used [0x04600000, 0x04600000, 0x04a50000)
  from space 512K,   0% used [0x04a50000, 0x04a50f38, 0x04ad0000)
  to   space 512K,   0% used [0x04ad0000, 0x04ad0000, 0x04b50000)
 tenured generation   total 10944K, used 367K [0x09b50000, 0x0a600000, 0x14600000)
   the space 10944K,   3% used [0x09b50000, 0x09babf70, 0x09bac000, 0x0a600000)
 Metaspace       used 2058K, capacity 2600K, committed 2624K, reserved 4480K
}
Event: 20.876 GC heap before
{Heap before GC invocations=44 (full 0):
 def new generation   total 4928K, used 4419K [0x04600000, 0x04b50000, 0x09b50000)
  eden space 4416K, 100% used [0x04600000, 0x04a50000, 0x04a50000)
  from space 512K,   0% used [0x04a50000, 0x04a50f38, 0x04ad0000)
  to   space 512K,   0% used [0x04ad0000, 0x04ad0000, 0x04b50000)
 tenured generation   total 10944K, used 367K [0x09b50000, 0x0a600000, 0x14600000)
   the space 10944K,   3% used [0x09b50000, 0x09babf70, 0x09bac000, 0x0a600000)
 Metaspace       used 2058K, capacity 2600K, committed 2624K, reserved 4480K
Event: 20.876 GC heap after
Heap after GC invocations=45 (full 0):
 def new generation   total 4928K, used 3K [0x04600000, 0x04b50000, 0x09b50000)
  eden space 4416K,   0% used [0x04600000, 0x04600000, 0x04a50000)
  from space 512K,   0% used [0x04ad0000, 0x04ad0f38, 0x04b50000)
  to   space 512K,   0% used [0x04a50000, 0x04a50000, 0x04ad0000)
 tenured generation   total 10944K, used 367K [0x09b50000, 0x0a600000, 0x14600000)
   the space 10944K,   3% used [0x09b50000, 0x09babf70, 0x09bac000, 0x0a600000)
 Metaspace       used 2058K, capacity 2600K, committed 2624K, reserved 4480K
}
Event: 20.958 GC heap before
{Heap before GC invocations=45 (full 0):
 def new generation   total 4928K, used 4419K [0x04600000, 0x04b50000, 0x09b50000)
  eden space 4416K, 100% used [0x04600000, 0x04a50000, 0x04a50000)
  from space 512K,   0% used [0x04ad0000, 0x04ad0f38, 0x04b50000)
  to   space 512K,   0% used [0x04a50000, 0x04a50000, 0x04ad0000)
 tenured generation   total 10944K, used 367K [0x09b50000, 0x0a600000, 0x14600000)
   the space 10944K,   3% used [0x09b50000, 0x09babf70, 0x09bac000, 0x0a600000)
 Metaspace       used 2058K, capacity 2600K, committed 2624K, reserved 4480K
Event: 20.958 GC heap after
Heap after GC invocations=46 (full 0):
 def new generation   total 4928K, used 4K [0x04600000, 0x04b50000, 0x09b50000)
  eden space 4416K,   0% used [0x04600000, 0x04600000, 0x04a50000)
  from space 512K,   0% used [0x04a50000, 0x04a51238, 0x04ad0000)
  to   space 512K,   0% used [0x04ad0000, 0x04ad0000, 0x04b50000)
 tenured generation   total 10944K, used 367K [0x09b50000, 0x0a600000, 0x14600000)
   the space 10944K,   3% used [0x09b50000, 0x09babf70, 0x09bac000, 0x0a600000)
 Metaspace       used 2058K, capacity 2600K, committed 2624K, reserved 4480K
}

Deoptimization events (0 events):
No events

Internal exceptions (2 events):
Event: 0.027 Thread 0x00b5bc00 Exception <a 'java/lang/NoSuchMethodError': Method sun.misc.Unsafe.defineClass(Ljava/lang/String;[BII)Ljava/lang/Class; name or signature does not match> (0x04606e68) thrown at [C:\re\workspace\8-2-build-windows-i586-cygwin\jdk8u111\7883\hotspot\src\share
Event: 0.027 Thread 0x00b5bc00 Exception <a 'java/lang/NoSuchMethodError': Method sun.misc.Unsafe.prefetchRead(Ljava/lang/Object;J)V name or signature does not match> (0x04607138) thrown at [C:\re\workspace\8-2-build-windows-i586-cygwin\jdk8u111\7883\hotspot\src\share\vm\prims\jni.cpp,

Events (10 events):
Event: 20.619 Executing VM operation: GenCollectForAllocation
Event: 20.620 Executing VM operation: GenCollectForAllocation done
Event: 20.708 Executing VM operation: GenCollectForAllocation
Event: 20.708 Executing VM operation: GenCollectForAllocation done
Event: 20.794 Executing VM operation: GenCollectForAllocation
Event: 20.795 Executing VM operation: GenCollectForAllocation done
Event: 20.876 Executing VM operation: GenCollectForAllocation
Event: 20.876 Executing VM operation: GenCollectForAllocation done
Event: 20.958 Executing VM operation: GenCollectForAllocation
Event: 20.958 Executing VM operation: GenCollectForAllocation done


Dynamic libraries:
0x002e0000 - 0x00313000 	C:\Program Files (x86)\Java\jre1.8.0_111\bin\javaw.exe
0x77a90000 - 0x77c12000 	C:\WINDOWS\SYSTEM32\ntdll.dll
0x76fa0000 - 0x77080000 	C:\WINDOWS\System32\KERNEL32.DLL
0x75120000 - 0x752c1000 	C:\WINDOWS\System32\KERNELBASE.dll
0x77a00000 - 0x77a77000 	C:\WINDOWS\System32\ADVAPI32.dll
0x747a0000 - 0x7485e000 	C:\WINDOWS\System32\msvcrt.dll
0x766b0000 - 0x766f1000 	C:\WINDOWS\System32\sechost.dll
0x768f0000 - 0x769b1000 	C:\WINDOWS\System32\RPCRT4.dll
0x74550000 - 0x7456e000 	C:\WINDOWS\System32\SspiCli.dll
0x74540000 - 0x7454a000 	C:\WINDOWS\System32\CRYPTBASE.dll
0x74600000 - 0x7465a000 	C:\WINDOWS\System32\bcryptPrimitives.dll
0x77080000 - 0x771df000 	C:\WINDOWS\System32\USER32.dll
0x76a60000 - 0x76a75000 	C:\WINDOWS\System32\win32u.dll
0x76a30000 - 0x76a5b000 	C:\WINDOWS\System32\GDI32.dll
0x74fb0000 - 0x7510b000 	C:\WINDOWS\System32\gdi32full.dll
0x6eec0000 - 0x6f0ca000 	C:\WINDOWS\WinSxS\x86_microsoft.windows.common-controls_6595b64144ccf1df_6.0.14393.447_none_89c64d28dafea4b9\COMCTL32.dll
0x771e0000 - 0x773f1000 	C:\WINDOWS\System32\combase.dll
0x74b30000 - 0x74c10000 	C:\WINDOWS\System32\ucrtbase.dll
0x74d90000 - 0x74db5000 	C:\WINDOWS\System32\IMM32.DLL
0x66bb0000 - 0x66c6f000 	C:\Program Files (x86)\Java\jre1.8.0_111\bin\msvcr100.dll
0x5e190000 - 0x5e55d000 	C:\Program Files (x86)\Java\jre1.8.0_111\bin\client\jvm.dll
0x77a80000 - 0x77a86000 	C:\WINDOWS\System32\PSAPI.DLL
0x732a0000 - 0x732a8000 	C:\WINDOWS\SYSTEM32\WSOCK32.dll
0x73460000 - 0x73484000 	C:\WINDOWS\SYSTEM32\WINMM.dll
0x76790000 - 0x767f3000 	C:\WINDOWS\System32\WS2_32.dll
0x74300000 - 0x74308000 	C:\WINDOWS\SYSTEM32\VERSION.dll
0x00b60000 - 0x00b83000 	C:\WINDOWS\SYSTEM32\WINMMBASE.dll
0x76e90000 - 0x76ec6000 	C:\WINDOWS\System32\cfgmgr32.dll
0x5fb90000 - 0x5fb9c000 	C:\Program Files (x86)\Java\jre1.8.0_111\bin\verify.dll
0x5fb60000 - 0x5fb81000 	C:\Program Files (x86)\Java\jre1.8.0_111\bin\java.dll
0x5fb40000 - 0x5fb53000 	C:\Program Files (x86)\Java\jre1.8.0_111\bin\zip.dll
0x752d0000 - 0x766a9000 	C:\WINDOWS\System32\SHELL32.dll
0x77490000 - 0x779fe000 	C:\WINDOWS\System32\windows.storage.dll
0x74750000 - 0x74795000 	C:\WINDOWS\System32\powrprof.dll
0x769c0000 - 0x76a06000 	C:\WINDOWS\System32\shlwapi.dll
0x75110000 - 0x7511d000 	C:\WINDOWS\System32\kernel.appcore.dll
0x77400000 - 0x77488000 	C:\WINDOWS\System32\shcore.dll
0x76f90000 - 0x76f9f000 	C:\WINDOWS\System32\profapi.dll
0x66920000 - 0x66ba6000 	D:\GoogleDrive\cs545\project\ExampleBot2_5\ExampleBot\bwapi_bridge2_5.dll
0x668a0000 - 0x66911000 	C:\Program Files (x86)\Java\jre1.8.0_111\bin\MSVCP120.dll
0x667b0000 - 0x6689e000 	C:\Program Files (x86)\Java\jre1.8.0_111\bin\MSVCR120.dll
0x6acc0000 - 0x6ad27000 	D:\GoogleDrive\cs545\project\ExampleBot2_5\ExampleBot\libgmp-10.dll
0x6f540000 - 0x6f59e000 	D:\GoogleDrive\cs545\project\ExampleBot2_5\ExampleBot\libmpfr-4.dll
0x6dbf0000 - 0x6dd35000 	C:\WINDOWS\SYSTEM32\dbghelp.dll

VM Arguments:
jvm_args: -Dfile.encoding=Cp1252 
java_command: project
java_class_path (initial): D:\GoogleDrive\cs545\project\ExampleBot2_5\ExampleBot\bin;D:\GoogleDrive\cs545\project\ExampleBot2_5\ExampleBot\lib\bwmirror_v2_5.jar
Launcher Type: SUN_STANDARD

Environment Variables:
PATH=C:/Program Files (x86)/Java/jre1.8.0_111/bin/client;C:/Program Files (x86)/Java/jre1.8.0_111/bin;C:/Program Files (x86)/Java/jre1.8.0_111/lib/i386;C:\ProgramData\Oracle\Java\javapath;C:\WINDOWS\system32;C:\WINDOWS;C:\WINDOWS\System32\Wbem;C:\WINDOWS\System32\WindowsPowerShell\v1.0\;C:\Program Files\Intel\WiFi\bin\;C:\Program Files\Common Files\Intel\WirelessCommon\;C:\Program Files\Anaconda3;C:\Program Files\Anaconda3\Scripts;C:\Program Files\Anaconda3\Library\bin;;C:\Users\lswxx\AppData\Local\Microsoft\WindowsApps;D:\eclipse-jee-neon-1a-win32\eclipse;
USERNAME=lswxx
OS=Windows_NT
PROCESSOR_IDENTIFIER=Intel64 Family 6 Model 78 Stepping 3, GenuineIntel



---------------  S Y S T E M  ---------------

OS: Windows 10.0 , 64 bit Build 14393 (10.0.14393.0)

CPU:total 4 (2 cores per cpu, 2 threads per core) family 6 model 78 stepping 3, cmov, cx8, fxsr, mmx, sse, sse2, sse3, ssse3, sse4.1, sse4.2, popcnt, avx, avx2, aes, clmul, erms, 3dnowpref, lzcnt, ht, tsc, tscinvbit, bmi1, bmi2, adx

Memory: 4k page, physical 8292256k(3177296k free), swap 10844044k(2023152k free)

vm_info: Java HotSpot(TM) Client VM (25.111-b14) for windows-x86 JRE (1.8.0_111-b14), built on Sep 22 2016 18:54:33 by "java_re" with MS VC++ 10.0 (VS2010)

time: Wed Dec 07 17:56:52 2016
elapsed time: 20 seconds (0d 0h 0m 20s)

