#
# A fatal error has been detected by the Java Runtime Environment:
#
#  EXCEPTION_ACCESS_VIOLATION (0xc0000005) at pc=0x5159b7f5, pid=7884, tid=0x00002498
#
# JRE version: Java(TM) SE Runtime Environment (8.0_111-b14) (build 1.8.0_111-b14)
# Java VM: Java HotSpot(TM) Client VM (25.111-b14 mixed mode, sharing windows-x86 )
# Problematic frame:
# C  [bwapi_bridge2_5.dll+0x9b7f5]
#
# Failed to write core dump. Minidumps are not enabled by default on client versions of Windows
#
# If you would like to submit a bug report, please visit:
#   http://bugreport.java.com/bugreport/crash.jsp
# The crash happened outside the Java Virtual Machine in native code.
# See problematic frame for where to report the bug.
#

---------------  T H R E A D  ---------------

Current thread (0x00bdbc00):  JavaThread "main" [_thread_in_native, id=9368, stack(0x02020000,0x02070000)]

siginfo: ExceptionCode=0xc0000005, writing address 0x17f8d000

Registers:
EAX=0x00010554, EBX=0x00bdbc00, ECX=0x16010000, EDX=0x0071cad8
ESP=0x0206db6c, EBP=0x0206dbf0, ESI=0x17f9c368, EDI=0x0206dc68
EIP=0x5159b7f5, EFLAGS=0x00010202

Top of Stack: (sp=0x0206db6c)
0x0206db6c:   f74bb5bf 0206dc68 17f9c368 0206db68
0x0206db7c:   00000000 0000000f 17f9c368 5fa75a72
0x0206db8c:   15c600d0 0000000a 00000006 ffffffff
0x0206db9c:   0000019b 0000015a 00000000 00000000
0x0206dbac:   0000000f 00000000 0206dc68 516d013c
0x0206dbbc:   17f9c368 0000000a 00000000 0000019b
0x0206dbcc:   0000015a 00000000 ffffffff ffffffff
0x0206dbdc:   00721db8 00bdbc00 0206dec4 516ac4c0 

Instructions: (pc=0x5159b7f5)
0x5159b7d5:   0f 6f 44 24 24 8b 4a 14 8b 81 48 a5 ef 01 8d 04
0x5159b7e5:   40 f3 0f 7f 84 c1 4c a5 ef 01 f3 0f 7e 44 24 34
0x5159b7f5:   66 0f d6 84 c1 5c a5 ef 01 8b ca 8b 42 14 ff 80
0x5159b805:   48 a5 ef 01 8b 02 8b 40 50 ff d0 f3 0f 6f 45 08 


Register to memory mapping:

EAX=0x00010554 is an unknown value
EBX=0x00bdbc00 is a thread
ECX=0x16010000 is an unknown value
EDX=0x0071cad8 is an unknown value
ESP=0x0206db6c is pointing into the stack for thread: 0x00bdbc00
EBP=0x0206dbf0 is pointing into the stack for thread: 0x00bdbc00
ESI=0x17f9c368 is an unknown value
EDI=0x0206dc68 is pointing into the stack for thread: 0x00bdbc00


Stack: [0x02020000,0x02070000],  sp=0x0206db6c,  free space=310k
Native frames: (J=compiled Java code, j=interpreted, Vv=VM code, C=native code)
C  [bwapi_bridge2_5.dll+0x9b7f5]
C  [bwapi_bridge2_5.dll+0x397cd]
J 103  bwapi.Unit.move_native(JLbwapi/Position;)Z (0 bytes) @ 0x02240a38 [0x02240990+0xa8]
J 90 C1 Qlearning.run()V (209 bytes) @ 0x0223ccdc [0x0223ca50+0x28c]
J 33 C1 project.onFrame()V (177 bytes) @ 0x0222f444 [0x0222eeb0+0x594]
j  bwapi.AIModule.onFrame()V+11
v  ~StubRoutines::call_stub
V  [jvm.dll+0x15a895]
V  [jvm.dll+0x220bfe]
V  [jvm.dll+0x15a92e]
V  [jvm.dll+0xdc7cb]
V  [jvm.dll+0xdf75c]
C  [bwapi_bridge2_5.dll+0x1b20d]
C  [bwapi_bridge2_5.dll+0x75101]
j  bwapi.Mirror.startGame()V+0
j  project.run()V+15
j  project.main([Ljava/lang/String;)V+7
v  ~StubRoutines::call_stub
V  [jvm.dll+0x15a895]
V  [jvm.dll+0x220bfe]
V  [jvm.dll+0x15a92e]
V  [jvm.dll+0xdc597]
V  [jvm.dll+0xe4b2f]
C  [javaw.exe+0x22ab]
C  [javaw.exe+0xaecf]
C  [javaw.exe+0xaf59]
C  [KERNEL32.DLL+0x162c4]
C  [ntdll.dll+0x60719]
C  [ntdll.dll+0x606e4]
C  0x00000000

Java frames: (J=compiled Java code, j=interpreted, Vv=VM code)
J 103  bwapi.Unit.move_native(JLbwapi/Position;)Z (0 bytes) @ 0x022409f4 [0x02240990+0x64]
J 90 C1 Qlearning.run()V (209 bytes) @ 0x0223ccdc [0x0223ca50+0x28c]
J 33 C1 project.onFrame()V (177 bytes) @ 0x0222f444 [0x0222eeb0+0x594]
j  bwapi.AIModule.onFrame()V+11
v  ~StubRoutines::call_stub
j  bwapi.Mirror.startGame()V+0
j  project.run()V+15
j  project.main([Ljava/lang/String;)V+7
v  ~StubRoutines::call_stub

---------------  P R O C E S S  ---------------

Java Threads: ( => current thread )
  0x02134800 JavaThread "Service Thread" daemon [_thread_blocked, id=6964, stack(0x15770000,0x157c0000)]
  0x0210f800 JavaThread "C1 CompilerThread0" daemon [_thread_blocked, id=8704, stack(0x15130000,0x15180000)]
  0x0210e800 JavaThread "Attach Listener" daemon [_thread_blocked, id=1148, stack(0x150a0000,0x150f0000)]
  0x02105000 JavaThread "Signal Dispatcher" daemon [_thread_blocked, id=8684, stack(0x15010000,0x15060000)]
  0x02103000 JavaThread "Finalizer" daemon [_thread_blocked, id=5360, stack(0x14450000,0x144a0000)]
  0x020a6800 JavaThread "Reference Handler" daemon [_thread_blocked, id=9576, stack(0x143c0000,0x14410000)]
=>0x00bdbc00 JavaThread "main" [_thread_in_native, id=9368, stack(0x02020000,0x02070000)]

Other Threads:
  0x020a2c00 VMThread [stack: 0x14330000,0x14380000] [id=424]
  0x0214a800 WatcherThread [stack: 0x157c0000,0x15810000] [id=9880]

VM state:not at safepoint (normal execution)

VM Mutex/Monitor currently owned by a thread: None

Heap:
 def new generation   total 26944K, used 6750K [0x04200000, 0x05f30000, 0x09750000)
  eden space 24000K,  15% used [0x04200000, 0x045b79b8, 0x05970000)
  from space 2944K,  99% used [0x05c50000, 0x05f2fff8, 0x05f30000)
  to   space 2944K,   0% used [0x05970000, 0x05970000, 0x05c50000)
 tenured generation   total 59680K, used 55682K [0x09750000, 0x0d198000, 0x14200000)
   the space 59680K,  93% used [0x09750000, 0x0cdb0b40, 0x0cdb0c00, 0x0d198000)
 Metaspace       used 394K, capacity 2600K, committed 2624K, reserved 4480K

Card table byte_map: [0x14200000,0x14290000] byte_map_base: 0x141df000

Polling page: 0x00bb0000

CodeCache: size=32768Kb used=770Kb max_used=770Kb free=31997Kb
 bounds [0x02180000, 0x02248000, 0x04180000]
 total_blobs=250 nmethods=103 adapters=78
 compilation: enabled

Compilation events (10 events):
Event: 9.318 Thread 0x0210f800   98             java.util.Random::next (47 bytes)
Event: 9.318 Thread 0x0210f800 nmethod 98 0x0223ed08 code [0x0223ee00, 0x0223ef40]
Event: 9.358 Thread 0x0210f800   99             Qlearning::update (125 bytes)
Event: 9.358 Thread 0x0210f800 nmethod 99 0x0223f008 code [0x0223f1a0, 0x0223f5b4]
Event: 9.358 Thread 0x0210f800  100             java.lang.Double::doubleValue (5 bytes)
Event: 9.358 Thread 0x0210f800 nmethod 100 0x0223fbc8 code [0x0223fcc0, 0x0223fd40]
Event: 9.358 Thread 0x0210f800  101             Qlearning::maxReward (79 bytes)
Event: 9.359 Thread 0x0210f800 nmethod 101 0x0223fd88 code [0x0223fee0, 0x02240120]
Event: 9.359 Thread 0x0210f800  102             java.util.ArrayList::set (20 bytes)
Event: 9.359 Thread 0x0210f800 nmethod 102 0x02240408 code [0x02240520, 0x022406b8]

GC Heap History (10 events):
Event: 14.468 GC heap before
{Heap before GC invocations=22 (full 2):
 def new generation   total 15296K, used 15295K [0x04200000, 0x05290000, 0x09750000)
  eden space 13632K, 100% used [0x04200000, 0x04f50000, 0x04f50000)
  from space 1664K,  99% used [0x04f50000, 0x050efff8, 0x050f0000)
  to   space 1664K,   0% used [0x050f0000, 0x050f0000, 0x05290000)
 tenured generation   total 33888K, used 27518K [0x09750000, 0x0b868000, 0x14200000)
   the space 33888K,  81% used [0x09750000, 0x0b22f820, 0x0b22fa00, 0x0b868000)
 Metaspace       used 394K, capacity 2600K, committed 2624K, reserved 4480K
Event: 14.477 GC heap after
Heap after GC invocations=23 (full 2):
 def new generation   total 15296K, used 1663K [0x04200000, 0x05290000, 0x09750000)
  eden space 13632K,   0% used [0x04200000, 0x04200000, 0x04f50000)
  from space 1664K,  99% used [0x050f0000, 0x0528fff8, 0x05290000)
  to   space 1664K,   0% used [0x04f50000, 0x04f50000, 0x050f0000)
 tenured generation   total 33888K, used 31707K [0x09750000, 0x0b868000, 0x14200000)
   the space 33888K,  93% used [0x09750000, 0x0b646c28, 0x0b646e00, 0x0b868000)
 Metaspace       used 394K, capacity 2600K, committed 2624K, reserved 4480K
}
Event: 14.894 GC heap before
{Heap before GC invocations=23 (full 2):
 def new generation   total 15296K, used 15295K [0x04200000, 0x05290000, 0x09750000)
  eden space 13632K, 100% used [0x04200000, 0x04f50000, 0x04f50000)
  from space 1664K,  99% used [0x050f0000, 0x0528fff8, 0x05290000)
  to   space 1664K,   0% used [0x04f50000, 0x04f50000, 0x050f0000)
 tenured generation   total 33888K, used 31707K [0x09750000, 0x0b868000, 0x14200000)
   the space 33888K,  93% used [0x09750000, 0x0b646c28, 0x0b646e00, 0x0b868000)
 Metaspace       used 394K, capacity 2600K, committed 2624K, reserved 4480K
Event: 14.980 GC heap after
Heap after GC invocations=24 (full 3):
 def new generation   total 26944K, used 1663K [0x04200000, 0x05f30000, 0x09750000)
  eden space 24000K,   6% used [0x04200000, 0x0439fc48, 0x05970000)
  from space 2944K,   0% used [0x05970000, 0x05970000, 0x05c50000)
  to   space 2944K,   0% used [0x05c50000, 0x05c50000, 0x05f30000)
 tenured generation   total 59680K, used 35808K [0x09750000, 0x0d198000, 0x14200000)
   the space 59680K,  60% used [0x09750000, 0x0ba48000, 0x0ba48000, 0x0d198000)
 Metaspace       used 394K, capacity 2600K, committed 2624K, reserved 4480K
}
Event: 15.701 GC heap before
{Heap before GC invocations=24 (full 3):
 def new generation   total 26944K, used 24000K [0x04200000, 0x05f30000, 0x09750000)
  eden space 24000K, 100% used [0x04200000, 0x05970000, 0x05970000)
  from space 2944K,   0% used [0x05970000, 0x05970000, 0x05c50000)
  to   space 2944K,   0% used [0x05c50000, 0x05c50000, 0x05f30000)
 tenured generation   total 59680K, used 35808K [0x09750000, 0x0d198000, 0x14200000)
   the space 59680K,  60% used [0x09750000, 0x0ba48000, 0x0ba48000, 0x0d198000)
 Metaspace       used 394K, capacity 2600K, committed 2624K, reserved 4480K
Event: 15.727 GC heap after
Heap after GC invocations=25 (full 3):
 def new generation   total 26944K, used 2944K [0x04200000, 0x05f30000, 0x09750000)
  eden space 24000K,   0% used [0x04200000, 0x04200000, 0x05970000)
  from space 2944K, 100% used [0x05c50000, 0x05f30000, 0x05f30000)
  to   space 2944K,   0% used [0x05970000, 0x05970000, 0x05c50000)
 tenured generation   total 59680K, used 41245K [0x09750000, 0x0d198000, 0x14200000)
   the space 59680K,  69% used [0x09750000, 0x0bf97548, 0x0bf97600, 0x0d198000)
 Metaspace       used 394K, capacity 2600K, committed 2624K, reserved 4480K
}
Event: 16.480 GC heap before
{Heap before GC invocations=25 (full 3):
 def new generation   total 26944K, used 26944K [0x04200000, 0x05f30000, 0x09750000)
  eden space 24000K, 100% used [0x04200000, 0x05970000, 0x05970000)
  from space 2944K, 100% used [0x05c50000, 0x05f30000, 0x05f30000)
  to   space 2944K,   0% used [0x05970000, 0x05970000, 0x05c50000)
 tenured generation   total 59680K, used 41245K [0x09750000, 0x0d198000, 0x14200000)
   the space 59680K,  69% used [0x09750000, 0x0bf97548, 0x0bf97600, 0x0d198000)
 Metaspace       used 394K, capacity 2600K, committed 2624K, reserved 4480K
Event: 16.499 GC heap after
Heap after GC invocations=26 (full 3):
 def new generation   total 26944K, used 2943K [0x04200000, 0x05f30000, 0x09750000)
  eden space 24000K,   0% used [0x04200000, 0x04200000, 0x05970000)
  from space 2944K,  99% used [0x05970000, 0x05c4fff8, 0x05c50000)
  to   space 2944K,   0% used [0x05c50000, 0x05c50000, 0x05f30000)
 tenured generation   total 59680K, used 48464K [0x09750000, 0x0d198000, 0x14200000)
   the space 59680K,  81% used [0x09750000, 0x0c6a41f8, 0x0c6a4200, 0x0d198000)
 Metaspace       used 394K, capacity 2600K, committed 2624K, reserved 4480K
}
Event: 17.243 GC heap before
{Heap before GC invocations=26 (full 3):
 def new generation   total 26944K, used 26943K [0x04200000, 0x05f30000, 0x09750000)
  eden space 24000K, 100% used [0x04200000, 0x05970000, 0x05970000)
  from space 2944K,  99% used [0x05970000, 0x05c4fff8, 0x05c50000)
  to   space 2944K,   0% used [0x05c50000, 0x05c50000, 0x05f30000)
 tenured generation   total 59680K, used 48464K [0x09750000, 0x0d198000, 0x14200000)
   the space 59680K,  81% used [0x09750000, 0x0c6a41f8, 0x0c6a4200, 0x0d198000)
 Metaspace       used 394K, capacity 2600K, committed 2624K, reserved 4480K
Event: 17.260 GC heap after
Heap after GC invocations=27 (full 3):
 def new generation   total 26944K, used 2943K [0x04200000, 0x05f30000, 0x09750000)
  eden space 24000K,   0% used [0x04200000, 0x04200000, 0x05970000)
  from space 2944K,  99% used [0x05c50000, 0x05f2fff8, 0x05f30000)
  to   space 2944K,   0% used [0x05970000, 0x05970000, 0x05c50000)
 tenured generation   total 59680K, used 55682K [0x09750000, 0x0d198000, 0x14200000)
   the space 59680K,  93% used [0x09750000, 0x0cdb0b40, 0x0cdb0c00, 0x0d198000)
 Metaspace       used 394K, capacity 2600K, committed 2624K, reserved 4480K
}

Deoptimization events (0 events):
No events

Internal exceptions (2 events):
Event: 0.016 Thread 0x00bdbc00 Exception <a 'java/lang/NoSuchMethodError': Method sun.misc.Unsafe.defineClass(Ljava/lang/String;[BII)Ljava/lang/Class; name or signature does not match> (0x04207990) thrown at [C:\re\workspace\8-2-build-windows-i586-cygwin\jdk8u111\7883\hotspot\src\share
Event: 0.016 Thread 0x00bdbc00 Exception <a 'java/lang/NoSuchMethodError': Method sun.misc.Unsafe.prefetchRead(Ljava/lang/Object;J)V name or signature does not match> (0x04207c60) thrown at [C:\re\workspace\8-2-build-windows-i586-cygwin\jdk8u111\7883\hotspot\src\share\vm\prims\jni.cpp,

Events (10 events):
Event: 14.468 Executing VM operation: GenCollectForAllocation
Event: 14.477 Executing VM operation: GenCollectForAllocation done
Event: 14.894 Executing VM operation: GenCollectForAllocation
Event: 14.980 Executing VM operation: GenCollectForAllocation done
Event: 15.701 Executing VM operation: GenCollectForAllocation
Event: 15.727 Executing VM operation: GenCollectForAllocation done
Event: 16.480 Executing VM operation: GenCollectForAllocation
Event: 16.499 Executing VM operation: GenCollectForAllocation done
Event: 17.243 Executing VM operation: GenCollectForAllocation
Event: 17.260 Executing VM operation: GenCollectForAllocation done


Dynamic libraries:
0x00be0000 - 0x00c13000 	C:\Program Files (x86)\Java\jre1.8.0_111\bin\javaw.exe
0x77460000 - 0x775e2000 	C:\WINDOWS\SYSTEM32\ntdll.dll
0x75dd0000 - 0x75eb0000 	C:\WINDOWS\System32\KERNEL32.DLL
0x76830000 - 0x769d1000 	C:\WINDOWS\System32\KERNELBASE.dll
0x75480000 - 0x754f7000 	C:\WINDOWS\System32\ADVAPI32.dll
0x76210000 - 0x762ce000 	C:\WINDOWS\System32\msvcrt.dll
0x76360000 - 0x763a1000 	C:\WINDOWS\System32\sechost.dll
0x76bc0000 - 0x76c81000 	C:\WINDOWS\System32\RPCRT4.dll
0x75300000 - 0x7531e000 	C:\WINDOWS\System32\SspiCli.dll
0x752f0000 - 0x752fa000 	C:\WINDOWS\System32\CRYPTBASE.dll
0x761b0000 - 0x7620a000 	C:\WINDOWS\System32\bcryptPrimitives.dll
0x756f0000 - 0x7584f000 	C:\WINDOWS\System32\USER32.dll
0x76340000 - 0x76355000 	C:\WINDOWS\System32\win32u.dll
0x76b90000 - 0x76bbb000 	C:\WINDOWS\System32\GDI32.dll
0x75320000 - 0x7547b000 	C:\WINDOWS\System32\gdi32full.dll
0x6c6b0000 - 0x6c8ba000 	C:\WINDOWS\WinSxS\x86_microsoft.windows.common-controls_6595b64144ccf1df_6.0.14393.447_none_89c64d28dafea4b9\COMCTL32.dll
0x76c90000 - 0x76ea1000 	C:\WINDOWS\System32\combase.dll
0x75eb0000 - 0x75f90000 	C:\WINDOWS\System32\ucrtbase.dll
0x76610000 - 0x76635000 	C:\WINDOWS\System32\IMM32.DLL
0x54880000 - 0x5493f000 	C:\Program Files (x86)\Java\jre1.8.0_111\bin\msvcr100.dll
0x77a40000 - 0x77e0d000 	C:\Program Files (x86)\Java\jre1.8.0_111\bin\client\jvm.dll
0x75dc0000 - 0x75dc6000 	C:\WINDOWS\System32\PSAPI.DLL
0x74630000 - 0x74638000 	C:\WINDOWS\SYSTEM32\WSOCK32.dll
0x74a20000 - 0x74a44000 	C:\WINDOWS\SYSTEM32\WINMM.dll
0x74ca0000 - 0x74ca8000 	C:\WINDOWS\SYSTEM32\VERSION.dll
0x762d0000 - 0x76333000 	C:\WINDOWS\System32\WS2_32.dll
0x74640000 - 0x74663000 	C:\WINDOWS\SYSTEM32\WINMMBASE.dll
0x763b0000 - 0x763e6000 	C:\WINDOWS\System32\cfgmgr32.dll
0x502a0000 - 0x502ac000 	C:\Program Files (x86)\Java\jre1.8.0_111\bin\verify.dll
0x50270000 - 0x50291000 	C:\Program Files (x86)\Java\jre1.8.0_111\bin\java.dll
0x50250000 - 0x50263000 	C:\Program Files (x86)\Java\jre1.8.0_111\bin\zip.dll
0x73150000 - 0x74529000 	C:\WINDOWS\System32\SHELL32.dll
0x75850000 - 0x75dbe000 	C:\WINDOWS\System32\windows.storage.dll
0x76160000 - 0x761a5000 	C:\WINDOWS\System32\powrprof.dll
0x75510000 - 0x75556000 	C:\WINDOWS\System32\shlwapi.dll
0x75f90000 - 0x75f9d000 	C:\WINDOWS\System32\kernel.appcore.dll
0x75660000 - 0x756e8000 	C:\WINDOWS\System32\shcore.dll
0x76b80000 - 0x76b8f000 	C:\WINDOWS\System32\profapi.dll
0x51500000 - 0x51786000 	D:\GoogleDrive\cs545\project\ExampleBot2_5\ExampleBot\bwapi_bridge2_5.dll
0x51480000 - 0x514f1000 	C:\Program Files (x86)\Java\jre1.8.0_111\bin\MSVCP120.dll
0x6f540000 - 0x6f59e000 	D:\GoogleDrive\cs545\project\ExampleBot2_5\ExampleBot\libmpfr-4.dll
0x6acc0000 - 0x6ad27000 	D:\GoogleDrive\cs545\project\ExampleBot2_5\ExampleBot\libgmp-10.dll
0x51390000 - 0x5147e000 	C:\Program Files (x86)\Java\jre1.8.0_111\bin\MSVCR120.dll
0x74d60000 - 0x74ea5000 	C:\WINDOWS\SYSTEM32\dbghelp.dll

VM Arguments:
jvm_args: -Dfile.encoding=Cp1252 
java_command: project
java_class_path (initial): D:\GoogleDrive\cs545\project\ExampleBot2_5\ExampleBot\bin;D:\GoogleDrive\cs545\project\ExampleBot2_5\ExampleBot\lib\bwmirror_v2_5.jar
Launcher Type: SUN_STANDARD

Environment Variables:
PATH=C:/Program Files (x86)/Java/jre1.8.0_111/bin/client;C:/Program Files (x86)/Java/jre1.8.0_111/bin;C:/Program Files (x86)/Java/jre1.8.0_111/lib/i386;C:\ProgramData\Oracle\Java\javapath;C:\WINDOWS\system32;C:\WINDOWS;C:\WINDOWS\System32\Wbem;C:\WINDOWS\System32\WindowsPowerShell\v1.0\;C:\Program Files\Intel\WiFi\bin\;C:\Program Files\Common Files\Intel\WirelessCommon\;C:\Program Files\Anaconda3;C:\Program Files\Anaconda3\Scripts;C:\Program Files\Anaconda3\Library\bin;;C:\Users\lswxx\AppData\Local\Microsoft\WindowsApps;D:\eclipse-jee-neon-1a-win32\eclipse;
USERNAME=lswxx
OS=Windows_NT
PROCESSOR_IDENTIFIER=Intel64 Family 6 Model 78 Stepping 3, GenuineIntel



---------------  S Y S T E M  ---------------

OS: Windows 10.0 , 64 bit Build 14393 (10.0.14393.0)

CPU:total 4 (2 cores per cpu, 2 threads per core) family 6 model 78 stepping 3, cmov, cx8, fxsr, mmx, sse, sse2, sse3, ssse3, sse4.1, sse4.2, popcnt, avx, avx2, aes, clmul, erms, 3dnowpref, lzcnt, ht, tsc, tscinvbit, bmi1, bmi2, adx

Memory: 4k page, physical 8292256k(3756280k free), swap 9602976k(3162372k free)

vm_info: Java HotSpot(TM) Client VM (25.111-b14) for windows-x86 JRE (1.8.0_111-b14), built on Sep 22 2016 18:54:33 by "java_re" with MS VC++ 10.0 (VS2010)

time: Wed Dec 07 20:58:24 2016
elapsed time: 17 seconds (0d 0h 0m 17s)

