#
# A fatal error has been detected by the Java Runtime Environment:
#
#  EXCEPTION_ACCESS_VIOLATION (0xc0000005) at pc=0x669bb7f5, pid=10664, tid=0x00002da8
#
# JRE version: Java(TM) SE Runtime Environment (8.0_111-b14) (build 1.8.0_111-b14)
# Java VM: Java HotSpot(TM) Client VM (25.111-b14 mixed mode windows-x86 )
# Problematic frame:
# C  [bwapi_bridge2_5.dll+0x9b7f5]
#
# Failed to write core dump. Minidumps are not enabled by default on client versions of Windows
#
# If you would like to submit a bug report, please visit:
#   http://bugreport.java.com/bugreport/crash.jsp
# The crash happened outside the Java Virtual Machine in native code.
# See problematic frame for where to report the bug.
#

---------------  T H R E A D  ---------------

Current thread (0x00e7bc00):  JavaThread "main" [_thread_in_native, id=11688, stack(0x02820000,0x02870000)]

siginfo: ExceptionCode=0xc0000005, writing address 0x176ad000

Registers:
EAX=0x00010554, EBX=0x00e7bc00, ECX=0x15730000, EDX=0x00dc9cb8
ESP=0x0286dfac, EBP=0x0286e030, ESI=0x17b932dc, EDI=0x0286e0a8
EIP=0x669bb7f5, EFLAGS=0x00010202

Top of Stack: (sp=0x0286dfac)
0x0286dfac:   89fcccf3 0286e0a8 17b932dc 0286dfa8
0x0286dfbc:   00000000 0000000f 17b932dc ac4b4d0a
0x0286dfcc:   178ec060 0000000a 00000005 ffffffff
0x0286dfdc:   000001e6 000000fe 00000000 00000000
0x0286dfec:   0000000f 00000000 0286e0a8 66af013c
0x0286dffc:   17b932dc 0000000a 00000000 000001e6
0x0286e00c:   000000fe 00000000 ffffffff ffffffff
0x0286e01c:   00dcef98 00e7bc00 0286e314 66acc4c0 

Instructions: (pc=0x669bb7f5)
0x669bb7d5:   0f 6f 44 24 24 8b 4a 14 8b 81 48 a5 ef 01 8d 04
0x669bb7e5:   40 f3 0f 7f 84 c1 4c a5 ef 01 f3 0f 7e 44 24 34
0x669bb7f5:   66 0f d6 84 c1 5c a5 ef 01 8b ca 8b 42 14 ff 80
0x669bb805:   48 a5 ef 01 8b 02 8b 40 50 ff d0 f3 0f 6f 45 08 


Register to memory mapping:

EAX=0x00010554 is an unknown value
EBX=0x00e7bc00 is a thread
ECX=0x15730000 is an unknown value
EDX=0x00dc9cb8 is an unknown value
ESP=0x0286dfac is pointing into the stack for thread: 0x00e7bc00
EBP=0x0286e030 is pointing into the stack for thread: 0x00e7bc00
ESI=0x17b932dc is an unknown value
EDI=0x0286e0a8 is pointing into the stack for thread: 0x00e7bc00


Stack: [0x02820000,0x02870000],  sp=0x0286dfac,  free space=311k
Native frames: (J=compiled Java code, j=interpreted, Vv=VM code, C=native code)
C  [bwapi_bridge2_5.dll+0x9b7f5]
C  [bwapi_bridge2_5.dll+0x397cd]
J 90  bwapi.Unit.move_native(JLbwapi/Position;)Z (0 bytes) @ 0x02a7e078 [0x02a7dfd0+0xa8]
J 35 C1 Qlearning.run()V (385 bytes) @ 0x02a7043c [0x02a70000+0x43c]
j  project.onFrame()V+119
j  bwapi.AIModule.onFrame()V+11
v  ~StubRoutines::call_stub
V  [jvm.dll+0x15a895]
V  [jvm.dll+0x220bfe]
V  [jvm.dll+0x15a92e]
V  [jvm.dll+0xdc7cb]
V  [jvm.dll+0xdf75c]
C  [bwapi_bridge2_5.dll+0x1b20d]
C  [bwapi_bridge2_5.dll+0x75101]
j  bwapi.Mirror.startGame()V+0
j  project.run()V+15
j  project.main([Ljava/lang/String;)V+7
v  ~StubRoutines::call_stub
V  [jvm.dll+0x15a895]
V  [jvm.dll+0x220bfe]
V  [jvm.dll+0x15a92e]
V  [jvm.dll+0xdc597]
V  [jvm.dll+0xe4b2f]
C  [javaw.exe+0x22ab]
C  [javaw.exe+0xaecf]
C  [javaw.exe+0xaf59]
C  [KERNEL32.DLL+0x162c4]
C  [ntdll.dll+0x60719]
C  [ntdll.dll+0x606e4]
C  0x00000000

Java frames: (J=compiled Java code, j=interpreted, Vv=VM code)
J 90  bwapi.Unit.move_native(JLbwapi/Position;)Z (0 bytes) @ 0x02a7e034 [0x02a7dfd0+0x64]
J 35 C1 Qlearning.run()V (385 bytes) @ 0x02a7043c [0x02a70000+0x43c]
j  project.onFrame()V+119
j  bwapi.AIModule.onFrame()V+11
v  ~StubRoutines::call_stub
j  bwapi.Mirror.startGame()V+0
j  project.run()V+15
j  project.main([Ljava/lang/String;)V+7
v  ~StubRoutines::call_stub

---------------  P R O C E S S  ---------------

Java Threads: ( => current thread )
  0x150a6400 JavaThread "Service Thread" daemon [_thread_blocked, id=3360, stack(0x15630000,0x15680000)]
  0x15085400 JavaThread "C1 CompilerThread0" daemon [_thread_blocked, id=392, stack(0x155a0000,0x155f0000)]
  0x15084400 JavaThread "Attach Listener" daemon [_thread_blocked, id=7020, stack(0x15510000,0x15560000)]
  0x15082400 JavaThread "Signal Dispatcher" daemon [_thread_blocked, id=10088, stack(0x15480000,0x154d0000)]
  0x15079400 JavaThread "Finalizer" daemon [_thread_blocked, id=11144, stack(0x152f0000,0x15340000)]
  0x15063c00 JavaThread "Reference Handler" daemon [_thread_blocked, id=6680, stack(0x15260000,0x152b0000)]
=>0x00e7bc00 JavaThread "main" [_thread_in_native, id=11688, stack(0x02820000,0x02870000)]

Other Threads:
  0x029bc000 VMThread [stack: 0x04b70000,0x04bc0000] [id=13876]
  0x150b3800 WatcherThread [stack: 0x156c0000,0x15710000] [id=12244]

VM state:not at safepoint (normal execution)

VM Mutex/Monitor currently owned by a thread: None

Heap:
 def new generation   total 4928K, used 180K [0x04c00000, 0x05150000, 0x0a150000)
  eden space 4416K,   4% used [0x04c00000, 0x04c2c2b8, 0x05050000)
  from space 512K,   0% used [0x050d0000, 0x050d0f48, 0x05150000)
  to   space 512K,   0% used [0x05050000, 0x05050000, 0x050d0000)
 tenured generation   total 10944K, used 355K [0x0a150000, 0x0ac00000, 0x14c00000)
   the space 10944K,   3% used [0x0a150000, 0x0a1a8d90, 0x0a1a8e00, 0x0ac00000)
 Metaspace       used 2058K, capacity 2600K, committed 2624K, reserved 4480K

Card table byte_map: [0x04a40000,0x04ad0000] byte_map_base: 0x04a1a000

Polling page: 0x02880000

CodeCache: size=32768Kb used=779Kb max_used=779Kb free=31988Kb
 bounds [0x029c0000, 0x02a88000, 0x049c0000]
 total_blobs=250 nmethods=103 adapters=78
 compilation: enabled

Compilation events (10 events):
Event: 31.235 Thread 0x15085400   99             java.nio.CharBuffer::arrayOffset (35 bytes)
Event: 31.236 Thread 0x15085400 nmethod 99 0x02a81bc8 code [0x02a81ce0, 0x02a81e48]
Event: 31.236 Thread 0x15085400  100             java.nio.charset.CoderResult::isUnderflow (13 bytes)
Event: 31.236 Thread 0x15085400 nmethod 100 0x02a81f48 code [0x02a82040, 0x02a820d0]
Event: 31.970 Thread 0x15085400  101             java.io.BufferedWriter::ensureOpen (18 bytes)
Event: 31.970 Thread 0x15085400 nmethod 101 0x02a82108 code [0x02a82210, 0x02a822ec]
Event: 31.970 Thread 0x15085400  102             java.io.PrintStream::ensureOpen (18 bytes)
Event: 31.970 Thread 0x15085400 nmethod 102 0x02a82388 code [0x02a82490, 0x02a8256c]
Event: 32.032 Thread 0x15085400  103   !         java.io.BufferedWriter::write (117 bytes)
Event: 32.032 Thread 0x15085400 nmethod 103 0x02a82608 code [0x02a82740, 0x02a82a54]

GC Heap History (10 events):
Event: 33.988 GC heap before
{Heap before GC invocations=10 (full 0):
 def new generation   total 4928K, used 4419K [0x04c00000, 0x05150000, 0x0a150000)
  eden space 4416K, 100% used [0x04c00000, 0x05050000, 0x05050000)
  from space 512K,   0% used [0x05050000, 0x05050e50, 0x050d0000)
  to   space 512K,   0% used [0x050d0000, 0x050d0000, 0x05150000)
 tenured generation   total 10944K, used 355K [0x0a150000, 0x0ac00000, 0x14c00000)
   the space 10944K,   3% used [0x0a150000, 0x0a1a8d90, 0x0a1a8e00, 0x0ac00000)
 Metaspace       used 2058K, capacity 2600K, committed 2624K, reserved 4480K
Event: 33.988 GC heap after
Heap after GC invocations=11 (full 0):
 def new generation   total 4928K, used 3K [0x04c00000, 0x05150000, 0x0a150000)
  eden space 4416K,   0% used [0x04c00000, 0x04c00000, 0x05050000)
  from space 512K,   0% used [0x050d0000, 0x050d0e78, 0x05150000)
  to   space 512K,   0% used [0x05050000, 0x05050000, 0x050d0000)
 tenured generation   total 10944K, used 355K [0x0a150000, 0x0ac00000, 0x14c00000)
   the space 10944K,   3% used [0x0a150000, 0x0a1a8d90, 0x0a1a8e00, 0x0ac00000)
 Metaspace       used 2058K, capacity 2600K, committed 2624K, reserved 4480K
}
Event: 34.357 GC heap before
{Heap before GC invocations=11 (full 0):
 def new generation   total 4928K, used 4419K [0x04c00000, 0x05150000, 0x0a150000)
  eden space 4416K, 100% used [0x04c00000, 0x05050000, 0x05050000)
  from space 512K,   0% used [0x050d0000, 0x050d0e78, 0x05150000)
  to   space 512K,   0% used [0x05050000, 0x05050000, 0x050d0000)
 tenured generation   total 10944K, used 355K [0x0a150000, 0x0ac00000, 0x14c00000)
   the space 10944K,   3% used [0x0a150000, 0x0a1a8d90, 0x0a1a8e00, 0x0ac00000)
 Metaspace       used 2058K, capacity 2600K, committed 2624K, reserved 4480K
Event: 34.357 GC heap after
Heap after GC invocations=12 (full 0):
 def new generation   total 4928K, used 3K [0x04c00000, 0x05150000, 0x0a150000)
  eden space 4416K,   0% used [0x04c00000, 0x04c00000, 0x05050000)
  from space 512K,   0% used [0x05050000, 0x05050eb0, 0x050d0000)
  to   space 512K,   0% used [0x050d0000, 0x050d0000, 0x05150000)
 tenured generation   total 10944K, used 355K [0x0a150000, 0x0ac00000, 0x14c00000)
   the space 10944K,   3% used [0x0a150000, 0x0a1a8d90, 0x0a1a8e00, 0x0ac00000)
 Metaspace       used 2058K, capacity 2600K, committed 2624K, reserved 4480K
}
Event: 34.720 GC heap before
{Heap before GC invocations=12 (full 0):
 def new generation   total 4928K, used 4419K [0x04c00000, 0x05150000, 0x0a150000)
  eden space 4416K, 100% used [0x04c00000, 0x05050000, 0x05050000)
  from space 512K,   0% used [0x05050000, 0x05050eb0, 0x050d0000)
  to   space 512K,   0% used [0x050d0000, 0x050d0000, 0x05150000)
 tenured generation   total 10944K, used 355K [0x0a150000, 0x0ac00000, 0x14c00000)
   the space 10944K,   3% used [0x0a150000, 0x0a1a8d90, 0x0a1a8e00, 0x0ac00000)
 Metaspace       used 2058K, capacity 2600K, committed 2624K, reserved 4480K
Event: 34.720 GC heap after
Heap after GC invocations=13 (full 0):
 def new generation   total 4928K, used 3K [0x04c00000, 0x05150000, 0x0a150000)
  eden space 4416K,   0% used [0x04c00000, 0x04c00000, 0x05050000)
  from space 512K,   0% used [0x050d0000, 0x050d0ec8, 0x05150000)
  to   space 512K,   0% used [0x05050000, 0x05050000, 0x050d0000)
 tenured generation   total 10944K, used 355K [0x0a150000, 0x0ac00000, 0x14c00000)
   the space 10944K,   3% used [0x0a150000, 0x0a1a8d90, 0x0a1a8e00, 0x0ac00000)
 Metaspace       used 2058K, capacity 2600K, committed 2624K, reserved 4480K
}
Event: 35.092 GC heap before
{Heap before GC invocations=13 (full 0):
 def new generation   total 4928K, used 4419K [0x04c00000, 0x05150000, 0x0a150000)
  eden space 4416K, 100% used [0x04c00000, 0x05050000, 0x05050000)
  from space 512K,   0% used [0x050d0000, 0x050d0ec8, 0x05150000)
  to   space 512K,   0% used [0x05050000, 0x05050000, 0x050d0000)
 tenured generation   total 10944K, used 355K [0x0a150000, 0x0ac00000, 0x14c00000)
   the space 10944K,   3% used [0x0a150000, 0x0a1a8d90, 0x0a1a8e00, 0x0ac00000)
 Metaspace       used 2058K, capacity 2600K, committed 2624K, reserved 4480K
Event: 35.092 GC heap after
Heap after GC invocations=14 (full 0):
 def new generation   total 4928K, used 3K [0x04c00000, 0x05150000, 0x0a150000)
  eden space 4416K,   0% used [0x04c00000, 0x04c00000, 0x05050000)
  from space 512K,   0% used [0x05050000, 0x05050f28, 0x050d0000)
  to   space 512K,   0% used [0x050d0000, 0x050d0000, 0x05150000)
 tenured generation   total 10944K, used 355K [0x0a150000, 0x0ac00000, 0x14c00000)
   the space 10944K,   3% used [0x0a150000, 0x0a1a8d90, 0x0a1a8e00, 0x0ac00000)
 Metaspace       used 2058K, capacity 2600K, committed 2624K, reserved 4480K
}
Event: 35.465 GC heap before
{Heap before GC invocations=14 (full 0):
 def new generation   total 4928K, used 4419K [0x04c00000, 0x05150000, 0x0a150000)
  eden space 4416K, 100% used [0x04c00000, 0x05050000, 0x05050000)
  from space 512K,   0% used [0x05050000, 0x05050f28, 0x050d0000)
  to   space 512K,   0% used [0x050d0000, 0x050d0000, 0x05150000)
 tenured generation   total 10944K, used 355K [0x0a150000, 0x0ac00000, 0x14c00000)
   the space 10944K,   3% used [0x0a150000, 0x0a1a8d90, 0x0a1a8e00, 0x0ac00000)
 Metaspace       used 2058K, capacity 2600K, committed 2624K, reserved 4480K
Event: 35.465 GC heap after
Heap after GC invocations=15 (full 0):
 def new generation   total 4928K, used 3K [0x04c00000, 0x05150000, 0x0a150000)
  eden space 4416K,   0% used [0x04c00000, 0x04c00000, 0x05050000)
  from space 512K,   0% used [0x050d0000, 0x050d0f48, 0x05150000)
  to   space 512K,   0% used [0x05050000, 0x05050000, 0x050d0000)
 tenured generation   total 10944K, used 355K [0x0a150000, 0x0ac00000, 0x14c00000)
   the space 10944K,   3% used [0x0a150000, 0x0a1a8d90, 0x0a1a8e00, 0x0ac00000)
 Metaspace       used 2058K, capacity 2600K, committed 2624K, reserved 4480K
}

Deoptimization events (0 events):
No events

Internal exceptions (10 events):
Event: 28.469 Thread 0x00e7bc00 Implicit null exception at 0x02a76913 to 0x02a76c7b
Event: 28.469 Thread 0x00e7bc00 Exception <a 'java/lang/NullPointerException'> (0x04e5ea48) thrown at [C:\re\workspace\8-2-build-windows-i586-cygwin\jdk8u111\7883\hotspot\src\share\vm\runtime\sharedRuntime.cpp, line 605]
Event: 28.532 Thread 0x00e7bc00 Implicit null exception at 0x02a76913 to 0x02a76c7b
Event: 28.532 Thread 0x00e7bc00 Exception <a 'java/lang/NullPointerException'> (0x04e5f090) thrown at [C:\re\workspace\8-2-build-windows-i586-cygwin\jdk8u111\7883\hotspot\src\share\vm\runtime\sharedRuntime.cpp, line 605]
Event: 28.579 Thread 0x00e7bc00 Implicit null exception at 0x02a76913 to 0x02a76c7b
Event: 28.579 Thread 0x00e7bc00 Exception <a 'java/lang/NullPointerException'> (0x04e5f6f8) thrown at [C:\re\workspace\8-2-build-windows-i586-cygwin\jdk8u111\7883\hotspot\src\share\vm\runtime\sharedRuntime.cpp, line 605]
Event: 28.641 Thread 0x00e7bc00 Implicit null exception at 0x02a76913 to 0x02a76c7b
Event: 28.641 Thread 0x00e7bc00 Exception <a 'java/lang/NullPointerException'> (0x04e5fd40) thrown at [C:\re\workspace\8-2-build-windows-i586-cygwin\jdk8u111\7883\hotspot\src\share\vm\runtime\sharedRuntime.cpp, line 605]
Event: 29.706 Thread 0x00e7bc00 Implicit null exception at 0x02a76913 to 0x02a76c7b
Event: 29.706 Thread 0x00e7bc00 Exception <a 'java/lang/NullPointerException'> (0x04e60388) thrown at [C:\re\workspace\8-2-build-windows-i586-cygwin\jdk8u111\7883\hotspot\src\share\vm\runtime\sharedRuntime.cpp, line 605]

Events (10 events):
Event: 33.988 Executing VM operation: GenCollectForAllocation
Event: 33.988 Executing VM operation: GenCollectForAllocation done
Event: 34.357 Executing VM operation: GenCollectForAllocation
Event: 34.357 Executing VM operation: GenCollectForAllocation done
Event: 34.720 Executing VM operation: GenCollectForAllocation
Event: 34.720 Executing VM operation: GenCollectForAllocation done
Event: 35.092 Executing VM operation: GenCollectForAllocation
Event: 35.092 Executing VM operation: GenCollectForAllocation done
Event: 35.465 Executing VM operation: GenCollectForAllocation
Event: 35.465 Executing VM operation: GenCollectForAllocation done


Dynamic libraries:
0x002e0000 - 0x00313000 	C:\Program Files (x86)\Java\jre1.8.0_111\bin\javaw.exe
0x77a90000 - 0x77c12000 	C:\WINDOWS\SYSTEM32\ntdll.dll
0x76fa0000 - 0x77080000 	C:\WINDOWS\System32\KERNEL32.DLL
0x75120000 - 0x752c1000 	C:\WINDOWS\System32\KERNELBASE.dll
0x77a00000 - 0x77a77000 	C:\WINDOWS\System32\ADVAPI32.dll
0x747a0000 - 0x7485e000 	C:\WINDOWS\System32\msvcrt.dll
0x766b0000 - 0x766f1000 	C:\WINDOWS\System32\sechost.dll
0x768f0000 - 0x769b1000 	C:\WINDOWS\System32\RPCRT4.dll
0x74550000 - 0x7456e000 	C:\WINDOWS\System32\SspiCli.dll
0x74540000 - 0x7454a000 	C:\WINDOWS\System32\CRYPTBASE.dll
0x74600000 - 0x7465a000 	C:\WINDOWS\System32\bcryptPrimitives.dll
0x77080000 - 0x771df000 	C:\WINDOWS\System32\USER32.dll
0x76a60000 - 0x76a75000 	C:\WINDOWS\System32\win32u.dll
0x76a30000 - 0x76a5b000 	C:\WINDOWS\System32\GDI32.dll
0x74fb0000 - 0x7510b000 	C:\WINDOWS\System32\gdi32full.dll
0x6eec0000 - 0x6f0ca000 	C:\WINDOWS\WinSxS\x86_microsoft.windows.common-controls_6595b64144ccf1df_6.0.14393.447_none_89c64d28dafea4b9\COMCTL32.dll
0x771e0000 - 0x773f1000 	C:\WINDOWS\System32\combase.dll
0x74b30000 - 0x74c10000 	C:\WINDOWS\System32\ucrtbase.dll
0x74d90000 - 0x74db5000 	C:\WINDOWS\System32\IMM32.DLL
0x66bb0000 - 0x66c6f000 	C:\Program Files (x86)\Java\jre1.8.0_111\bin\msvcr100.dll
0x5e190000 - 0x5e55d000 	C:\Program Files (x86)\Java\jre1.8.0_111\bin\client\jvm.dll
0x77a80000 - 0x77a86000 	C:\WINDOWS\System32\PSAPI.DLL
0x732a0000 - 0x732a8000 	C:\WINDOWS\SYSTEM32\WSOCK32.dll
0x73460000 - 0x73484000 	C:\WINDOWS\SYSTEM32\WINMM.dll
0x76790000 - 0x767f3000 	C:\WINDOWS\System32\WS2_32.dll
0x74300000 - 0x74308000 	C:\WINDOWS\SYSTEM32\VERSION.dll
0x732b0000 - 0x732d3000 	C:\WINDOWS\SYSTEM32\WINMMBASE.dll
0x76e90000 - 0x76ec6000 	C:\WINDOWS\System32\cfgmgr32.dll
0x5fb90000 - 0x5fb9c000 	C:\Program Files (x86)\Java\jre1.8.0_111\bin\verify.dll
0x5fb60000 - 0x5fb81000 	C:\Program Files (x86)\Java\jre1.8.0_111\bin\java.dll
0x5fb40000 - 0x5fb53000 	C:\Program Files (x86)\Java\jre1.8.0_111\bin\zip.dll
0x752d0000 - 0x766a9000 	C:\WINDOWS\System32\SHELL32.dll
0x77490000 - 0x779fe000 	C:\WINDOWS\System32\windows.storage.dll
0x74750000 - 0x74795000 	C:\WINDOWS\System32\powrprof.dll
0x769c0000 - 0x76a06000 	C:\WINDOWS\System32\shlwapi.dll
0x75110000 - 0x7511d000 	C:\WINDOWS\System32\kernel.appcore.dll
0x77400000 - 0x77488000 	C:\WINDOWS\System32\shcore.dll
0x76f90000 - 0x76f9f000 	C:\WINDOWS\System32\profapi.dll
0x66920000 - 0x66ba6000 	D:\GoogleDrive\cs545\project\ExampleBot2_5\ExampleBot\bwapi_bridge2_5.dll
0x668a0000 - 0x66911000 	C:\Program Files (x86)\Java\jre1.8.0_111\bin\MSVCP120.dll
0x6f540000 - 0x6f59e000 	D:\GoogleDrive\cs545\project\ExampleBot2_5\ExampleBot\libmpfr-4.dll
0x6acc0000 - 0x6ad27000 	D:\GoogleDrive\cs545\project\ExampleBot2_5\ExampleBot\libgmp-10.dll
0x667b0000 - 0x6689e000 	C:\Program Files (x86)\Java\jre1.8.0_111\bin\MSVCR120.dll
0x6dbf0000 - 0x6dd35000 	C:\WINDOWS\SYSTEM32\dbghelp.dll

VM Arguments:
jvm_args: -Dfile.encoding=Cp1252 
java_command: project
java_class_path (initial): D:\GoogleDrive\cs545\project\ExampleBot2_5\ExampleBot\bin;D:\GoogleDrive\cs545\project\ExampleBot2_5\ExampleBot\lib\bwmirror_v2_5.jar
Launcher Type: SUN_STANDARD

Environment Variables:
PATH=C:/Program Files (x86)/Java/jre1.8.0_111/bin/client;C:/Program Files (x86)/Java/jre1.8.0_111/bin;C:/Program Files (x86)/Java/jre1.8.0_111/lib/i386;C:\ProgramData\Oracle\Java\javapath;C:\WINDOWS\system32;C:\WINDOWS;C:\WINDOWS\System32\Wbem;C:\WINDOWS\System32\WindowsPowerShell\v1.0\;C:\Program Files\Intel\WiFi\bin\;C:\Program Files\Common Files\Intel\WirelessCommon\;C:\Program Files\Anaconda3;C:\Program Files\Anaconda3\Scripts;C:\Program Files\Anaconda3\Library\bin;;C:\Users\lswxx\AppData\Local\Microsoft\WindowsApps;D:\eclipse-jee-neon-1a-win32\eclipse;
USERNAME=lswxx
OS=Windows_NT
PROCESSOR_IDENTIFIER=Intel64 Family 6 Model 78 Stepping 3, GenuineIntel



---------------  S Y S T E M  ---------------

OS: Windows 10.0 , 64 bit Build 14393 (10.0.14393.0)

CPU:total 4 (2 cores per cpu, 2 threads per core) family 6 model 78 stepping 3, cmov, cx8, fxsr, mmx, sse, sse2, sse3, ssse3, sse4.1, sse4.2, popcnt, avx, avx2, aes, clmul, erms, 3dnowpref, lzcnt, ht, tsc, tscinvbit, bmi1, bmi2, adx

Memory: 4k page, physical 8292256k(2994564k free), swap 10844044k(1943676k free)

vm_info: Java HotSpot(TM) Client VM (25.111-b14) for windows-x86 JRE (1.8.0_111-b14), built on Sep 22 2016 18:54:33 by "java_re" with MS VC++ 10.0 (VS2010)

time: Wed Dec 07 18:20:57 2016
elapsed time: 35 seconds (0d 0h 0m 35s)

