#
# A fatal error has been detected by the Java Runtime Environment:
#
#  EXCEPTION_ACCESS_VIOLATION (0xc0000005) at pc=0x5159b7f5, pid=7124, tid=0x000007e4
#
# JRE version: Java(TM) SE Runtime Environment (8.0_111-b14) (build 1.8.0_111-b14)
# Java VM: Java HotSpot(TM) Client VM (25.111-b14 mixed mode windows-x86 )
# Problematic frame:
# C  [bwapi_bridge2_5.dll+0x9b7f5]
#
# Failed to write core dump. Minidumps are not enabled by default on client versions of Windows
#
# If you would like to submit a bug report, please visit:
#   http://bugreport.java.com/bugreport/crash.jsp
# The crash happened outside the Java Virtual Machine in native code.
# See problematic frame for where to report the bug.
#

---------------  T H R E A D  ---------------

Current thread (0x0296bc00):  JavaThread "main" [_thread_in_native, id=2020, stack(0x00df0000,0x00e40000)]

siginfo: ExceptionCode=0xc0000005, writing address 0x1754d000

Registers:
EAX=0x00010554, EBX=0x0296bc00, ECX=0x155d0000, EDX=0x00f3adf0
ESP=0x00e3df2c, EBP=0x00e3dfb0, ESI=0x17a521c4, EDI=0x00e3e028
EIP=0x5159b7f5, EFLAGS=0x00010206

Top of Stack: (sp=0x00e3df2c)
0x00e3df2c:   50a3389a 00e3e028 17a521c4 00e3df28
0x00e3df3c:   00000000 0000000f 17a521c4 bb99a80f
0x00e3df4c:   1779cca0 0000000a 00000003 ffffffff
0x00e3df5c:   00000181 00000218 00000000 00000000
0x00e3df6c:   0000000f 00000000 00e3e028 516d013c
0x00e3df7c:   17a521c4 0000000a 00000000 00000181
0x00e3df8c:   00000218 00000000 ffffffff ffffffff
0x00e3df9c:   00f3fea8 0296bc00 00e3e234 516ac4c0 

Instructions: (pc=0x5159b7f5)
0x5159b7d5:   0f 6f 44 24 24 8b 4a 14 8b 81 48 a5 ef 01 8d 04
0x5159b7e5:   40 f3 0f 7f 84 c1 4c a5 ef 01 f3 0f 7e 44 24 34
0x5159b7f5:   66 0f d6 84 c1 5c a5 ef 01 8b ca 8b 42 14 ff 80
0x5159b805:   48 a5 ef 01 8b 02 8b 40 50 ff d0 f3 0f 6f 45 08 


Register to memory mapping:

EAX=0x00010554 is an unknown value
EBX=0x0296bc00 is a thread
ECX=0x155d0000 is an unknown value
EDX=0x00f3adf0 is an unknown value
ESP=0x00e3df2c is pointing into the stack for thread: 0x0296bc00
EBP=0x00e3dfb0 is pointing into the stack for thread: 0x0296bc00
ESI=0x17a521c4 is an unknown value
EDI=0x00e3e028 is pointing into the stack for thread: 0x0296bc00


Stack: [0x00df0000,0x00e40000],  sp=0x00e3df2c,  free space=311k
Native frames: (J=compiled Java code, j=interpreted, Vv=VM code, C=native code)
C  [bwapi_bridge2_5.dll+0x9b7f5]
C  [bwapi_bridge2_5.dll+0x397cd]
J 69  bwapi.Unit.move_native(JLbwapi/Position;)Z (0 bytes) @ 0x02a25c38 [0x02a25b90+0xa8]
J 65 C1 Qlearning.run()V (231 bytes) @ 0x02a24618 [0x02a24340+0x2d8]
j  project.onFrame()V+119
j  bwapi.AIModule.onFrame()V+11
v  ~StubRoutines::call_stub
V  [jvm.dll+0x15a895]
V  [jvm.dll+0x220bfe]
V  [jvm.dll+0x15a92e]
V  [jvm.dll+0xdc7cb]
V  [jvm.dll+0xdf75c]
C  [bwapi_bridge2_5.dll+0x1b20d]
C  [bwapi_bridge2_5.dll+0x75101]
j  bwapi.Mirror.startGame()V+0
j  project.run()V+15
j  project.main([Ljava/lang/String;)V+7
v  ~StubRoutines::call_stub
V  [jvm.dll+0x15a895]
V  [jvm.dll+0x220bfe]
V  [jvm.dll+0x15a92e]
V  [jvm.dll+0xdc597]
V  [jvm.dll+0xe4b2f]
C  [javaw.exe+0x22ab]
C  [javaw.exe+0xaecf]
C  [javaw.exe+0xaf59]
C  [KERNEL32.DLL+0x162c4]
C  [ntdll.dll+0x60719]
C  [ntdll.dll+0x606e4]
C  0x00000000

Java frames: (J=compiled Java code, j=interpreted, Vv=VM code)
J 69  bwapi.Unit.move_native(JLbwapi/Position;)Z (0 bytes) @ 0x02a25bf4 [0x02a25b90+0x64]
J 65 C1 Qlearning.run()V (231 bytes) @ 0x02a24618 [0x02a24340+0x2d8]
j  project.onFrame()V+119
j  bwapi.AIModule.onFrame()V+11
v  ~StubRoutines::call_stub
j  bwapi.Mirror.startGame()V+0
j  project.run()V+15
j  project.main([Ljava/lang/String;)V+7
v  ~StubRoutines::call_stub

---------------  P R O C E S S  ---------------

Java Threads: ( => current thread )
  0x14ea6400 JavaThread "Service Thread" daemon [_thread_blocked, id=404, stack(0x154f0000,0x15540000)]
  0x14e85800 JavaThread "C1 CompilerThread0" daemon [_thread_blocked, id=2252, stack(0x15460000,0x154b0000)]
  0x14e84400 JavaThread "Attach Listener" daemon [_thread_blocked, id=9712, stack(0x153d0000,0x15420000)]
  0x14e82400 JavaThread "Signal Dispatcher" daemon [_thread_blocked, id=1756, stack(0x15340000,0x15390000)]
  0x14e79400 JavaThread "Finalizer" daemon [_thread_blocked, id=9852, stack(0x15130000,0x15180000)]
  0x14e63c00 JavaThread "Reference Handler" daemon [_thread_blocked, id=3044, stack(0x150a0000,0x150f0000)]
=>0x0296bc00 JavaThread "main" [_thread_in_native, id=2020, stack(0x00df0000,0x00e40000)]

Other Threads:
  0x027ec000 VMThread [stack: 0x049b0000,0x04a00000] [id=9120]
  0x14eb3800 WatcherThread [stack: 0x15580000,0x155d0000] [id=9676]

VM state:not at safepoint (normal execution)

VM Mutex/Monitor currently owned by a thread: None

Heap:
 def new generation   total 4928K, used 4573K [0x04a00000, 0x04f50000, 0x09f50000)
  eden space 4416K,  91% used [0x04a00000, 0x04df7548, 0x04e50000)
  from space 512K,  99% used [0x04ed0000, 0x04f4fff8, 0x04f50000)
  to   space 512K,   0% used [0x04e50000, 0x04e50000, 0x04ed0000)
 tenured generation   total 10944K, used 16K [0x09f50000, 0x0aa00000, 0x14a00000)
   the space 10944K,   0% used [0x09f50000, 0x09f54118, 0x09f54200, 0x0aa00000)
 Metaspace       used 2058K, capacity 2600K, committed 2624K, reserved 4480K

Card table byte_map: [0x028b0000,0x02940000] byte_map_base: 0x0288b000

Polling page: 0x00e40000

CodeCache: size=32768Kb used=734Kb max_used=734Kb free=32033Kb
 bounds [0x02970000, 0x02a28000, 0x04970000]
 total_blobs=225 nmethods=78 adapters=78
 compilation: enabled

Compilation events (10 events):
Event: 15.310 Thread 0x14e85800   73             java.util.ArrayList$Itr::hasNext (20 bytes)
Event: 15.310 Thread 0x14e85800 nmethod 73 0x02a26648 code [0x02a26740, 0x02a267e0]
Event: 16.154 Thread 0x14e85800   74             java.util.ArrayList$Itr::next (66 bytes)
Event: 16.154 Thread 0x14e85800 nmethod 74 0x02a26848 code [0x02a26980, 0x02a26b54]
Event: 16.154 Thread 0x14e85800   75             java.util.ArrayList$Itr::checkForComodification (23 bytes)
Event: 16.154 Thread 0x14e85800 nmethod 75 0x02a26d48 code [0x02a26e50, 0x02a26f2c]
Event: 16.873 Thread 0x14e85800   77             java.lang.AbstractStringBuilder::append (50 bytes)
Event: 16.874 Thread 0x14e85800 nmethod 77 0x02a27288 code [0x02a273c0, 0x02a27620]
Event: 17.936 Thread 0x14e85800   78             java.lang.StringBuilder::append (8 bytes)
Event: 17.936 Thread 0x14e85800 nmethod 78 0x02a27808 code [0x02a27900, 0x02a2799c]

GC Heap History (2 events):
Event: 18.361 GC heap before
{Heap before GC invocations=0 (full 0):
 def new generation   total 4928K, used 4416K [0x04a00000, 0x04f50000, 0x09f50000)
  eden space 4416K, 100% used [0x04a00000, 0x04e50000, 0x04e50000)
  from space 512K,   0% used [0x04e50000, 0x04e50000, 0x04ed0000)
  to   space 512K,   0% used [0x04ed0000, 0x04ed0000, 0x04f50000)
 tenured generation   total 10944K, used 0K [0x09f50000, 0x0aa00000, 0x14a00000)
   the space 10944K,   0% used [0x09f50000, 0x09f50000, 0x09f50200, 0x0aa00000)
 Metaspace       used 2058K, capacity 2600K, committed 2624K, reserved 4480K
Event: 18.362 GC heap after
Heap after GC invocations=1 (full 0):
 def new generation   total 4928K, used 511K [0x04a00000, 0x04f50000, 0x09f50000)
  eden space 4416K,   0% used [0x04a00000, 0x04a00000, 0x04e50000)
  from space 512K,  99% used [0x04ed0000, 0x04f4fff8, 0x04f50000)
  to   space 512K,   0% used [0x04e50000, 0x04e50000, 0x04ed0000)
 tenured generation   total 10944K, used 16K [0x09f50000, 0x0aa00000, 0x14a00000)
   the space 10944K,   0% used [0x09f50000, 0x09f54118, 0x09f54200, 0x0aa00000)
 Metaspace       used 2058K, capacity 2600K, committed 2624K, reserved 4480K
}

Deoptimization events (0 events):
No events

Internal exceptions (2 events):
Event: 0.025 Thread 0x0296bc00 Exception <a 'java/lang/NoSuchMethodError': Method sun.misc.Unsafe.defineClass(Ljava/lang/String;[BII)Ljava/lang/Class; name or signature does not match> (0x04a06e68) thrown at [C:\re\workspace\8-2-build-windows-i586-cygwin\jdk8u111\7883\hotspot\src\share
Event: 0.025 Thread 0x0296bc00 Exception <a 'java/lang/NoSuchMethodError': Method sun.misc.Unsafe.prefetchRead(Ljava/lang/Object;J)V name or signature does not match> (0x04a07138) thrown at [C:\re\workspace\8-2-build-windows-i586-cygwin\jdk8u111\7883\hotspot\src\share\vm\prims\jni.cpp,

Events (10 events):
Event: 11.121 loading class java/lang/IndexOutOfBoundsException
Event: 11.121 loading class java/lang/IndexOutOfBoundsException done
Event: 18.361 Executing VM operation: GenCollectForAllocation
Event: 18.362 Executing VM operation: GenCollectForAllocation done
Event: 18.363 Executing VM operation: RevokeBias
Event: 18.363 Executing VM operation: RevokeBias done
Event: 18.363 Executing VM operation: RevokeBias
Event: 18.363 Executing VM operation: RevokeBias done
Event: 18.363 Executing VM operation: RevokeBias
Event: 18.363 Executing VM operation: RevokeBias done


Dynamic libraries:
0x00be0000 - 0x00c13000 	C:\Program Files (x86)\Java\jre1.8.0_111\bin\javaw.exe
0x77460000 - 0x775e2000 	C:\WINDOWS\SYSTEM32\ntdll.dll
0x75dd0000 - 0x75eb0000 	C:\WINDOWS\System32\KERNEL32.DLL
0x76830000 - 0x769d1000 	C:\WINDOWS\System32\KERNELBASE.dll
0x75480000 - 0x754f7000 	C:\WINDOWS\System32\ADVAPI32.dll
0x76210000 - 0x762ce000 	C:\WINDOWS\System32\msvcrt.dll
0x76360000 - 0x763a1000 	C:\WINDOWS\System32\sechost.dll
0x76bc0000 - 0x76c81000 	C:\WINDOWS\System32\RPCRT4.dll
0x75300000 - 0x7531e000 	C:\WINDOWS\System32\SspiCli.dll
0x752f0000 - 0x752fa000 	C:\WINDOWS\System32\CRYPTBASE.dll
0x761b0000 - 0x7620a000 	C:\WINDOWS\System32\bcryptPrimitives.dll
0x756f0000 - 0x7584f000 	C:\WINDOWS\System32\USER32.dll
0x76340000 - 0x76355000 	C:\WINDOWS\System32\win32u.dll
0x76b90000 - 0x76bbb000 	C:\WINDOWS\System32\GDI32.dll
0x75320000 - 0x7547b000 	C:\WINDOWS\System32\gdi32full.dll
0x6c6b0000 - 0x6c8ba000 	C:\WINDOWS\WinSxS\x86_microsoft.windows.common-controls_6595b64144ccf1df_6.0.14393.447_none_89c64d28dafea4b9\COMCTL32.dll
0x76c90000 - 0x76ea1000 	C:\WINDOWS\System32\combase.dll
0x75eb0000 - 0x75f90000 	C:\WINDOWS\System32\ucrtbase.dll
0x76610000 - 0x76635000 	C:\WINDOWS\System32\IMM32.DLL
0x54880000 - 0x5493f000 	C:\Program Files (x86)\Java\jre1.8.0_111\bin\msvcr100.dll
0x77a40000 - 0x77e0d000 	C:\Program Files (x86)\Java\jre1.8.0_111\bin\client\jvm.dll
0x75dc0000 - 0x75dc6000 	C:\WINDOWS\System32\PSAPI.DLL
0x74630000 - 0x74638000 	C:\WINDOWS\SYSTEM32\WSOCK32.dll
0x74a20000 - 0x74a44000 	C:\WINDOWS\SYSTEM32\WINMM.dll
0x762d0000 - 0x76333000 	C:\WINDOWS\System32\WS2_32.dll
0x74ca0000 - 0x74ca8000 	C:\WINDOWS\SYSTEM32\VERSION.dll
0x74640000 - 0x74663000 	C:\WINDOWS\SYSTEM32\WINMMBASE.dll
0x763b0000 - 0x763e6000 	C:\WINDOWS\System32\cfgmgr32.dll
0x502a0000 - 0x502ac000 	C:\Program Files (x86)\Java\jre1.8.0_111\bin\verify.dll
0x50270000 - 0x50291000 	C:\Program Files (x86)\Java\jre1.8.0_111\bin\java.dll
0x50250000 - 0x50263000 	C:\Program Files (x86)\Java\jre1.8.0_111\bin\zip.dll
0x73150000 - 0x74529000 	C:\WINDOWS\System32\SHELL32.dll
0x75850000 - 0x75dbe000 	C:\WINDOWS\System32\windows.storage.dll
0x76160000 - 0x761a5000 	C:\WINDOWS\System32\powrprof.dll
0x75510000 - 0x75556000 	C:\WINDOWS\System32\shlwapi.dll
0x75f90000 - 0x75f9d000 	C:\WINDOWS\System32\kernel.appcore.dll
0x75660000 - 0x756e8000 	C:\WINDOWS\System32\shcore.dll
0x76b80000 - 0x76b8f000 	C:\WINDOWS\System32\profapi.dll
0x51500000 - 0x51786000 	D:\GoogleDrive\cs545\project\ExampleBot2_5\ExampleBot\bwapi_bridge2_5.dll
0x6f540000 - 0x6f59e000 	D:\GoogleDrive\cs545\project\ExampleBot2_5\ExampleBot\libmpfr-4.dll
0x6acc0000 - 0x6ad27000 	D:\GoogleDrive\cs545\project\ExampleBot2_5\ExampleBot\libgmp-10.dll
0x51480000 - 0x514f1000 	C:\Program Files (x86)\Java\jre1.8.0_111\bin\MSVCP120.dll
0x51390000 - 0x5147e000 	C:\Program Files (x86)\Java\jre1.8.0_111\bin\MSVCR120.dll
0x74d60000 - 0x74ea5000 	C:\WINDOWS\SYSTEM32\dbghelp.dll

VM Arguments:
jvm_args: -Dfile.encoding=Cp1252 
java_command: project
java_class_path (initial): D:\GoogleDrive\cs545\project\ExampleBot2_5\ExampleBot\bin;D:\GoogleDrive\cs545\project\ExampleBot2_5\ExampleBot\lib\bwmirror_v2_5.jar
Launcher Type: SUN_STANDARD

Environment Variables:
PATH=C:/Program Files (x86)/Java/jre1.8.0_111/bin/client;C:/Program Files (x86)/Java/jre1.8.0_111/bin;C:/Program Files (x86)/Java/jre1.8.0_111/lib/i386;C:\ProgramData\Oracle\Java\javapath;C:\WINDOWS\system32;C:\WINDOWS;C:\WINDOWS\System32\Wbem;C:\WINDOWS\System32\WindowsPowerShell\v1.0\;C:\Program Files\Intel\WiFi\bin\;C:\Program Files\Common Files\Intel\WirelessCommon\;C:\Program Files\Anaconda3;C:\Program Files\Anaconda3\Scripts;C:\Program Files\Anaconda3\Library\bin;;C:\Users\lswxx\AppData\Local\Microsoft\WindowsApps;D:\eclipse-jee-neon-1a-win32\eclipse;
USERNAME=lswxx
OS=Windows_NT
PROCESSOR_IDENTIFIER=Intel64 Family 6 Model 78 Stepping 3, GenuineIntel



---------------  S Y S T E M  ---------------

OS: Windows 10.0 , 64 bit Build 14393 (10.0.14393.0)

CPU:total 4 (2 cores per cpu, 2 threads per core) family 6 model 78 stepping 3, cmov, cx8, fxsr, mmx, sse, sse2, sse3, ssse3, sse4.1, sse4.2, popcnt, avx, avx2, aes, clmul, erms, 3dnowpref, lzcnt, ht, tsc, tscinvbit, bmi1, bmi2, adx

Memory: 4k page, physical 8292256k(3802028k free), swap 9602976k(3240124k free)

vm_info: Java HotSpot(TM) Client VM (25.111-b14) for windows-x86 JRE (1.8.0_111-b14), built on Sep 22 2016 18:54:33 by "java_re" with MS VC++ 10.0 (VS2010)

time: Wed Dec 07 20:53:59 2016
elapsed time: 18 seconds (0d 0h 0m 18s)

