#
# A fatal error has been detected by the Java Runtime Environment:
#
#  EXCEPTION_ACCESS_VIOLATION (0xc0000005) at pc=0x669bb7f5, pid=13544, tid=0x00002540
#
# JRE version: Java(TM) SE Runtime Environment (8.0_111-b14) (build 1.8.0_111-b14)
# Java VM: Java HotSpot(TM) Client VM (25.111-b14 mixed mode windows-x86 )
# Problematic frame:
# C  [bwapi_bridge2_5.dll+0x9b7f5]
#
# Failed to write core dump. Minidumps are not enabled by default on client versions of Windows
#
# If you would like to submit a bug report, please visit:
#   http://bugreport.java.com/bugreport/crash.jsp
# The crash happened outside the Java Virtual Machine in native code.
# See problematic frame for where to report the bug.
#

---------------  T H R E A D  ---------------

Current thread (0x02fcbc00):  JavaThread "main" [_thread_in_native, id=9536, stack(0x01600000,0x01650000)]

siginfo: ExceptionCode=0xc0000005, writing address 0x17bfd000

Registers:
EAX=0x00010554, EBX=0x02fcbc00, ECX=0x15c80000, EDX=0x01339ae8
ESP=0x0164dbec, EBP=0x0164dc70, ESI=0x180f11c4, EDI=0x0164dce8
EIP=0x669bb7f5, EFLAGS=0x00010206

Top of Stack: (sp=0x0164dbec)
0x0164dbec:   4d30bd17 0164dce8 180f11c4 0164dbe8
0x0164dbfc:   00000000 0000000f 180f11c4 448dd14b
0x0164dc0c:   17e3f840 0000000a 00000003 ffffffff
0x0164dc1c:   000001d4 0000010d 00000000 00000000
0x0164dc2c:   0000000f 00000000 0164dce8 66af013c
0x0164dc3c:   180f11c4 0000000a 00000000 000001d4
0x0164dc4c:   0000010d 00000000 ffffffff ffffffff
0x0164dc5c:   0133edc8 02fcbc00 0164df54 66acc4c0 

Instructions: (pc=0x669bb7f5)
0x669bb7d5:   0f 6f 44 24 24 8b 4a 14 8b 81 48 a5 ef 01 8d 04
0x669bb7e5:   40 f3 0f 7f 84 c1 4c a5 ef 01 f3 0f 7e 44 24 34
0x669bb7f5:   66 0f d6 84 c1 5c a5 ef 01 8b ca 8b 42 14 ff 80
0x669bb805:   48 a5 ef 01 8b 02 8b 40 50 ff d0 f3 0f 6f 45 08 


Register to memory mapping:

EAX=0x00010554 is an unknown value
EBX=0x02fcbc00 is a thread
ECX=0x15c80000 is an unknown value
EDX=0x01339ae8 is an unknown value
ESP=0x0164dbec is pointing into the stack for thread: 0x02fcbc00
EBP=0x0164dc70 is pointing into the stack for thread: 0x02fcbc00
ESI=0x180f11c4 is an unknown value
EDI=0x0164dce8 is pointing into the stack for thread: 0x02fcbc00


Stack: [0x01600000,0x01650000],  sp=0x0164dbec,  free space=310k
Native frames: (J=compiled Java code, j=interpreted, Vv=VM code, C=native code)
C  [bwapi_bridge2_5.dll+0x9b7f5]
C  [bwapi_bridge2_5.dll+0x397cd]
J 89  bwapi.Unit.move_native(JLbwapi/Position;)Z (0 bytes) @ 0x0308b2b8 [0x0308b210+0xa8]
J 75 C1 Qlearning.run()V (427 bytes) @ 0x030870e0 [0x03086c50+0x490]
j  project.onFrame()V+129
j  bwapi.AIModule.onFrame()V+11
v  ~StubRoutines::call_stub
V  [jvm.dll+0x15a895]
V  [jvm.dll+0x220bfe]
V  [jvm.dll+0x15a92e]
V  [jvm.dll+0xdc7cb]
V  [jvm.dll+0xdf75c]
C  [bwapi_bridge2_5.dll+0x1b20d]
C  [bwapi_bridge2_5.dll+0x75101]
j  bwapi.Mirror.startGame()V+0
j  project.run()V+15
j  project.main([Ljava/lang/String;)V+7
v  ~StubRoutines::call_stub
V  [jvm.dll+0x15a895]
V  [jvm.dll+0x220bfe]
V  [jvm.dll+0x15a92e]
V  [jvm.dll+0xdc597]
V  [jvm.dll+0xe4b2f]
C  [javaw.exe+0x22ab]
C  [javaw.exe+0xaecf]
C  [javaw.exe+0xaf59]
C  [KERNEL32.DLL+0x162c4]
C  [ntdll.dll+0x60719]
C  [ntdll.dll+0x606e4]
C  0x00000000

Java frames: (J=compiled Java code, j=interpreted, Vv=VM code)
J 89  bwapi.Unit.move_native(JLbwapi/Position;)Z (0 bytes) @ 0x0308b274 [0x0308b210+0x64]
J 75 C1 Qlearning.run()V (427 bytes) @ 0x030870e0 [0x03086c50+0x490]
j  project.onFrame()V+129
j  bwapi.AIModule.onFrame()V+11
v  ~StubRoutines::call_stub
j  bwapi.Mirror.startGame()V+0
j  project.run()V+15
j  project.main([Ljava/lang/String;)V+7
v  ~StubRoutines::call_stub

---------------  P R O C E S S  ---------------

Java Threads: ( => current thread )
  0x155e6400 JavaThread "Service Thread" daemon [_thread_blocked, id=11728, stack(0x15ba0000,0x15bf0000)]
  0x155c5400 JavaThread "C1 CompilerThread0" daemon [_thread_blocked, id=7844, stack(0x15b10000,0x15b60000)]
  0x155c4400 JavaThread "Attach Listener" daemon [_thread_blocked, id=11144, stack(0x15a80000,0x15ad0000)]
  0x155c2400 JavaThread "Signal Dispatcher" daemon [_thread_blocked, id=6680, stack(0x159f0000,0x15a40000)]
  0x155b9400 JavaThread "Finalizer" daemon [_thread_blocked, id=544, stack(0x15870000,0x158c0000)]
  0x155a3c00 JavaThread "Reference Handler" daemon [_thread_blocked, id=6584, stack(0x157e0000,0x15830000)]
=>0x02fcbc00 JavaThread "main" [_thread_in_native, id=9536, stack(0x01600000,0x01650000)]

Other Threads:
  0x02f6c000 VMThread [stack: 0x15550000,0x155a0000] [id=13856]
  0x155f3800 WatcherThread [stack: 0x15c30000,0x15c80000] [id=15064]

VM state:not at safepoint (normal execution)

VM Mutex/Monitor currently owned by a thread: None

Heap:
 def new generation   total 4928K, used 2396K [0x05000000, 0x05550000, 0x0a550000)
  eden space 4416K,  48% used [0x05000000, 0x05211f08, 0x05450000)
  from space 512K,  54% used [0x054d0000, 0x055153a8, 0x05550000)
  to   space 512K,   0% used [0x05450000, 0x05450000, 0x054d0000)
 tenured generation   total 10944K, used 1240K [0x0a550000, 0x0b000000, 0x15000000)
   the space 10944K,  11% used [0x0a550000, 0x0a6863c0, 0x0a686400, 0x0b000000)
 Metaspace       used 2058K, capacity 2600K, committed 2624K, reserved 4480K

Card table byte_map: [0x15000000,0x15090000] byte_map_base: 0x14fd8000

Polling page: 0x01650000

CodeCache: size=32768Kb used=760Kb max_used=760Kb free=32007Kb
 bounds [0x02fd0000, 0x03090000, 0x04fd0000]
 total_blobs=241 nmethods=94 adapters=78
 compilation: enabled

Compilation events (10 events):
Event: 16.689 Thread 0x155c5400 nmethod 85 0x0308a408 code [0x0308a510, 0x0308a820]
Event: 16.689 Thread 0x155c5400   86             java.util.Random::initialScramble (10 bytes)
Event: 16.689 Thread 0x155c5400 nmethod 86 0x0308a948 code [0x0308aa40, 0x0308aac0]
Event: 16.689 Thread 0x155c5400   87             actions::<init> (43 bytes)
Event: 16.689 Thread 0x155c5400 nmethod 87 0x0308ab08 code [0x0308ac10, 0x0308add0]
Event: 16.864 Thread 0x155c5400   90             java.util.HashMap::putVal (300 bytes)
Event: 16.864 Thread 0x155c5400 nmethod 90 0x0308b3c8 code [0x0308b570, 0x0308ba08]
Event: 18.307 Thread 0x155c5400   91 % !         project::onFrame @ 72 (145 bytes)
Event: 18.308 Thread 0x155c5400 nmethod 91% 0x0308bfc8 code [0x0308c200, 0x0308cb04]
Event: 19.364 Thread 0x155c5400   92             java.util.ArrayList::rangeCheck (22 bytes)

GC Heap History (10 events):
Event: 19.019 GC heap before
{Heap before GC invocations=32 (full 0):
 def new generation   total 4928K, used 4702K [0x05000000, 0x05550000, 0x0a550000)
  eden space 4416K, 100% used [0x05000000, 0x05450000, 0x05450000)
  from space 512K,  55% used [0x05450000, 0x05497aa8, 0x054d0000)
  to   space 512K,   0% used [0x054d0000, 0x054d0000, 0x05550000)
 tenured generation   total 10944K, used 1097K [0x0a550000, 0x0b000000, 0x15000000)
   the space 10944K,  10% used [0x0a550000, 0x0a6627b0, 0x0a662800, 0x0b000000)
 Metaspace       used 2058K, capacity 2600K, committed 2624K, reserved 4480K
Event: 19.019 GC heap after
Heap after GC invocations=33 (full 0):
 def new generation   total 4928K, used 269K [0x05000000, 0x05550000, 0x0a550000)
  eden space 4416K,   0% used [0x05000000, 0x05000000, 0x05450000)
  from space 512K,  52% used [0x054d0000, 0x055135b8, 0x05550000)
  to   space 512K,   0% used [0x05450000, 0x05450000, 0x054d0000)
 tenured generation   total 10944K, used 1140K [0x0a550000, 0x0b000000, 0x15000000)
   the space 10944K,  10% used [0x0a550000, 0x0a66d130, 0x0a66d200, 0x0b000000)
 Metaspace       used 2058K, capacity 2600K, committed 2624K, reserved 4480K
}
Event: 19.095 GC heap before
{Heap before GC invocations=33 (full 0):
 def new generation   total 4928K, used 4685K [0x05000000, 0x05550000, 0x0a550000)
  eden space 4416K, 100% used [0x05000000, 0x05450000, 0x05450000)
  from space 512K,  52% used [0x054d0000, 0x055135b8, 0x05550000)
  to   space 512K,   0% used [0x05450000, 0x05450000, 0x054d0000)
 tenured generation   total 10944K, used 1140K [0x0a550000, 0x0b000000, 0x15000000)
   the space 10944K,  10% used [0x0a550000, 0x0a66d130, 0x0a66d200, 0x0b000000)
 Metaspace       used 2058K, capacity 2600K, committed 2624K, reserved 4480K
Event: 19.095 GC heap after
Heap after GC invocations=34 (full 0):
 def new generation   total 4928K, used 264K [0x05000000, 0x05550000, 0x0a550000)
  eden space 4416K,   0% used [0x05000000, 0x05000000, 0x05450000)
  from space 512K,  51% used [0x05450000, 0x054920e8, 0x054d0000)
  to   space 512K,   0% used [0x054d0000, 0x054d0000, 0x05550000)
 tenured generation   total 10944K, used 1174K [0x0a550000, 0x0b000000, 0x15000000)
   the space 10944K,  10% used [0x0a550000, 0x0a675ae8, 0x0a675c00, 0x0b000000)
 Metaspace       used 2058K, capacity 2600K, committed 2624K, reserved 4480K
}
Event: 19.170 GC heap before
{Heap before GC invocations=34 (full 0):
 def new generation   total 4928K, used 4680K [0x05000000, 0x05550000, 0x0a550000)
  eden space 4416K, 100% used [0x05000000, 0x05450000, 0x05450000)
  from space 512K,  51% used [0x05450000, 0x054920e8, 0x054d0000)
  to   space 512K,   0% used [0x054d0000, 0x054d0000, 0x05550000)
 tenured generation   total 10944K, used 1174K [0x0a550000, 0x0b000000, 0x15000000)
   the space 10944K,  10% used [0x0a550000, 0x0a675ae8, 0x0a675c00, 0x0b000000)
 Metaspace       used 2058K, capacity 2600K, committed 2624K, reserved 4480K
Event: 19.171 GC heap after
Heap after GC invocations=35 (full 0):
 def new generation   total 4928K, used 256K [0x05000000, 0x05550000, 0x0a550000)
  eden space 4416K,   0% used [0x05000000, 0x05000000, 0x05450000)
  from space 512K,  50% used [0x054d0000, 0x055101e8, 0x05550000)
  to   space 512K,   0% used [0x05450000, 0x05450000, 0x054d0000)
 tenured generation   total 10944K, used 1211K [0x0a550000, 0x0b000000, 0x15000000)
   the space 10944K,  11% used [0x0a550000, 0x0a67ef38, 0x0a67f000, 0x0b000000)
 Metaspace       used 2058K, capacity 2600K, committed 2624K, reserved 4480K
}
Event: 19.249 GC heap before
{Heap before GC invocations=35 (full 0):
 def new generation   total 4928K, used 4672K [0x05000000, 0x05550000, 0x0a550000)
  eden space 4416K, 100% used [0x05000000, 0x05450000, 0x05450000)
  from space 512K,  50% used [0x054d0000, 0x055101e8, 0x05550000)
  to   space 512K,   0% used [0x05450000, 0x05450000, 0x054d0000)
 tenured generation   total 10944K, used 1211K [0x0a550000, 0x0b000000, 0x15000000)
   the space 10944K,  11% used [0x0a550000, 0x0a67ef38, 0x0a67f000, 0x0b000000)
 Metaspace       used 2058K, capacity 2600K, committed 2624K, reserved 4480K
Event: 19.250 GC heap after
Heap after GC invocations=36 (full 0):
 def new generation   total 4928K, used 243K [0x05000000, 0x05550000, 0x0a550000)
  eden space 4416K,   0% used [0x05000000, 0x05000000, 0x05450000)
  from space 512K,  47% used [0x05450000, 0x0548cfb0, 0x054d0000)
  to   space 512K,   0% used [0x054d0000, 0x054d0000, 0x05550000)
 tenured generation   total 10944K, used 1240K [0x0a550000, 0x0b000000, 0x15000000)
   the space 10944K,  11% used [0x0a550000, 0x0a6863c0, 0x0a686400, 0x0b000000)
 Metaspace       used 2058K, capacity 2600K, committed 2624K, reserved 4480K
}
Event: 19.328 GC heap before
{Heap before GC invocations=36 (full 0):
 def new generation   total 4928K, used 4659K [0x05000000, 0x05550000, 0x0a550000)
  eden space 4416K, 100% used [0x05000000, 0x05450000, 0x05450000)
  from space 512K,  47% used [0x05450000, 0x0548cfb0, 0x054d0000)
  to   space 512K,   0% used [0x054d0000, 0x054d0000, 0x05550000)
 tenured generation   total 10944K, used 1240K [0x0a550000, 0x0b000000, 0x15000000)
   the space 10944K,  11% used [0x0a550000, 0x0a6863c0, 0x0a686400, 0x0b000000)
 Metaspace       used 2058K, capacity 2600K, committed 2624K, reserved 4480K
Event: 19.329 GC heap after
Heap after GC invocations=37 (full 0):
 def new generation   total 4928K, used 276K [0x05000000, 0x05550000, 0x0a550000)
  eden space 4416K,   0% used [0x05000000, 0x05000000, 0x05450000)
  from space 512K,  54% used [0x054d0000, 0x055153a8, 0x05550000)
  to   space 512K,   0% used [0x05450000, 0x05450000, 0x054d0000)
 tenured generation   total 10944K, used 1240K [0x0a550000, 0x0b000000, 0x15000000)
   the space 10944K,  11% used [0x0a550000, 0x0a6863c0, 0x0a686400, 0x0b000000)
 Metaspace       used 2058K, capacity 2600K, committed 2624K, reserved 4480K
}

Deoptimization events (0 events):
No events

Internal exceptions (2 events):
Event: 0.027 Thread 0x02fcbc00 Exception <a 'java/lang/NoSuchMethodError': Method sun.misc.Unsafe.defineClass(Ljava/lang/String;[BII)Ljava/lang/Class; name or signature does not match> (0x05006e68) thrown at [C:\re\workspace\8-2-build-windows-i586-cygwin\jdk8u111\7883\hotspot\src\share
Event: 0.027 Thread 0x02fcbc00 Exception <a 'java/lang/NoSuchMethodError': Method sun.misc.Unsafe.prefetchRead(Ljava/lang/Object;J)V name or signature does not match> (0x05007138) thrown at [C:\re\workspace\8-2-build-windows-i586-cygwin\jdk8u111\7883\hotspot\src\share\vm\prims\jni.cpp,

Events (10 events):
Event: 19.019 Executing VM operation: GenCollectForAllocation
Event: 19.019 Executing VM operation: GenCollectForAllocation done
Event: 19.095 Executing VM operation: GenCollectForAllocation
Event: 19.095 Executing VM operation: GenCollectForAllocation done
Event: 19.170 Executing VM operation: GenCollectForAllocation
Event: 19.171 Executing VM operation: GenCollectForAllocation done
Event: 19.249 Executing VM operation: GenCollectForAllocation
Event: 19.250 Executing VM operation: GenCollectForAllocation done
Event: 19.328 Executing VM operation: GenCollectForAllocation
Event: 19.329 Executing VM operation: GenCollectForAllocation done


Dynamic libraries:
0x002e0000 - 0x00313000 	C:\Program Files (x86)\Java\jre1.8.0_111\bin\javaw.exe
0x77a90000 - 0x77c12000 	C:\WINDOWS\SYSTEM32\ntdll.dll
0x76fa0000 - 0x77080000 	C:\WINDOWS\System32\KERNEL32.DLL
0x75120000 - 0x752c1000 	C:\WINDOWS\System32\KERNELBASE.dll
0x77a00000 - 0x77a77000 	C:\WINDOWS\System32\ADVAPI32.dll
0x747a0000 - 0x7485e000 	C:\WINDOWS\System32\msvcrt.dll
0x766b0000 - 0x766f1000 	C:\WINDOWS\System32\sechost.dll
0x768f0000 - 0x769b1000 	C:\WINDOWS\System32\RPCRT4.dll
0x74550000 - 0x7456e000 	C:\WINDOWS\System32\SspiCli.dll
0x74540000 - 0x7454a000 	C:\WINDOWS\System32\CRYPTBASE.dll
0x74600000 - 0x7465a000 	C:\WINDOWS\System32\bcryptPrimitives.dll
0x77080000 - 0x771df000 	C:\WINDOWS\System32\USER32.dll
0x76a60000 - 0x76a75000 	C:\WINDOWS\System32\win32u.dll
0x76a30000 - 0x76a5b000 	C:\WINDOWS\System32\GDI32.dll
0x74fb0000 - 0x7510b000 	C:\WINDOWS\System32\gdi32full.dll
0x6eec0000 - 0x6f0ca000 	C:\WINDOWS\WinSxS\x86_microsoft.windows.common-controls_6595b64144ccf1df_6.0.14393.447_none_89c64d28dafea4b9\COMCTL32.dll
0x771e0000 - 0x773f1000 	C:\WINDOWS\System32\combase.dll
0x74b30000 - 0x74c10000 	C:\WINDOWS\System32\ucrtbase.dll
0x74d90000 - 0x74db5000 	C:\WINDOWS\System32\IMM32.DLL
0x66bb0000 - 0x66c6f000 	C:\Program Files (x86)\Java\jre1.8.0_111\bin\msvcr100.dll
0x5e190000 - 0x5e55d000 	C:\Program Files (x86)\Java\jre1.8.0_111\bin\client\jvm.dll
0x77a80000 - 0x77a86000 	C:\WINDOWS\System32\PSAPI.DLL
0x732a0000 - 0x732a8000 	C:\WINDOWS\SYSTEM32\WSOCK32.dll
0x73460000 - 0x73484000 	C:\WINDOWS\SYSTEM32\WINMM.dll
0x74300000 - 0x74308000 	C:\WINDOWS\SYSTEM32\VERSION.dll
0x76790000 - 0x767f3000 	C:\WINDOWS\System32\WS2_32.dll
0x732b0000 - 0x732d3000 	C:\WINDOWS\SYSTEM32\WINMMBASE.dll
0x76e90000 - 0x76ec6000 	C:\WINDOWS\System32\cfgmgr32.dll
0x5fb90000 - 0x5fb9c000 	C:\Program Files (x86)\Java\jre1.8.0_111\bin\verify.dll
0x5fb60000 - 0x5fb81000 	C:\Program Files (x86)\Java\jre1.8.0_111\bin\java.dll
0x5fb40000 - 0x5fb53000 	C:\Program Files (x86)\Java\jre1.8.0_111\bin\zip.dll
0x752d0000 - 0x766a9000 	C:\WINDOWS\System32\SHELL32.dll
0x77490000 - 0x779fe000 	C:\WINDOWS\System32\windows.storage.dll
0x74750000 - 0x74795000 	C:\WINDOWS\System32\powrprof.dll
0x769c0000 - 0x76a06000 	C:\WINDOWS\System32\shlwapi.dll
0x75110000 - 0x7511d000 	C:\WINDOWS\System32\kernel.appcore.dll
0x77400000 - 0x77488000 	C:\WINDOWS\System32\shcore.dll
0x76f90000 - 0x76f9f000 	C:\WINDOWS\System32\profapi.dll
0x66920000 - 0x66ba6000 	D:\GoogleDrive\cs545\project\ExampleBot2_5\ExampleBot\bwapi_bridge2_5.dll
0x668a0000 - 0x66911000 	C:\Program Files (x86)\Java\jre1.8.0_111\bin\MSVCP120.dll
0x6f540000 - 0x6f59e000 	D:\GoogleDrive\cs545\project\ExampleBot2_5\ExampleBot\libmpfr-4.dll
0x6acc0000 - 0x6ad27000 	D:\GoogleDrive\cs545\project\ExampleBot2_5\ExampleBot\libgmp-10.dll
0x667b0000 - 0x6689e000 	C:\Program Files (x86)\Java\jre1.8.0_111\bin\MSVCR120.dll
0x6dbf0000 - 0x6dd35000 	C:\WINDOWS\SYSTEM32\dbghelp.dll

VM Arguments:
jvm_args: -Dfile.encoding=Cp1252 
java_command: project
java_class_path (initial): D:\GoogleDrive\cs545\project\ExampleBot2_5\ExampleBot\bin;D:\GoogleDrive\cs545\project\ExampleBot2_5\ExampleBot\lib\bwmirror_v2_5.jar
Launcher Type: SUN_STANDARD

Environment Variables:
PATH=C:/Program Files (x86)/Java/jre1.8.0_111/bin/client;C:/Program Files (x86)/Java/jre1.8.0_111/bin;C:/Program Files (x86)/Java/jre1.8.0_111/lib/i386;C:\ProgramData\Oracle\Java\javapath;C:\WINDOWS\system32;C:\WINDOWS;C:\WINDOWS\System32\Wbem;C:\WINDOWS\System32\WindowsPowerShell\v1.0\;C:\Program Files\Intel\WiFi\bin\;C:\Program Files\Common Files\Intel\WirelessCommon\;C:\Program Files\Anaconda3;C:\Program Files\Anaconda3\Scripts;C:\Program Files\Anaconda3\Library\bin;;C:\Users\lswxx\AppData\Local\Microsoft\WindowsApps;D:\eclipse-jee-neon-1a-win32\eclipse;
USERNAME=lswxx
OS=Windows_NT
PROCESSOR_IDENTIFIER=Intel64 Family 6 Model 78 Stepping 3, GenuineIntel



---------------  S Y S T E M  ---------------

OS: Windows 10.0 , 64 bit Build 14393 (10.0.14393.0)

CPU:total 4 (2 cores per cpu, 2 threads per core) family 6 model 78 stepping 3, cmov, cx8, fxsr, mmx, sse, sse2, sse3, ssse3, sse4.1, sse4.2, popcnt, avx, avx2, aes, clmul, erms, 3dnowpref, lzcnt, ht, tsc, tscinvbit, bmi1, bmi2, adx

Memory: 4k page, physical 8292256k(3209992k free), swap 10844044k(2010260k free)

vm_info: Java HotSpot(TM) Client VM (25.111-b14) for windows-x86 JRE (1.8.0_111-b14), built on Sep 22 2016 18:54:33 by "java_re" with MS VC++ 10.0 (VS2010)

time: Wed Dec 07 18:02:55 2016
elapsed time: 19 seconds (0d 0h 0m 19s)

