#
# A fatal error has been detected by the Java Runtime Environment:
#
#  EXCEPTION_ACCESS_VIOLATION (0xc0000005) at pc=0x5178b7f5, pid=8680, tid=0x000009a4
#
# JRE version: Java(TM) SE Runtime Environment (8.0_111-b14) (build 1.8.0_111-b14)
# Java VM: Java HotSpot(TM) Client VM (25.111-b14 mixed mode windows-x86 )
# Problematic frame:
# C  [bwapi_bridge2_5.dll+0x9b7f5]
#
# Failed to write core dump. Minidumps are not enabled by default on client versions of Windows
#
# If you would like to submit a bug report, please visit:
#   http://bugreport.java.com/bugreport/crash.jsp
# The crash happened outside the Java Virtual Machine in native code.
# See problematic frame for where to report the bug.
#

---------------  T H R E A D  ---------------

Current thread (0x0154bc00):  JavaThread "main" [_thread_in_native, id=2468, stack(0x016e0000,0x01730000)]

siginfo: ExceptionCode=0xc0000005, writing address 0x17c8d000

Registers:
EAX=0x00010554, EBX=0x0154bc00, ECX=0x15d10000, EDX=0x015bc140
ESP=0x0172dcbc, EBP=0x0172dd40, ESI=0x1818a2dc, EDI=0x0172ddb8
EIP=0x5178b7f5, EFLAGS=0x00010206

Top of Stack: (sp=0x0172dcbc)
0x0172dcbc:   5a60d029 0172ddb8 1818a2dc 0172dcb8
0x0172dccc:   00000000 0000000f 1818a2dc 9a682b5d
0x0172dcdc:   17eddac8 0000000a 00000005 ffffffff
0x0172dcec:   000001da 00000157 00000000 00000000
0x0172dcfc:   0000000f 00000000 0172ddb8 518c013c
0x0172dd0c:   1818a2dc 0000000a 00000000 000001da
0x0172dd1c:   00000157 00000000 ffffffff ffffffff
0x0172dd2c:   015c1420 0154bc00 0172df94 5189c4c0 

Instructions: (pc=0x5178b7f5)
0x5178b7d5:   0f 6f 44 24 24 8b 4a 14 8b 81 48 a5 ef 01 8d 04
0x5178b7e5:   40 f3 0f 7f 84 c1 4c a5 ef 01 f3 0f 7e 44 24 34
0x5178b7f5:   66 0f d6 84 c1 5c a5 ef 01 8b ca 8b 42 14 ff 80
0x5178b805:   48 a5 ef 01 8b 02 8b 40 50 ff d0 f3 0f 6f 45 08 


Register to memory mapping:

EAX=0x00010554 is an unknown value
EBX=0x0154bc00 is a thread
ECX=0x15d10000 is an unknown value
EDX=0x015bc140 is an unknown value
ESP=0x0172dcbc is pointing into the stack for thread: 0x0154bc00
EBP=0x0172dd40 is pointing into the stack for thread: 0x0154bc00
ESI=0x1818a2dc is an unknown value
EDI=0x0172ddb8 is pointing into the stack for thread: 0x0154bc00


Stack: [0x016e0000,0x01730000],  sp=0x0172dcbc,  free space=311k
Native frames: (J=compiled Java code, j=interpreted, Vv=VM code, C=native code)
C  [bwapi_bridge2_5.dll+0x9b7f5]
C  [bwapi_bridge2_5.dll+0x397cd]
J 93  bwapi.Unit.move_native(JLbwapi/Position;)Z (0 bytes) @ 0x030d93f8 [0x030d9350+0xa8]
J 92 C1 bwapi.Unit.move(Lbwapi/Position;)Z (10 bytes) @ 0x030d9630 [0x030d9600+0x30]
j  Qlearning.run()V+219
j  project.onFrame()V+119
j  bwapi.AIModule.onFrame()V+11
v  ~StubRoutines::call_stub
V  [jvm.dll+0x15a895]
V  [jvm.dll+0x220bfe]
V  [jvm.dll+0x15a92e]
V  [jvm.dll+0xdc7cb]
V  [jvm.dll+0xdf75c]
C  [bwapi_bridge2_5.dll+0x1b20d]
C  [bwapi_bridge2_5.dll+0x75101]
j  bwapi.Mirror.startGame()V+0
j  project.run()V+15
j  project.main([Ljava/lang/String;)V+7
v  ~StubRoutines::call_stub
V  [jvm.dll+0x15a895]
V  [jvm.dll+0x220bfe]
V  [jvm.dll+0x15a92e]
V  [jvm.dll+0xdc597]
V  [jvm.dll+0xe4b2f]
C  [javaw.exe+0x22ab]
C  [javaw.exe+0xaecf]
C  [javaw.exe+0xaf59]
C  [KERNEL32.DLL+0x162c4]
C  [ntdll.dll+0x60719]
C  [ntdll.dll+0x606e4]
C  0x00000000

Java frames: (J=compiled Java code, j=interpreted, Vv=VM code)
J 93  bwapi.Unit.move_native(JLbwapi/Position;)Z (0 bytes) @ 0x030d93b4 [0x030d9350+0x64]
J 92 C1 bwapi.Unit.move(Lbwapi/Position;)Z (10 bytes) @ 0x030d9630 [0x030d9600+0x30]
j  Qlearning.run()V+219
j  project.onFrame()V+119
j  bwapi.AIModule.onFrame()V+11
v  ~StubRoutines::call_stub
j  bwapi.Mirror.startGame()V+0
j  project.run()V+15
j  project.main([Ljava/lang/String;)V+7
v  ~StubRoutines::call_stub

---------------  P R O C E S S  ---------------

Java Threads: ( => current thread )
  0x156a6400 JavaThread "Service Thread" daemon [_thread_blocked, id=7868, stack(0x15c20000,0x15c70000)]
  0x15685400 JavaThread "C1 CompilerThread0" daemon [_thread_blocked, id=6256, stack(0x15b90000,0x15be0000)]
  0x15684400 JavaThread "Attach Listener" daemon [_thread_blocked, id=6180, stack(0x15b00000,0x15b50000)]
  0x15682400 JavaThread "Signal Dispatcher" daemon [_thread_blocked, id=9344, stack(0x15a70000,0x15ac0000)]
  0x15679400 JavaThread "Finalizer" daemon [_thread_blocked, id=6880, stack(0x158f0000,0x15940000)]
  0x15663c00 JavaThread "Reference Handler" daemon [_thread_blocked, id=2628, stack(0x15860000,0x158b0000)]
=>0x0154bc00 JavaThread "main" [_thread_in_native, id=2468, stack(0x016e0000,0x01730000)]

Other Threads:
  0x02f8c000 VMThread [stack: 0x05150000,0x051a0000] [id=9008]
  0x156b3800 WatcherThread [stack: 0x15cb0000,0x15d00000] [id=8800]

VM state:not at safepoint (normal execution)

VM Mutex/Monitor currently owned by a thread: None

Heap:
 def new generation   total 4928K, used 177K [0x05200000, 0x05750000, 0x0a750000)
  eden space 4416K,   3% used [0x05200000, 0x0522c280, 0x05650000)
  from space 512K,   0% used [0x056d0000, 0x056d0328, 0x05750000)
  to   space 512K,   0% used [0x05650000, 0x05650000, 0x056d0000)
 tenured generation   total 10944K, used 357K [0x0a750000, 0x0b200000, 0x15200000)
   the space 10944K,   3% used [0x0a750000, 0x0a7a97d0, 0x0a7a9800, 0x0b200000)
 Metaspace       used 2058K, capacity 2600K, committed 2624K, reserved 4480K

Card table byte_map: [0x05020000,0x050b0000] byte_map_base: 0x04ff7000

Polling page: 0x01730000

CodeCache: size=32768Kb used=749Kb max_used=749Kb free=32018Kb
 bounds [0x03020000, 0x030e0000, 0x05020000]
 total_blobs=241 nmethods=94 adapters=78
 compilation: enabled

Compilation events (10 events):
Event: 15.556 Thread 0x15685400   89             java.util.Random::nextInt (74 bytes)
Event: 15.556 Thread 0x15685400 nmethod 89 0x030d8688 code [0x030d87b0, 0x030d8984]
Event: 15.556 Thread 0x15685400   90             java.util.Random::next (47 bytes)
Event: 15.556 Thread 0x15685400 nmethod 90 0x030d8ac8 code [0x030d8bc0, 0x030d8d00]
Event: 15.557 Thread 0x15685400   91             java.util.ArrayList::set (20 bytes)
Event: 15.557 Thread 0x15685400 nmethod 91 0x030d8dc8 code [0x030d8ee0, 0x030d9078]
Event: 15.557 Thread 0x15685400   92             bwapi.Unit::move (10 bytes)
Event: 15.557 Thread 0x15685400 nmethod 92 0x030d9508 code [0x030d9600, 0x030d969c]
Event: 16.200 Thread 0x15685400   94 %           Qlearning::run @ 72 (371 bytes)
Event: 16.201 Thread 0x15685400 nmethod 94% 0x030d9708 code [0x030d99d0, 0x030da590]

GC Heap History (10 events):
Event: 16.108 GC heap before
{Heap before GC invocations=4 (full 0):
 def new generation   total 4928K, used 4417K [0x05200000, 0x05750000, 0x0a750000)
  eden space 4416K, 100% used [0x05200000, 0x05650000, 0x05650000)
  from space 512K,   0% used [0x05650000, 0x05650400, 0x056d0000)
  to   space 512K,   0% used [0x056d0000, 0x056d0000, 0x05750000)
 tenured generation   total 10944K, used 357K [0x0a750000, 0x0b200000, 0x15200000)
   the space 10944K,   3% used [0x0a750000, 0x0a7a97d0, 0x0a7a9800, 0x0b200000)
 Metaspace       used 2058K, capacity 2600K, committed 2624K, reserved 4480K
Event: 16.108 GC heap after
Heap after GC invocations=5 (full 0):
 def new generation   total 4928K, used 1K [0x05200000, 0x05750000, 0x0a750000)
  eden space 4416K,   0% used [0x05200000, 0x05200000, 0x05650000)
  from space 512K,   0% used [0x056d0000, 0x056d0410, 0x05750000)
  to   space 512K,   0% used [0x05650000, 0x05650000, 0x056d0000)
 tenured generation   total 10944K, used 357K [0x0a750000, 0x0b200000, 0x15200000)
   the space 10944K,   3% used [0x0a750000, 0x0a7a97d0, 0x0a7a9800, 0x0b200000)
 Metaspace       used 2058K, capacity 2600K, committed 2624K, reserved 4480K
}
Event: 16.241 GC heap before
{Heap before GC invocations=5 (full 0):
 def new generation   total 4928K, used 4417K [0x05200000, 0x05750000, 0x0a750000)
  eden space 4416K, 100% used [0x05200000, 0x05650000, 0x05650000)
  from space 512K,   0% used [0x056d0000, 0x056d0410, 0x05750000)
  to   space 512K,   0% used [0x05650000, 0x05650000, 0x056d0000)
 tenured generation   total 10944K, used 357K [0x0a750000, 0x0b200000, 0x15200000)
   the space 10944K,   3% used [0x0a750000, 0x0a7a97d0, 0x0a7a9800, 0x0b200000)
 Metaspace       used 2058K, capacity 2600K, committed 2624K, reserved 4480K
Event: 16.241 GC heap after
Heap after GC invocations=6 (full 0):
 def new generation   total 4928K, used 1K [0x05200000, 0x05750000, 0x0a750000)
  eden space 4416K,   0% used [0x05200000, 0x05200000, 0x05650000)
  from space 512K,   0% used [0x05650000, 0x05650420, 0x056d0000)
  to   space 512K,   0% used [0x056d0000, 0x056d0000, 0x05750000)
 tenured generation   total 10944K, used 357K [0x0a750000, 0x0b200000, 0x15200000)
   the space 10944K,   3% used [0x0a750000, 0x0a7a97d0, 0x0a7a9800, 0x0b200000)
 Metaspace       used 2058K, capacity 2600K, committed 2624K, reserved 4480K
}
Event: 16.373 GC heap before
{Heap before GC invocations=6 (full 0):
 def new generation   total 4928K, used 4417K [0x05200000, 0x05750000, 0x0a750000)
  eden space 4416K, 100% used [0x05200000, 0x05650000, 0x05650000)
  from space 512K,   0% used [0x05650000, 0x05650420, 0x056d0000)
  to   space 512K,   0% used [0x056d0000, 0x056d0000, 0x05750000)
 tenured generation   total 10944K, used 357K [0x0a750000, 0x0b200000, 0x15200000)
   the space 10944K,   3% used [0x0a750000, 0x0a7a97d0, 0x0a7a9800, 0x0b200000)
 Metaspace       used 2058K, capacity 2600K, committed 2624K, reserved 4480K
Event: 16.374 GC heap after
Heap after GC invocations=7 (full 0):
 def new generation   total 4928K, used 1K [0x05200000, 0x05750000, 0x0a750000)
  eden space 4416K,   0% used [0x05200000, 0x05200000, 0x05650000)
  from space 512K,   0% used [0x056d0000, 0x056d0430, 0x05750000)
  to   space 512K,   0% used [0x05650000, 0x05650000, 0x056d0000)
 tenured generation   total 10944K, used 357K [0x0a750000, 0x0b200000, 0x15200000)
   the space 10944K,   3% used [0x0a750000, 0x0a7a97d0, 0x0a7a9800, 0x0b200000)
 Metaspace       used 2058K, capacity 2600K, committed 2624K, reserved 4480K
}
Event: 16.505 GC heap before
{Heap before GC invocations=7 (full 0):
 def new generation   total 4928K, used 4417K [0x05200000, 0x05750000, 0x0a750000)
  eden space 4416K, 100% used [0x05200000, 0x05650000, 0x05650000)
  from space 512K,   0% used [0x056d0000, 0x056d0430, 0x05750000)
  to   space 512K,   0% used [0x05650000, 0x05650000, 0x056d0000)
 tenured generation   total 10944K, used 357K [0x0a750000, 0x0b200000, 0x15200000)
   the space 10944K,   3% used [0x0a750000, 0x0a7a97d0, 0x0a7a9800, 0x0b200000)
 Metaspace       used 2058K, capacity 2600K, committed 2624K, reserved 4480K
Event: 16.505 GC heap after
Heap after GC invocations=8 (full 0):
 def new generation   total 4928K, used 1K [0x05200000, 0x05750000, 0x0a750000)
  eden space 4416K,   0% used [0x05200000, 0x05200000, 0x05650000)
  from space 512K,   0% used [0x05650000, 0x05650440, 0x056d0000)
  to   space 512K,   0% used [0x056d0000, 0x056d0000, 0x05750000)
 tenured generation   total 10944K, used 357K [0x0a750000, 0x0b200000, 0x15200000)
   the space 10944K,   3% used [0x0a750000, 0x0a7a97d0, 0x0a7a9800, 0x0b200000)
 Metaspace       used 2058K, capacity 2600K, committed 2624K, reserved 4480K
}
Event: 16.638 GC heap before
{Heap before GC invocations=8 (full 0):
 def new generation   total 4928K, used 4417K [0x05200000, 0x05750000, 0x0a750000)
  eden space 4416K, 100% used [0x05200000, 0x05650000, 0x05650000)
  from space 512K,   0% used [0x05650000, 0x05650440, 0x056d0000)
  to   space 512K,   0% used [0x056d0000, 0x056d0000, 0x05750000)
 tenured generation   total 10944K, used 357K [0x0a750000, 0x0b200000, 0x15200000)
   the space 10944K,   3% used [0x0a750000, 0x0a7a97d0, 0x0a7a9800, 0x0b200000)
 Metaspace       used 2058K, capacity 2600K, committed 2624K, reserved 4480K
Event: 16.638 GC heap after
Heap after GC invocations=9 (full 0):
 def new generation   total 4928K, used 0K [0x05200000, 0x05750000, 0x0a750000)
  eden space 4416K,   0% used [0x05200000, 0x05200000, 0x05650000)
  from space 512K,   0% used [0x056d0000, 0x056d0328, 0x05750000)
  to   space 512K,   0% used [0x05650000, 0x05650000, 0x056d0000)
 tenured generation   total 10944K, used 357K [0x0a750000, 0x0b200000, 0x15200000)
   the space 10944K,   3% used [0x0a750000, 0x0a7a97d0, 0x0a7a9800, 0x0b200000)
 Metaspace       used 2058K, capacity 2600K, committed 2624K, reserved 4480K
}

Deoptimization events (0 events):
No events

Internal exceptions (2 events):
Event: 0.024 Thread 0x0154bc00 Exception <a 'java/lang/NoSuchMethodError': Method sun.misc.Unsafe.defineClass(Ljava/lang/String;[BII)Ljava/lang/Class; name or signature does not match> (0x05206e68) thrown at [C:\re\workspace\8-2-build-windows-i586-cygwin\jdk8u111\7883\hotspot\src\share
Event: 0.024 Thread 0x0154bc00 Exception <a 'java/lang/NoSuchMethodError': Method sun.misc.Unsafe.prefetchRead(Ljava/lang/Object;J)V name or signature does not match> (0x05207138) thrown at [C:\re\workspace\8-2-build-windows-i586-cygwin\jdk8u111\7883\hotspot\src\share\vm\prims\jni.cpp,

Events (10 events):
Event: 16.108 Executing VM operation: GenCollectForAllocation
Event: 16.108 Executing VM operation: GenCollectForAllocation done
Event: 16.241 Executing VM operation: GenCollectForAllocation
Event: 16.241 Executing VM operation: GenCollectForAllocation done
Event: 16.373 Executing VM operation: GenCollectForAllocation
Event: 16.374 Executing VM operation: GenCollectForAllocation done
Event: 16.505 Executing VM operation: GenCollectForAllocation
Event: 16.505 Executing VM operation: GenCollectForAllocation done
Event: 16.638 Executing VM operation: GenCollectForAllocation
Event: 16.638 Executing VM operation: GenCollectForAllocation done


Dynamic libraries:
0x00be0000 - 0x00c13000 	C:\Program Files (x86)\Java\jre1.8.0_111\bin\javaw.exe
0x77460000 - 0x775e2000 	C:\WINDOWS\SYSTEM32\ntdll.dll
0x75dd0000 - 0x75eb0000 	C:\WINDOWS\System32\KERNEL32.DLL
0x76830000 - 0x769d1000 	C:\WINDOWS\System32\KERNELBASE.dll
0x75480000 - 0x754f7000 	C:\WINDOWS\System32\ADVAPI32.dll
0x76210000 - 0x762ce000 	C:\WINDOWS\System32\msvcrt.dll
0x76360000 - 0x763a1000 	C:\WINDOWS\System32\sechost.dll
0x76bc0000 - 0x76c81000 	C:\WINDOWS\System32\RPCRT4.dll
0x75300000 - 0x7531e000 	C:\WINDOWS\System32\SspiCli.dll
0x752f0000 - 0x752fa000 	C:\WINDOWS\System32\CRYPTBASE.dll
0x761b0000 - 0x7620a000 	C:\WINDOWS\System32\bcryptPrimitives.dll
0x756f0000 - 0x7584f000 	C:\WINDOWS\System32\USER32.dll
0x76340000 - 0x76355000 	C:\WINDOWS\System32\win32u.dll
0x76b90000 - 0x76bbb000 	C:\WINDOWS\System32\GDI32.dll
0x75320000 - 0x7547b000 	C:\WINDOWS\System32\gdi32full.dll
0x6c6b0000 - 0x6c8ba000 	C:\WINDOWS\WinSxS\x86_microsoft.windows.common-controls_6595b64144ccf1df_6.0.14393.447_none_89c64d28dafea4b9\COMCTL32.dll
0x76c90000 - 0x76ea1000 	C:\WINDOWS\System32\combase.dll
0x75eb0000 - 0x75f90000 	C:\WINDOWS\System32\ucrtbase.dll
0x76610000 - 0x76635000 	C:\WINDOWS\System32\IMM32.DLL
0x54880000 - 0x5493f000 	C:\Program Files (x86)\Java\jre1.8.0_111\bin\msvcr100.dll
0x77a40000 - 0x77e0d000 	C:\Program Files (x86)\Java\jre1.8.0_111\bin\client\jvm.dll
0x75dc0000 - 0x75dc6000 	C:\WINDOWS\System32\PSAPI.DLL
0x74a20000 - 0x74a44000 	C:\WINDOWS\SYSTEM32\WINMM.dll
0x74ca0000 - 0x74ca8000 	C:\WINDOWS\SYSTEM32\VERSION.dll
0x74630000 - 0x74638000 	C:\WINDOWS\SYSTEM32\WSOCK32.dll
0x762d0000 - 0x76333000 	C:\WINDOWS\System32\WS2_32.dll
0x74640000 - 0x74663000 	C:\WINDOWS\SYSTEM32\WINMMBASE.dll
0x763b0000 - 0x763e6000 	C:\WINDOWS\System32\cfgmgr32.dll
0x502a0000 - 0x502ac000 	C:\Program Files (x86)\Java\jre1.8.0_111\bin\verify.dll
0x50270000 - 0x50291000 	C:\Program Files (x86)\Java\jre1.8.0_111\bin\java.dll
0x50250000 - 0x50263000 	C:\Program Files (x86)\Java\jre1.8.0_111\bin\zip.dll
0x73150000 - 0x74529000 	C:\WINDOWS\System32\SHELL32.dll
0x75850000 - 0x75dbe000 	C:\WINDOWS\System32\windows.storage.dll
0x76160000 - 0x761a5000 	C:\WINDOWS\System32\powrprof.dll
0x75510000 - 0x75556000 	C:\WINDOWS\System32\shlwapi.dll
0x75f90000 - 0x75f9d000 	C:\WINDOWS\System32\kernel.appcore.dll
0x75660000 - 0x756e8000 	C:\WINDOWS\System32\shcore.dll
0x76b80000 - 0x76b8f000 	C:\WINDOWS\System32\profapi.dll
0x516f0000 - 0x51976000 	D:\GoogleDrive\cs545\project\ExampleBot2_5\ExampleBot\bwapi_bridge2_5.dll
0x51670000 - 0x516e1000 	C:\Program Files (x86)\Java\jre1.8.0_111\bin\MSVCP120.dll
0x51580000 - 0x5166e000 	C:\Program Files (x86)\Java\jre1.8.0_111\bin\MSVCR120.dll
0x6f540000 - 0x6f59e000 	D:\GoogleDrive\cs545\project\ExampleBot2_5\ExampleBot\libmpfr-4.dll
0x6acc0000 - 0x6ad27000 	D:\GoogleDrive\cs545\project\ExampleBot2_5\ExampleBot\libgmp-10.dll
0x74d60000 - 0x74ea5000 	C:\WINDOWS\SYSTEM32\dbghelp.dll

VM Arguments:
jvm_args: -Dfile.encoding=Cp1252 
java_command: project
java_class_path (initial): D:\GoogleDrive\cs545\project\ExampleBot2_5\ExampleBot\bin;D:\GoogleDrive\cs545\project\ExampleBot2_5\ExampleBot\lib\bwmirror_v2_5.jar
Launcher Type: SUN_STANDARD

Environment Variables:
PATH=C:/Program Files (x86)/Java/jre1.8.0_111/bin/client;C:/Program Files (x86)/Java/jre1.8.0_111/bin;C:/Program Files (x86)/Java/jre1.8.0_111/lib/i386;C:\ProgramData\Oracle\Java\javapath;C:\WINDOWS\system32;C:\WINDOWS;C:\WINDOWS\System32\Wbem;C:\WINDOWS\System32\WindowsPowerShell\v1.0\;C:\Program Files\Intel\WiFi\bin\;C:\Program Files\Common Files\Intel\WirelessCommon\;C:\Program Files\Anaconda3;C:\Program Files\Anaconda3\Scripts;C:\Program Files\Anaconda3\Library\bin;;C:\Users\lswxx\AppData\Local\Microsoft\WindowsApps;D:\eclipse-jee-neon-1a-win32\eclipse;
USERNAME=lswxx
OS=Windows_NT
PROCESSOR_IDENTIFIER=Intel64 Family 6 Model 78 Stepping 3, GenuineIntel



---------------  S Y S T E M  ---------------

OS: Windows 10.0 , 64 bit Build 14393 (10.0.14393.0)

CPU:total 4 (2 cores per cpu, 2 threads per core) family 6 model 78 stepping 3, cmov, cx8, fxsr, mmx, sse, sse2, sse3, ssse3, sse4.1, sse4.2, popcnt, avx, avx2, aes, clmul, erms, 3dnowpref, lzcnt, ht, tsc, tscinvbit, bmi1, bmi2, adx

Memory: 4k page, physical 8292256k(3603436k free), swap 9602976k(3331988k free)

vm_info: Java HotSpot(TM) Client VM (25.111-b14) for windows-x86 JRE (1.8.0_111-b14), built on Sep 22 2016 18:54:33 by "java_re" with MS VC++ 10.0 (VS2010)

time: Wed Dec 07 20:34:10 2016
elapsed time: 16 seconds (0d 0h 0m 16s)

